Log file open, 10/26/18 14:15:32
LogWindows: Failed to load 'aqProf.dll' (GetLastError=126)
LogWindows: File 'aqProf.dll' does not exist
LogWindows: Failed to load 'VSPerf140.dll' (GetLastError=126)
LogWindows: File 'VSPerf140.dll' does not exist
LogWindows: Failed to load 'VtuneApi.dll' (GetLastError=126)
LogWindows: File 'VtuneApi.dll' does not exist
LogWindows: Failed to load 'VtuneApi32e.dll' (GetLastError=126)
LogWindows: File 'VtuneApi32e.dll' does not exist
LogInit: Display: Running engine for game: MyProject4
LogPlatformFile: Not using cached read wrapper
LogTaskGraph: Started task graph with 5 named threads and 23 total threads with 3 sets of task threads.
LogStats: Stats thread started at 0.264654
LogD3D11RHI: Loaded GFSDK_Aftermath_Lib.x64.dll
LogICUInternationalization: Display: ICU TimeZone Detection - Raw Offset: +2:00, Platform Override: ''
LogPluginManager: Mounting plugin Paper2D
LogPluginManager: Mounting plugin AISupport
LogPluginManager: Mounting plugin LightPropagationVolume
LogPluginManager: Mounting plugin CLionSourceCodeAccess
LogPluginManager: Mounting plugin CodeLiteSourceCodeAccess
LogPluginManager: Mounting plugin GitSourceControl
LogPluginManager: Mounting plugin KDevelopSourceCodeAccess
LogPluginManager: Mounting plugin NullSourceCodeAccess
LogPluginManager: Mounting plugin PerforceSourceControl
LogPluginManager: Mounting plugin SubversionSourceControl
LogPluginManager: Mounting plugin UObjectPlugin
LogPluginManager: Mounting plugin VisualStudioCodeSourceCodeAccess
LogPluginManager: Mounting plugin VisualStudioSourceCodeAccess
LogPluginManager: Mounting plugin XCodeSourceCodeAccess
LogPluginManager: Mounting plugin AssetManagerEditor
LogPluginManager: Mounting plugin CryptoKeys
LogPluginManager: Mounting plugin DataValidation
LogPluginManager: Mounting plugin FacialAnimation
LogPluginManager: Mounting plugin GameplayTagsEditor
LogPluginManager: Mounting plugin MacGraphicsSwitching
LogPluginManager: Mounting plugin MeshEditor
LogPluginManager: Mounting plugin MobileLauncherProfileWizard
LogPluginManager: Mounting plugin PluginBrowser
LogPluginManager: Mounting plugin SpeedTreeImporter
LogPluginManager: Mounting plugin DatasmithContent
LogPluginManager: Mounting plugin AlembicImporter
LogPluginManager: Mounting plugin AppleImageUtils
LogPluginManager: Mounting plugin AppleVision
LogPluginManager: Mounting plugin BackChannel
LogPluginManager: Mounting plugin CharacterAI
LogPluginManager: Mounting plugin GeometryCache
LogPluginManager: Mounting plugin HTML5Networking
LogPluginManager: Mounting plugin ProxyLODPlugin
LogPluginManager: Mounting plugin MagicLeap
LogPluginManager: Mounting plugin MagicLeapEmulator
LogPluginManager: Mounting plugin MagicLeapMedia
LogPluginManager: Mounting plugin gameDNAinstaller
LogPluginManager: Mounting plugin UniversalMobileAds
LogPluginManager: Mounting plugin AndroidMedia
LogPluginManager: Mounting plugin AvfMedia
LogPluginManager: Mounting plugin ImgMedia
LogPluginManager: Mounting plugin LinearTimecode
LogPluginManager: Mounting plugin MediaCompositing
LogPluginManager: Mounting plugin MediaPlayerEditor
LogPluginManager: Mounting plugin WmfMedia
LogPluginManager: Mounting plugin TcpMessaging
LogPluginManager: Mounting plugin UdpMessaging
LogPluginManager: Mounting plugin ActorSequence
LogPluginManager: Mounting plugin LevelSequenceEditor
LogPluginManager: Mounting plugin MatineeToLevelSequence
LogPluginManager: Mounting plugin NetcodeUnitTest
LogPluginManager: Mounting plugin NUTUnrealEngine4
LogPluginManager: Mounting plugin OnlineSubsystemGooglePlay
LogPluginManager: Mounting plugin OnlineSubsystemIOS
LogPluginManager: Mounting plugin OnlineSubsystem
LogPluginManager: Mounting plugin OnlineSubsystemNull
LogPluginManager: Mounting plugin OnlineSubsystemUtils
LogPluginManager: Mounting plugin LauncherChunkInstaller
LogPluginManager: Mounting plugin AndroidDeviceProfileSelector
LogPluginManager: Mounting plugin AndroidMoviePlayer
LogPluginManager: Mounting plugin AndroidPermission
LogPluginManager: Mounting plugin AppleMoviePlayer
LogPluginManager: Mounting plugin ArchVisCharacter
LogPluginManager: Mounting plugin AudioCapture
LogPluginManager: Mounting plugin CableComponent
LogPluginManager: Mounting plugin CustomMeshComponent
LogPluginManager: Mounting plugin EditableMesh
LogPluginManager: Mounting plugin ExampleDeviceProfileSelector
LogPluginManager: Mounting plugin GoogleCloudMessaging
LogPluginManager: Mounting plugin ImmediatePhysics
LogPluginManager: Mounting plugin IOSDeviceProfileSelector
LogPluginManager: Mounting plugin LinuxDeviceProfileSelector
LogPluginManager: Mounting plugin LocationServicesBPLibrary
LogPluginManager: Mounting plugin MobilePatchingUtils
LogPluginManager: Mounting plugin OculusVR
LogPluginManager: Plugin shader directory ../../../Engine/Plugins/Runtime/Oculus/OculusVR/Shaders found
LogPluginManager: Mapping shader source directory ../../../Engine/Plugins/Runtime/Oculus/OculusVR/Shaders to virtual directory /Plugin/OculusVR
LogPluginManager: Mounting plugin PhysXVehicles
LogPluginManager: Mounting plugin ProceduralMeshComponent
LogPluginManager: Mounting plugin RuntimePhysXCooking
LogPluginManager: Mounting plugin SteamVR
LogPluginManager: Mounting plugin WindowsMoviePlayer
LogStreaming: Display: Took  0.074s to configure plugins.
LogInit: Using libcurl 7.55.1-DEV
LogInit:  - built for x86_64-pc-win32
LogInit:  - supports SSL with OpenSSL/1.0.2h
LogInit:  - supports HTTP deflate (compression) using libz 1.2.8
LogInit:  - other features:
LogInit:      CURL_VERSION_SSL
LogInit:      CURL_VERSION_LIBZ
LogInit:      CURL_VERSION_IPV6
LogInit:      CURL_VERSION_ASYNCHDNS
LogInit:      CURL_VERSION_LARGEFILE
LogInit:      CURL_VERSION_IDN
LogInit:  CurlRequestOptions (configurable via config and command line):
LogInit:  - bVerifyPeer = false  - Libcurl will NOT verify peer certificate
LogInit:  - bUseHttpProxy = false  - Libcurl will NOT use HTTP proxy
LogInit:  - bDontReuseConnections = false  - Libcurl will reuse connections
LogInit:  - CertBundlePath = nullptr  - Libcurl will use whatever was configured at build time.
LogInit:  - MaxHostConnections = 16  - Libcurl will limit the number of connections to a host
LogInit:  - LocalHostAddr = Default
LogInit:  - BufferSize = 65536
LogInit: WinSock: version 1.1 (2.2), MaxSocks=32767, MaxUdp=65467
LogInit: Build: ++UE4+Release-4.20-CL-4302132
LogInit: Engine Version: 4.20.2-4302132+++UE4+Release-4.20
LogInit: Compatible Engine Version: 4.20.0-4212847+++UE4+Release-4.20
LogInit: Net CL: 4212847
LogInit: OS: Windows 7 (Service Pack 1), CPU:         Intel(R) Core(TM) i7-3820 CPU @ 3.60GHz, GPU: NVIDIA GeForce GTX 1070
LogInit: Compiled (64-bit): Aug 21 2018 02:06:06
LogInit: Compiled with Visual C++: 19.13.26129.00
LogInit: Build Configuration: Development
LogInit: Branch Name: ++UE4+Release-4.20
LogInit: Command Line:  
LogInit: Base Directory: L:/Program Files/Epic Games/UE_4.20/Engine/Binaries/Win64/
LogInit: Installed Engine Build: 1
LogDevObjectVersion: Number of dev versions registered: 20
LogDevObjectVersion:   Dev-Blueprints (B0D832E4-1F89-4F0D-ACCF-7EB736FD4AA2): 10
LogDevObjectVersion:   Dev-Build (E1C64328-A22C-4D53-A36C-8E866417BD8C): 0
LogDevObjectVersion:   Dev-Core (375EC13C-06E4-48FB-B500-84F0262A717E): 2
LogDevObjectVersion:   Dev-Editor (E4B068ED-F494-42E9-A231-DA0B2E46BB41): 24
LogDevObjectVersion:   Dev-Framework (CFFC743F-43B0-4480-9391-14DF171D2073): 34
LogDevObjectVersion:   Dev-Mobile (B02B49B5-BB20-44E9-A304-32B752E40360): 2
LogDevObjectVersion:   Dev-Networking (A4E4105C-59A1-49B5-A7C5-40C4547EDFEE): 0
LogDevObjectVersion:   Dev-Online (39C831C9-5AE6-47DC-9A44-9C173E1C8E7C): 0
LogDevObjectVersion:   Dev-Physics (78F01B33-EBEA-4F98-B9B4-84EACCB95AA2): 0
LogDevObjectVersion:   Dev-Platform (6631380F-2D4D-43E0-8009-CF276956A95A): 0
LogDevObjectVersion:   Dev-Rendering (12F88B9F-8875-4AFC-A67C-D90C383ABD29): 26
LogDevObjectVersion:   Dev-Sequencer (7B5AE74C-D270-4C10-A958-57980B212A5A): 9
LogDevObjectVersion:   Dev-VR (D7296918-1DD6-4BDD-9DE2-64A83CC13884): 2
LogDevObjectVersion:   Dev-LoadTimes (C2A15278-BFE7-4AFE-6C17-90FF531DF755): 1
LogDevObjectVersion:   Private-Geometry (6EACA3D4-40EC-4CC1-B786-8BED09428FC5): 3
LogDevObjectVersion:   Dev-AnimPhys (29E575DD-E0A3-4627-9D10-D276232CDCEA): 17
LogDevObjectVersion:   Dev-ReflectionCapture (6B266CEC-1EC7-4B8F-A30B-E4D90942FC07): 1
LogDevObjectVersion:   Dev-Automation (0DF73D61-A23F-47EA-B727-89E90C41499A): 1
LogDevObjectVersion:   FortniteMain (601D1886-AC64-4F84-AA16-D3DE0DEAC7D6): 12
LogDevObjectVersion:   Dev-Enterprise (9DFFBCD6-494F-0158-E221-12823C92A888): 1
LogStreaming: Display: Took  0.001s to delete old logs.
LogInit: Presizing for max 8388607 objects, including 0 objects not considered by GC, pre-allocating 0 bytes for permanent pool.
LogInit: Object subsystem initialized
[2018.10.26-12.15.32:398][  0]LogInit: Selected Device Profile: [Windows]
[2018.10.26-12.15.32:398][  0]LogInit: Applying CVar settings loaded from the selected device profile: [Windows]
[2018.10.26-12.15.32:407][  0]LogHAL: Display: Platform has ~ 16 GB [17128501248 / 17179869184 / 16], which maps to Larger [LargestMinGB=32, LargerMinGB=12, DefaultMinGB=8, SmallerMinGB=6, SmallestMinGB=0)
[2018.10.26-12.15.32:407][  0]LogInit: Setting Device Profile CVar: [[r.Vulkan.UseRealUBs:1]]
[2018.10.26-12.15.32:407][  0]LogInit: Going up to parent DeviceProfile []
[2018.10.26-12.15.32:408][  0]LogInit: Computer: STEVEN-PC
[2018.10.26-12.15.32:408][  0]LogInit: User: Steven
[2018.10.26-12.15.32:408][  0]LogInit: CPU Page size=4096, Cores=4
[2018.10.26-12.15.32:408][  0]LogInit: High frequency timer resolution =3.515634 MHz
[2018.10.26-12.15.32:408][  0]LogMemory: Memory total: Physical=16.0GB (16GB approx)
[2018.10.26-12.15.32:408][  0]LogMemory: Platform Memory Stats for Windows
[2018.10.26-12.15.32:408][  0]LogMemory: Process Physical Memory: 101.69 MB used, 101.69 MB peak
[2018.10.26-12.15.32:408][  0]LogMemory: Process Virtual Memory: 93.30 MB used, 93.30 MB peak
[2018.10.26-12.15.32:408][  0]LogMemory: Physical Memory: 8049.56 MB used,  8285.45 MB free, 16335.01 MB total
[2018.10.26-12.15.32:408][  0]LogMemory: Virtual Memory: 482.19 MB used,  8285.45 MB free, 8388608.00 MB total
[2018.10.26-12.15.32:465][  0]LogInit: Using OS detected language (en-US).
[2018.10.26-12.15.32:465][  0]LogInit: Using OS detected locale (en-US).
[2018.10.26-12.15.32:466][  0]LogTextLocalizationManager: No specific localization for 'en-US' exists, so the 'en' localization will be used.
[2018.10.26-12.15.32:870][  0]LogStreaming: Display: Took  0.405s to InitEngineTextLocalization.
[2018.10.26-12.15.32:871][  0]LogWindows: Failed to load 'shcore.dll' (GetLastError=126)
[2018.10.26-12.15.32:871][  0]LogWindows: File 'shcore.dll' does not exist
[2018.10.26-12.15.32:871][  0]LogInit: Setting process to DPI aware
[2018.10.26-12.15.32:947][  0]LogSlate: New Slate User Created.  User Index 0, Is Virtual User: 0
[2018.10.26-12.15.32:947][  0]LogSlate: Slate User Registered.  User Index 0, Is Virtual User: 0
[2018.10.26-12.15.33:227][  0]LogHMD: Failed to initialize OpenVR with code 105
[2018.10.26-12.15.33:227][  0]LogD3D11RHI: D3D11 adapters:
[2018.10.26-12.15.33:266][  0]LogD3D11RHI:    0. 'NVIDIA GeForce GTX 1070' (Feature Level 11_0)
[2018.10.26-12.15.33:266][  0]LogD3D11RHI:       8077/0/7911 MB DedicatedVideo/DedicatedSystem/SharedSystem, Outputs:2, VendorId:0x10de
[2018.10.26-12.15.33:266][  0]LogD3D11RHI: Chosen D3D11 Adapter: 0
[2018.10.26-12.15.33:275][  0]LogD3D11RHI: Creating new Direct3DDevice
[2018.10.26-12.15.33:275][  0]LogD3D11RHI:     GPU DeviceId: 0x1b81 (for the marketing name, search the web for "GPU Device Id")
[2018.10.26-12.15.33:275][  0]LogWindows: EnumDisplayDevices:
[2018.10.26-12.15.33:275][  0]LogWindows:    0. 'NVIDIA GeForce GTX 1070' (P:1 D:1)
[2018.10.26-12.15.33:276][  0]LogWindows:    1. 'NVIDIA GeForce GTX 1070' (P:0 D:1)
[2018.10.26-12.15.33:276][  0]LogWindows:    2. 'NVIDIA GeForce GTX 1070' (P:0 D:0)
[2018.10.26-12.15.33:276][  0]LogWindows:    3. 'NVIDIA GeForce GTX 1070' (P:0 D:0)
[2018.10.26-12.15.33:276][  0]LogWindows:    4. 'RDPDD Chained DD' (P:0 D:0)
[2018.10.26-12.15.33:276][  0]LogWindows:    5. 'RDP Encoder Mirror Driver' (P:0 D:0)
[2018.10.26-12.15.33:276][  0]LogWindows:    6. 'RDP Reflector Display Driver' (P:0 D:0)
[2018.10.26-12.15.33:276][  0]LogWindows: DebugString: GetVideoDriverDetailsInvalid PrimaryIsNotTheChoosenAdapter GetVideoDriverDetailsInvalid PrimaryIsNotTheChoosenAdapter GetVideoDriverDetailsInvalid PrimaryIsNotTheChoosenAdapter FoundDriverCount:4 
[2018.10.26-12.15.33:276][  0]LogD3D11RHI:     Adapter Name: NVIDIA GeForce GTX 1070
[2018.10.26-12.15.33:276][  0]LogD3D11RHI:   Driver Version: 390.77 (internal:23.21.13.9077, unified:390.77)
[2018.10.26-12.15.33:277][  0]LogD3D11RHI:      Driver Date: 1-23-2018
[2018.10.26-12.15.33:277][  0]LogRHI: Texture pool is 5654 MB (70% of 8077 MB)
[2018.10.26-12.15.33:294][  0]LogD3D11RHI: Async texture creation enabled
[2018.10.26-12.15.33:316][  0]LogD3D11RHI: GPU Timing Frequency: 1000.000000 (Debug: 2 2)
[2018.10.26-12.15.33:319][  0]LogShaderCompilers: Guid format shader working directory is 3 characters bigger than the processId version (../../../../../../coded projects/KnifeThingy/Intermediate/Shaders/WorkingDirectory/2832/).
[2018.10.26-12.15.33:319][  0]LogShaderCompilers: Cleaned the shader compiler working directory 'C:/Users/Steven/AppData/Local/Temp/UnrealShaderWorkingDir/9684FDD1455C06E474F56291F2B715BA/'.
[2018.10.26-12.15.33:643][  0]LogTemp: Display: Loaded TP AllDesktopTargetPlatform
[2018.10.26-12.15.33:814][  0]LogTemp: Display: Loaded TP MacClientTargetPlatform
[2018.10.26-12.15.33:831][  0]LogTemp: Display: Loaded TP MacNoEditorTargetPlatform
[2018.10.26-12.15.33:847][  0]LogTemp: Display: Loaded TP MacServerTargetPlatform
[2018.10.26-12.15.33:865][  0]LogTemp: Display: Loaded TP MacTargetPlatform
[2018.10.26-12.15.33:882][  0]LogTemp: Display: Loaded TP WindowsClientTargetPlatform
[2018.10.26-12.15.33:899][  0]LogTemp: Display: Loaded TP WindowsNoEditorTargetPlatform
[2018.10.26-12.15.33:917][  0]LogTemp: Display: Loaded TP WindowsServerTargetPlatform
[2018.10.26-12.15.33:925][  0]LogTemp: Display: Loaded TP WindowsTargetPlatform
[2018.10.26-12.15.34:026][  0]LogTemp: Display: Loaded TP AndroidTargetPlatform
[2018.10.26-12.15.34:026][  0]LogTemp: Display: Loaded TP AndroidTargetPlatform
[2018.10.26-12.15.34:026][  0]LogTemp: Display: Loaded TP AndroidTargetPlatform
[2018.10.26-12.15.34:026][  0]LogTemp: Display: Loaded TP AndroidTargetPlatform
[2018.10.26-12.15.34:026][  0]LogTemp: Display: Loaded TP AndroidTargetPlatform
[2018.10.26-12.15.34:026][  0]LogTemp: Display: Loaded TP AndroidTargetPlatform
[2018.10.26-12.15.34:026][  0]LogTemp: Display: Loaded TP AndroidTargetPlatform
[2018.10.26-12.15.34:026][  0]LogTemp: Display: Loaded TP AndroidTargetPlatform
[2018.10.26-12.15.34:026][  0]LogTemp: Display: Loaded TP AndroidTargetPlatform
[2018.10.26-12.15.34:026][  0]LogTemp: Display: Loaded TP AndroidTargetPlatform
[2018.10.26-12.15.34:026][  0]LogTemp: Display: Loaded TP AndroidTargetPlatform
[2018.10.26-12.15.34:026][  0]LogTemp: Display: Loaded TP AndroidTargetPlatform
[2018.10.26-12.15.34:026][  0]LogTemp: Display: Loaded TP AndroidTargetPlatform
[2018.10.26-12.15.34:026][  0]LogTemp: Display: Loaded TP AndroidTargetPlatform
[2018.10.26-12.15.34:026][  0]LogTemp: Display: Loaded TP AndroidTargetPlatform
[2018.10.26-12.15.34:026][  0]LogTemp: Display: Loaded TP AndroidTargetPlatform
[2018.10.26-12.15.34:026][  0]LogTemp: Display: Loaded TP AndroidTargetPlatform
[2018.10.26-12.15.34:026][  0]LogTemp: Display: Loaded TP AndroidTargetPlatform
[2018.10.26-12.15.34:027][  0]LogTemp: Display: Loaded TP HTML5TargetPlatform
[2018.10.26-12.15.34:104][  0]LogTemp: Display: Loaded TP IOSTargetPlatform
[2018.10.26-12.15.34:104][  0]LogTemp: Display: Loaded TP IOSTargetPlatform
[2018.10.26-12.15.34:135][  0]LogTemp: Display: Loaded TP TVOSTargetPlatform
[2018.10.26-12.15.34:135][  0]LogTemp: Display: Loaded TP TVOSTargetPlatform
[2018.10.26-12.15.34:152][  0]LogTemp: Display: Loaded TP LinuxClientTargetPlatform
[2018.10.26-12.15.34:169][  0]LogTemp: Display: Loaded TP LinuxNoEditorTargetPlatform
[2018.10.26-12.15.34:185][  0]LogTemp: Display: Loaded TP LinuxServerTargetPlatform
[2018.10.26-12.15.34:201][  0]LogTemp: Display: Loaded TP LinuxTargetPlatform
[2018.10.26-12.15.34:211][  0]LogTemp: Display: Loaded TP LuminTargetPlatform
[2018.10.26-12.15.34:211][  0]LogTargetPlatformManager: Display: Building Assets For Windows
[2018.10.26-12.15.34:368][  0]LogShaderCompilers: Display: Using XGE Shader Compiler (Interception Interface).
[2018.10.26-12.15.35:303][  0]LogDerivedDataCache: Display: Max Cache Size: 512 MB
[2018.10.26-12.15.35:366][  0]LogDerivedDataCache: Loaded boot cache 0.06s 71MB C:/Users/Steven/AppData/Local/UnrealEngine/4.20/DerivedDataCache/Boot.ddc.
[2018.10.26-12.15.35:367][  0]LogDerivedDataCache: Display: Loaded Boot cache: C:/Users/Steven/AppData/Local/UnrealEngine/4.20/DerivedDataCache/Boot.ddc
[2018.10.26-12.15.35:367][  0]LogDerivedDataCache: FDerivedDataBackendGraph:  Pak pak cache file ../../../../../../coded projects/KnifeThingy/DerivedDataCache/DDC.ddp not found, will not use a pak cache.
[2018.10.26-12.15.35:367][  0]LogDerivedDataCache: Unable to find inner node Pak for hierarchical cache Hierarchy.
[2018.10.26-12.15.35:367][  0]LogDerivedDataCache: FDerivedDataBackendGraph:  CompressedPak pak cache file ../../../../../../coded projects/KnifeThingy/DerivedDataCache/Compressed.ddp not found, will not use a pak cache.
[2018.10.26-12.15.35:367][  0]LogDerivedDataCache: Unable to find inner node CompressedPak for hierarchical cache Hierarchy.
[2018.10.26-12.15.35:381][  0]LogDerivedDataCache: Display: Pak cache opened for reading ../../../Engine/DerivedDataCache/Compressed.ddp.
[2018.10.26-12.15.35:393][  0]LogDerivedDataCache: Using Local data cache path C:/Users/Steven/AppData/Local/UnrealEngine/Common/DerivedDataCache: Writable
[2018.10.26-12.15.35:393][  0]LogDerivedDataCache: Shared data cache path not found in *engine.ini, will not use an Shared cache.
[2018.10.26-12.15.35:393][  0]LogDerivedDataCache: Unable to find inner node Shared for hierarchical cache Hierarchy.
[2018.10.26-12.15.35:412][  0]LogMaterial: Verifying Global Shaders for PCD3D_SM5
[2018.10.26-12.15.35:414][  0]LogSlate: Using FreeType 2.6.0
[2018.10.26-12.15.35:414][  0]LogSlate: SlateFontServices - WITH_FREETYPE: 1, WITH_HARFBUZZ: 1
[2018.10.26-12.15.35:495][  0]LogAssetRegistry: FAssetRegistry took 0.0258 seconds to start up
[2018.10.26-12.15.35:947][  0]LogInit: Selected Device Profile: [Windows]
[2018.10.26-12.15.36:113][  0]LogSimplygon: Simplygon DLL not present - disabling.
[2018.10.26-12.15.36:115][  0]LogMeshReduction: Using SimplygonSwarm for distributed automatic mesh merging
[2018.10.26-12.15.36:115][  0]LogMeshReduction: Using ProxyLODMeshReduction for automatic mesh merging
[2018.10.26-12.15.36:115][  0]LogMeshReduction: Using QuadricMeshReduction for automatic static mesh reduction
[2018.10.26-12.15.36:115][  0]LogMeshReduction: No automatic skeletal mesh reduction module available
[2018.10.26-12.15.36:144][  0]LogNetVersion: MyProject4 1.0.0, NetCL: 4212847, EngineNetVer: 5, GameNetVer: 0 (Checksum: 3245095822)
[2018.10.26-12.15.36:692][  0]LogPackageLocalizationCache: Processed 11 localized package path(s) for 2 prioritized culture(s) in 0.081231 seconds
[2018.10.26-12.15.36:698][  0]LogUObjectArray: 38425 objects as part of root set at end of initial load.
[2018.10.26-12.15.36:698][  0]LogUObjectAllocator: 6690864 out of 0 bytes used by permanent object pool.
[2018.10.26-12.15.36:698][  0]LogUObjectArray: CloseDisregardForGC: 0/0 objects in disregard for GC pool
[2018.10.26-12.15.38:028][  0]LogTcpMessaging: Initializing TcpMessaging bridge
[2018.10.26-12.15.38:061][  0]LogUdpMessaging: Initializing bridge on interface 0.0.0.0:0 to multicast group 230.0.0.1:6666.
[2018.10.26-12.15.39:780][  0]SourceControl: Source control is disabled
[2018.10.26-12.15.39:780][  0]SourceControl: Source control is disabled
[2018.10.26-12.15.39:870][  0]SourceControl: Source control is disabled
[2018.10.26-12.15.39:899][  0]SourceControl: Source control is disabled
[2018.10.26-12.15.41:000][  0]LogGameDNAinstaller: Display: gameDNA installer module started
[2018.10.26-12.15.42:192][  0]LogConfig: Warning: Failed to saved backup for config[UnitTest]
[2018.10.26-12.15.42:228][  0]LogAndroidPermission: UAndroidPermissionCallbackProxy::GetInstance
[2018.10.26-12.15.42:560][  0]LogOcInput: OculusInput pre-init called
[2018.10.26-12.15.42:999][  0]LogEngine: Initializing Engine...
[2018.10.26-12.15.43:002][  0]LogHMD: Failed to initialize OpenVR with code 105
[2018.10.26-12.15.43:004][  0]LogStats: UGameplayTagsManager::ConstructGameplayTagTree: ImportINI prefixes -  0.000 s
[2018.10.26-12.15.43:004][  0]LogStats: UGameplayTagsManager::ConstructGameplayTagTree: Construct from data asset -  0.000 s
[2018.10.26-12.15.43:004][  0]LogStats: UGameplayTagsManager::ConstructGameplayTagTree: ImportINI -  0.000 s
[2018.10.26-12.15.43:004][  0]LogStats: UGameplayTagsManager::ConstructGameplayTagTree: GameplayTagTreeChangedEvent.Broadcast -  0.000 s
[2018.10.26-12.15.44:056][  0]LogInit: Initializing FReadOnlyCVARCache
[2018.10.26-12.15.44:128][  0]LogAIModule: Creating AISystem for world Untitled
[2018.10.26-12.15.44:163][  0]LogInit: XAudio2 using 'Speakers (Sennheiser Main Audio)' : 6 channels at 48 kHz using 16 bits per sample (channel mask 0x3f)
[2018.10.26-12.15.44:169][  0]LogInit: FAudioDevice initialized.
[2018.10.26-12.15.44:170][  0]LogNetVersion: Set ProjectVersion to 1.0.0.0. Version Checksum will be recalculated on next use.
[2018.10.26-12.15.44:173][  0]LogDerivedDataCache: Error: Could not save memory cache C:/Users/Steven/AppData/Local/UnrealEngine/4.20/DerivedDataCache/Boot.ddc.
[2018.10.26-12.15.44:173][  0]LogInit: Texture streaming: Enabled
[2018.10.26-12.15.44:268][  0]LogEngineSessionManager: EngineSessionManager initialized
[2018.10.26-12.15.44:348][  0]LogInit: Transaction tracking system initialized
[2018.10.26-12.15.44:513][  0]BlueprintLog: New page: Editor Load
[2018.10.26-12.15.45:226][  0]LocalizationService: Localization service is disabled
[2018.10.26-12.15.48:582][  0]LogCook: Display: Max memory allowance for cook 16384mb min free memory 0mb
[2018.10.26-12.15.48:582][  0]LogCook: Display: Mobile HDR setting 0
[2018.10.26-12.15.48:582][  0]LogGameplayTags: Display: UGameplayTagsManager::DoneAddingNativeTags. DelegateIsBound: 0
[2018.10.26-12.15.48:583][  0]LogStats: UGameplayTagsManager::ConstructGameplayTagTree: ImportINI prefixes -  0.000 s
[2018.10.26-12.15.48:583][  0]LogStats: UGameplayTagsManager::ConstructGameplayTagTree: Construct from data asset -  0.000 s
[2018.10.26-12.15.48:583][  0]LogStats: UGameplayTagsManager::ConstructGameplayTagTree: ImportINI -  0.000 s
[2018.10.26-12.15.48:583][  0]LogStats: UGameplayTagsManager::ConstructGameplayTagTree: GameplayTagTreeChangedEvent.Broadcast -  0.000 s
[2018.10.26-12.15.49:751][  0]LogFileCache: Scanning file cache for directory 'L:/coded projects/KnifeThingy/Content/' took 0.04s
[2018.10.26-12.15.53:256][  0]SourceControl: Source control is disabled
[2018.10.26-12.15.53:256][  0]Cmd: MAP LOAD FILE="../../../../../../coded projects/KnifeThingy/Content/MAIN.umap" TEMPLATE=0 SHOWPROGRESS=1 FEATURELEVEL=3
[2018.10.26-12.15.53:296][  0]LightingResults: New page: Lighting Build
[2018.10.26-12.15.53:364][  0]MapCheck: New page: Map Check
[2018.10.26-12.15.53:364][  0]LightingResults: New page: Lighting Build
[2018.10.26-12.15.58:623][  0]LogAIModule: Creating AISystem for world MAIN
[2018.10.26-12.15.58:624][  0]LogEditorServer: Finished looking for orphan Actors (0.000 secs)
[2018.10.26-12.15.58:672][  0]Cmd: MAP CHECKDEP NOCLEARLOG
[2018.10.26-12.15.58:735][  0]MapCheck: Map check complete: 0 Error(s), 0 Warning(s), took 62.714ms to complete.
[2018.10.26-12.15.58:735][  0]LogFileHelpers: Loading map 'MAIN' took 5.478
[2018.10.26-12.15.58:997][  0]LogSlate: Updating window title bar state: overlay mode, drag disabled, window buttons hidden, title bar hidden
[2018.10.26-12.15.59:007][  0]LogSlate: Updating window title bar state: overlay mode, drag disabled, window buttons hidden, title bar hidden
[2018.10.26-12.15.59:016][  0]LogSlate: Updating window title bar state: overlay mode, drag disabled, window buttons hidden, title bar hidden
[2018.10.26-12.15.59:025][  0]LogSlate: Updating window title bar state: overlay mode, drag disabled, window buttons hidden, title bar hidden
[2018.10.26-12.16.01:477][  0]LogSlate: Only BGRA pngs, bmps or icos are supported in by External Image Picker
[2018.10.26-12.16.01:967][  0]LogTemp: Executing iPhonePackager certificates Engine -bundlename com.YourCompany.MyProject4
[2018.10.26-12.16.01:967][  0]LogTemp: CWD: L:\Program Files\Epic Games\UE_4.20\Engine\Binaries\DotNET\IOS
[2018.10.26-12.16.01:967][  0]LogTemp: Initial Dir: L:\Program Files\Epic Games\UE_4.20
[2018.10.26-12.16.01:967][  0]LogTemp: Env CWD: L:\Program Files\Epic Games\UE_4.20\Engine\Binaries\DotNET\IOS
[2018.10.26-12.16.01:967][  0]LogTemp: BranchPath = STEVEN-PC/L/Program Files/Epic Games/UE_4.20/Engine/Binaries --- GameBranchPath = STEVEN-PC/L/Program Files/Epic Games/UE_4.20/Engine/Binaries
[2018.10.26-12.16.01:967][  0]LogTemp: IPP ERROR: Could not find provision directory 'C:\Users\Steven\AppData\Local/Apple Computer/MobileDevice/Provisioning Profiles/'.
[2018.10.26-12.16.01:967][  0]LogCollectionManager: Loaded 0 collections in 0.001187 seconds
[2018.10.26-12.16.02:023][  0]LogFileCache: Scanning file cache for directory 'L:/coded projects/KnifeThingy/Saved/Collections/' took 0.01s
[2018.10.26-12.16.02:023][  0]LogFileCache: Scanning file cache for directory 'L:/coded projects/KnifeThingy/Content/Developers/Steven/Collections/' took 0.01s
[2018.10.26-12.16.02:023][  0]LogFileCache: Scanning file cache for directory 'L:/coded projects/KnifeThingy/Content/Collections/' took 0.01s
[2018.10.26-12.16.02:023][  0]LogCollectionManager: Rebuilt the GUID cache for 0 collections in 0.000001 seconds
[2018.10.26-12.16.02:041][  0]LogContentBrowser: Native class hierarchy populated in 0.0176 seconds. Added 2577 classes and 611 folders.
[2018.10.26-12.16.02:074][  0]LogContentBrowser: Native class hierarchy updated for 'WidgetCarousel' in 0.0004 seconds. Added 0 classes and 0 folders.
[2018.10.26-12.16.03:605][  0]LogContentBrowser: Native class hierarchy updated for 'AddContentDialog' in 0.0002 seconds. Added 0 classes and 0 folders.
[2018.10.26-12.16.03:606][  0]LogDirectoryWatcher: Warning: Failed to begin reading directory changes for ../../../../../../coded projects/KnifeThingy/Plugins/. Error: The system cannot find the file specified. (0x00000002)
[2018.10.26-12.16.03:612][  0]LogSlate: Took 0.000236 seconds to synchronously load lazily loaded font '../../../Engine/Content/Slate/Fonts/Roboto-Regular.ttf' (155K)
[2018.10.26-12.16.03:614][  0]LogSlate: Took 0.000143 seconds to synchronously load lazily loaded font '../../../Engine/Content/Slate/Fonts/Roboto-Bold.ttf' (160K)
[2018.10.26-12.16.03:779][  0]LogRenderer: Reallocating scene render targets to support 1616x1284 Format 10 NumSamples 1 (Frame:1).
[2018.10.26-12.16.04:239][  0]LogContentBrowser: Native class hierarchy updated for 'HierarchicalLODOutliner' in 0.0004 seconds. Added 0 classes and 0 folders.
[2018.10.26-12.16.04:239][  0]LogLoad: (Engine Initialization) Total time: 33.64 seconds
[2018.10.26-12.16.04:239][  0]LogLoad: (Engine Initialization) Total Blueprint compile time: 0.00 seconds
[2018.10.26-12.16.04:286][  0]LogContentStreaming: Texture pool size now 1000 MB
[2018.10.26-12.16.04:352][  1]LogFileCache: Retrieving MD5 hashes for directory 'L:/coded projects/KnifeThingy/Content/' took 0.09s
[2018.10.26-12.16.04:371][  1]LogAssetRegistry: Asset discovery search completed in 28.8967 seconds
[2018.10.26-12.16.04:374][  1]LogCollectionManager: Rebuilt the object cache for 0 collections in 0.000001 seconds (found 0 objects)
[2018.10.26-12.16.04:374][  1]LogCollectionManager: Fixed up redirectors for 0 collections in 0.000076 seconds (updated 0 objects)
[2018.10.26-12.16.05:349][ 95]LogSlate: Took 0.045314 seconds to synchronously load lazily loaded font '../../../Engine/Content/Slate/Fonts/Roboto-Light.ttf' (167K)
[2018.10.26-12.19.43:531][131]LogSlate: FSceneViewport::OnFocusLost() reason 0
[2018.10.26-12.19.43:671][140]LogAssetEditorManager: Opening Asset editor for WidgetBlueprint /Game/Cartoony_UI_Anims/UI/UI_MainMenu.UI_MainMenu
[2018.10.26-12.19.45:334][140]LogContentBrowser: Native class hierarchy updated for 'BlueprintGraph' in 0.0016 seconds. Added 116 classes and 0 folders.
[2018.10.26-12.19.46:721][140]LogAssetEditorManager: Opening Asset editor for Blueprint /Game/BP_Wheel.BP_Wheel
[2018.10.26-12.19.47:205][140]LogAssetEditorManager: Opening Asset editor for Blueprint /Game/BP_GameMode.BP_GameMode
[2018.10.26-12.19.47:596][140]LogAssetEditorManager: Opening Asset editor for WidgetBlueprint /Game/UI_HUD.UI_HUD
[2018.10.26-12.19.48:005][140]LogLinker: Warning: Can't resolve asset name
[2018.10.26-12.19.48:072][140]LogSlate: Took 0.017545 seconds to synchronously load lazily loaded font '../../../Engine/Content/Editor/Slate/Fonts/FontAwesome.ttf' (139K)
[2018.10.26-12.19.48:083][140]LogSlate: Took 0.008945 seconds to synchronously load lazily loaded font '../../../Engine/Content/Slate/Fonts/Roboto-BoldCondensed.ttf' (158K)
[2018.10.26-12.19.48:584][141]LogRenderer: Reallocating scene render targets to support 1732x1284 Format 10 NumSamples 1 (Frame:1).
[2018.10.26-12.19.48:592][141]LogSlate: Took 0.000240 seconds to synchronously load lazily loaded font '../../../Engine/Content/Slate/Fonts/Roboto-Italic.ttf' (157K)
[2018.10.26-12.22.15:063][423]LogSlate: Window 'UI_MainMenu' being destroyed
[2018.10.26-12.23.09:373][  1]BlueprintLog: New page: Compile BP_Wheel
[2018.10.26-12.23.36:599][318]LogAIModule: Creating AISystem for world NewMap
[2018.10.26-12.23.36:611][318]LogAssetEditorManager: Opening Asset editor for World /Game/NewMap.NewMap
[2018.10.26-12.23.42:788][318]LogSlate: Window 'Save Content' being destroyed
[2018.10.26-12.23.42:804][318]Cmd: OBJ SAVEPACKAGE PACKAGE="/Game/BP_Wheel" FILE="../../../../../../coded projects/KnifeThingy/Content/BP_Wheel.uasset" SILENT=true
[2018.10.26-12.23.42:922][318]LogSavePackage: Moving '../../../../../../coded projects/KnifeThingy/Saved/BP_WheelEB5B299E49C981E04382C3870BF27DD9.tmp' to '../../../../../../coded projects/KnifeThingy/Content/BP_Wheel.uasset'
[2018.10.26-12.23.42:924][318]Cmd: OBJ SAVEPACKAGE PACKAGE="/Game/UI_HUD" FILE="../../../../../../coded projects/KnifeThingy/Content/UI_HUD.uasset" SILENT=true
[2018.10.26-12.23.42:983][318]LogSavePackage: Moving '../../../../../../coded projects/KnifeThingy/Saved/UI_HUD61AEEBB8484C5F35813B98AE8BD33960.tmp' to '../../../../../../coded projects/KnifeThingy/Content/UI_HUD.uasset'
[2018.10.26-12.23.42:986][318]Cmd: MAP LOAD FILE="../../../../../../coded projects/KnifeThingy/Content/NewMap.umap" TEMPLATE=0 SHOWPROGRESS=1 FEATURELEVEL=3
[2018.10.26-12.23.42:986][318]LightingResults: New page: Lighting Build
[2018.10.26-12.23.42:986][318]LoadErrors: New page: Loading map: NewMap.umap
[2018.10.26-12.23.42:987][318]MapCheck: New page: Map Check
[2018.10.26-12.23.42:987][318]LightingResults: New page: Lighting Build
[2018.10.26-12.23.43:117][318]LogEditorServer: Finished looking for orphan Actors (0.000 secs)
[2018.10.26-12.23.43:165][318]Cmd: MAP CHECKDEP NOCLEARLOG
[2018.10.26-12.23.43:236][318]MapCheck: Map check complete: 0 Error(s), 0 Warning(s), took 70.605ms to complete.
[2018.10.26-12.23.43:239][318]LogFileHelpers: Loading map 'NewMap' took 0.253
[2018.10.26-12.23.47:232][723]LogTemp: Repeating last play command: New Editor Window (PIE)
[2018.10.26-12.23.47:269][723]LogBlueprintUserMessages: Early PlayInEditor Detection: Level '/Game/NewMap.NewMap:PersistentLevel' has LevelScriptBlueprint '/Game/NewMap.NewMap:PersistentLevel.NewMap' with GeneratedClass '/Game/NewMap.NewMap_C' with ClassGeneratedBy '/Game/NewMap.NewMap:PersistentLevel.NewMap'
[2018.10.26-12.23.47:269][723]LogPlayLevel: PlayLevel: No blueprints needed recompiling
[2018.10.26-12.23.47:280][723]PIE: New page: PIE session: NewMap (Oct 26, 2018, 4:23:47 PM)
[2018.10.26-12.23.47:280][723]LogPlayLevel: Creating play world package: /Game/UEDPIE_0_NewMap
[2018.10.26-12.23.47:285][723]LogPlayLevel: PIE: StaticDuplicateObject took: (0.004887s)
[2018.10.26-12.23.47:286][723]LogAIModule: Creating AISystem for world NewMap
[2018.10.26-12.23.47:286][723]LogPlayLevel: PIE: World Init took: (0.000679s)
[2018.10.26-12.23.47:286][723]LogPlayLevel: PIE: Created PIE world by copying editor world from /Game/NewMap.NewMap to /Game/UEDPIE_0_NewMap.NewMap (0.005737s)
[2018.10.26-12.23.47:336][723]LogInit: XAudio2 using 'Speakers (Sennheiser Main Audio)' : 6 channels at 48 kHz using 16 bits per sample (channel mask 0x3f)
[2018.10.26-12.23.47:341][723]LogInit: FAudioDevice initialized.
[2018.10.26-12.23.47:352][723]LogSlate: Updating window title bar state: overlay mode, drag disabled, window buttons hidden, title bar hidden
[2018.10.26-12.23.47:418][723]LogLoad: Game class is 'BP_GameMode_C'
[2018.10.26-12.23.47:419][723]LogWorld: Bringing World /Game/UEDPIE_0_NewMap.NewMap up for play (max tick rate 0) at 2018.10.26-14.23.47
[2018.10.26-12.23.47:419][723]LogWorld: Bringing up level for play took: 0.001204
[2018.10.26-12.23.47:457][723]LogContentBrowser: Native class hierarchy updated for 'MovieSceneCapture' in 0.0003 seconds. Added 10 classes and 0 folders.
[2018.10.26-12.23.47:458][723]LogScript: Warning: Accessed None trying to read property GameModeRef
	BP_Wheel_C /Game/UEDPIE_0_NewMap.NewMap:PersistentLevel.BP_Wheel_2
	Function /Game/BP_Wheel.BP_Wheel_C:ExecuteUbergraph_BP_Wheel:0CFF
[2018.10.26-12.23.47:458][723]PIE: Error: Blueprint Runtime Error: "Accessed None trying to read property GameModeRef". Blueprint:  BP_Wheel Function:  Execute Ubergraph BP Wheel Graph:  EventGraph Node:  Set canspawnwheel
[2018.10.26-12.23.47:458][723]LogScript: Warning: Accessed None trying to read property GameModeRef
	BP_Wheel_C /Game/UEDPIE_0_NewMap.NewMap:PersistentLevel.BP_Wheel_2
	Function /Game/BP_Wheel.BP_Wheel_C:ExecuteUbergraph_BP_Wheel:0246
[2018.10.26-12.23.47:458][723]PIE: Error: Blueprint Runtime Error: "Accessed None trying to read property GameModeRef". Blueprint:  BP_Wheel Function:  Execute Ubergraph BP Wheel Graph:  EventGraph Node:  Set colortohit
[2018.10.26-12.23.47:458][723]LogScript: Warning: Accessed None
	BP_Wheel_C /Game/UEDPIE_0_NewMap.NewMap:PersistentLevel.BP_Wheel_2
	Function /Game/BP_Wheel.BP_Wheel_C:ExecuteUbergraph_BP_Wheel:025B
[2018.10.26-12.23.47:458][723]PIE: Error: Blueprint Runtime Error: "Accessed None". Blueprint:  BP_Wheel Function:  Execute Ubergraph BP Wheel Graph:  EventGraph Node:  Set colortohit
[2018.10.26-12.23.47:458][723]LogScript: Warning: Accessed None attempting to assign variable on an object
	BP_Wheel_C /Game/UEDPIE_0_NewMap.NewMap:PersistentLevel.BP_Wheel_2
	Function /Game/BP_Wheel.BP_Wheel_C:ExecuteUbergraph_BP_Wheel:0270
[2018.10.26-12.23.47:459][723]PIE: Error: Blueprint Runtime Error: "Accessed None attempting to assign variable on an object". Blueprint:  BP_Wheel Function:  Execute Ubergraph BP Wheel Graph:  EventGraph Node:  Set colortohit
[2018.10.26-12.23.47:460][723]LogBlueprintDebug: Warning: Hit breakpoint on node 'K2Node_Event', from offset 0
[2018.10.26-12.23.47:460][723]LogBlueprintDebug: 
Script call stack:
	Function /Game/UI_HUD.UI_HUD_C:Construct

[2018.10.26-12.23.47:518][723]LogScriptCore: Warning: Cannot call UnrealScript (HUD /Game/UEDPIE_0_NewMap.NewMap:PersistentLevel.HUD_0 - Function /Script/Engine.HUD:ReceiveDrawHUD) while stopped at a breakpoint.
[2018.10.26-12.24.10:203][723]LogAssetEditorManager: Opening Asset editor for LevelScriptBlueprint /Game/NewMap.NewMap:PersistentLevel.NewMap
[2018.10.26-12.24.10:534][723]LogScriptCore: Warning: Cannot call UnrealScript (BrushBinding /Engine/Transient.UnrealEdEngine_0:GameInstance_0.UI_HUD_C_0.WidgetTree_0.color.BrushBinding_0 - Function /Script/UMG.BrushBinding:GetValue) while stopped at a breakpoint.
[2018.10.26-12.24.10:537][723]LogScriptCore: Warning: Cannot call UnrealScript (BrushBinding /Engine/Transient.UnrealEdEngine_0:GameInstance_0.UI_HUD_C_0.WidgetTree_0.color.BrushBinding_0 - Function /Script/UMG.BrushBinding:GetValue) while stopped at a breakpoint.
[2018.10.26-12.24.23:138][723]LogScriptCore: Warning: Cannot call UnrealScript (BrushBinding /Engine/Transient.UnrealEdEngine_0:GameInstance_0.UI_HUD_C_0.WidgetTree_0.color.BrushBinding_0 - Function /Script/UMG.BrushBinding:GetValue) while stopped at a breakpoint.
[2018.10.26-12.24.23:141][723]LogScriptCore: Warning: Cannot call UnrealScript (BrushBinding /Engine/Transient.UnrealEdEngine_0:GameInstance_0.UI_HUD_C_0.WidgetTree_0.color.BrushBinding_0 - Function /Script/UMG.BrushBinding:GetValue) while stopped at a breakpoint.
[2018.10.26-12.24.36:664][723]LogScriptCore: Warning: Cannot call UnrealScript (BrushBinding /Engine/Transient.UnrealEdEngine_0:GameInstance_0.UI_HUD_C_0.WidgetTree_0.color.BrushBinding_0 - Function /Script/UMG.BrushBinding:GetValue) while stopped at a breakpoint.
[2018.10.26-12.24.36:668][723]LogScriptCore: Warning: Cannot call UnrealScript (BrushBinding /Engine/Transient.UnrealEdEngine_0:GameInstance_0.UI_HUD_C_0.WidgetTree_0.color.BrushBinding_0 - Function /Script/UMG.BrushBinding:GetValue) while stopped at a breakpoint.
[2018.10.26-12.24.40:244][723]PIE: Play in editor start time for /Game/UEDPIE_0_NewMap 53.45
[2018.10.26-12.24.40:244][723]LogBlueprintUserMessages: Late PlayInEditor Detection: Level '/Game/NewMap.NewMap:PersistentLevel' has LevelScriptBlueprint '/Game/NewMap.NewMap:PersistentLevel.NewMap' with GeneratedClass '/Game/NewMap.NewMap_C' with ClassGeneratedBy '/Game/NewMap.NewMap:PersistentLevel.NewMap'
[2018.10.26-12.24.43:693][995]LogSlate: Window 'MyProject4 Game Preview Standalone (64-bit/PCD3D_SM5)' being destroyed
[2018.10.26-12.24.43:696][995]LogBlueprintUserMessages: Early EndPlayMap Detection: Level '/Game/NewMap.NewMap:PersistentLevel' has LevelScriptBlueprint '/Game/NewMap.NewMap:PersistentLevel.NewMap' with GeneratedClass '/Game/NewMap.NewMap_C' with ClassGeneratedBy '/Game/NewMap.NewMap:PersistentLevel.NewMap'
[2018.10.26-12.24.43:738][995]LogPlayLevel: Display: Shutting down PIE online subsystems
[2018.10.26-12.24.43:738][995]LogBlueprintUserMessages: Late EndPlayMap Detection: Level '/Game/NewMap.NewMap:PersistentLevel' has LevelScriptBlueprint '/Game/NewMap.NewMap:PersistentLevel.NewMap' with GeneratedClass '/Game/NewMap.NewMap_C' with ClassGeneratedBy '/Game/NewMap.NewMap:PersistentLevel.NewMap'
[2018.10.26-12.24.44:783][995]LogWindows: Error: === Critical error: ===
[2018.10.26-12.24.44:783][995]LogWindows: Error: 
[2018.10.26-12.24.44:783][995]LogWindows: Error: Fatal error!
[2018.10.26-12.24.44:783][995]LogWindows: Error: 
[2018.10.26-12.24.44:783][995]LogWindows: Error: Unhandled Exception: EXCEPTION_ACCESS_VIOLATION reading address 0x0000003f
[2018.10.26-12.24.44:783][995]LogWindows: Error: 
[2018.10.26-12.24.44:783][995]LogWindows: Error: [Callstack] 0x000007fee35b21c5 UE4Editor-CoreUObject.dll!UnknownFunction []
[2018.10.26-12.24.44:783][995]LogWindows: Error: [Callstack] 0x000007fed134bcb7 UE4Editor-BlueprintGraph.dll!UnknownFunction []
[2018.10.26-12.24.44:783][995]LogWindows: Error: [Callstack] 0x000007fed134aec4 UE4Editor-BlueprintGraph.dll!UnknownFunction []
[2018.10.26-12.24.44:783][995]LogWindows: Error: [Callstack] 0x000007fecdfde547 UE4Editor-Kismet.dll!UnknownFunction []
[2018.10.26-12.24.44:783][995]LogWindows: Error: [Callstack] 0x000007fece125f11 UE4Editor-Kismet.dll!UnknownFunction []
[2018.10.26-12.24.44:783][995]LogWindows: Error: [Callstack] 0x000007fedfce8204 UE4Editor-Slate.dll!UnknownFunction []
[2018.10.26-12.24.44:783][995]LogWindows: Error: [Callstack] 0x000007fedfe90325 UE4Editor-Slate.dll!UnknownFunction []
[2018.10.26-12.24.44:783][995]LogWindows: Error: [Callstack] 0x000007fedfe80617 UE4Editor-Slate.dll!UnknownFunction []
[2018.10.26-12.24.44:783][995]LogWindows: Error: [Callstack] 0x000007fedfce8204 UE4Editor-Slate.dll!UnknownFunction []
[2018.10.26-12.24.44:783][995]LogWindows: Error: [Callstack] 0x000007fedff656cf UE4Editor-Slate.dll!UnknownFunction []
[2018.10.26-12.24.44:783][995]LogWindows: Error: [Callstack] 0x000007fedff65f3c UE4Editor-Slate.dll!UnknownFunction []
[2018.10.26-12.24.44:783][995]LogWindows: Error: [Callstack] 0x000007fedf9bb498 UE4Editor-SlateCore.dll!UnknownFunction []
[2018.10.26-12.24.44:783][995]LogWindows: Error: [Callstack] 0x000007fedfa657dd UE4Editor-SlateCore.dll!UnknownFunction []
[2018.10.26-12.24.44:783][995]LogWindows: Error: [Callstack] 0x000007fedfa6578d UE4Editor-SlateCore.dll!UnknownFunction []
[2018.10.26-12.24.44:783][995]LogWindows: Error: [Callstack] 0x000007fedfa6578d UE4Editor-SlateCore.dll!UnknownFunction []
[2018.10.26-12.24.44:783][995]LogWindows: Error: [Callstack] 0x000007fedfa6578d UE4Editor-SlateCore.dll!UnknownFunction []
[2018.10.26-12.24.44:783][995]LogWindows: Error: [Callstack] 0x000007fedfa6578d UE4Editor-SlateCore.dll!UnknownFunction []
[2018.10.26-12.24.44:783][995]LogWindows: Error: [Callstack] 0x000007fedfa6578d UE4Editor-SlateCore.dll!UnknownFunction []
[2018.10.26-12.24.44:783][995]LogWindows: Error: [Callstack] 0x000007fedfa6578d UE4Editor-SlateCore.dll!UnknownFunction []
[2018.10.26-12.24.44:783][995]LogWindows: Error: [Callstack] 0x000007fedfa6578d UE4Editor-SlateCore.dll!UnknownFunction []
[2018.10.26-12.24.44:783][995]LogWindows: Error: [Callstack] 0x000007fedfa6578d UE4Editor-SlateCore.dll!UnknownFunction []
[2018.10.26-12.24.44:783][995]LogWindows: Error: [Callstack] 0x000007fedfa6578d UE4Editor-SlateCore.dll!UnknownFunction []
[2018.10.26-12.24.44:784][995]LogWindows: Error: [Callstack] 0x000007fedfa6578d UE4Editor-SlateCore.dll!UnknownFunction []
[2018.10.26-12.24.44:784][995]LogWindows: Error: [Callstack] 0x000007fedfa6578d UE4Editor-SlateCore.dll!UnknownFunction []
[2018.10.26-12.24.44:784][995]LogWindows: Error: [Callstack] 0x000007fedfa6578d UE4Editor-SlateCore.dll!UnknownFunction []
[2018.10.26-12.24.44:784][995]LogWindows: Error: [Callstack] 0x000007fedfa6578d UE4Editor-SlateCore.dll!UnknownFunction []
[2018.10.26-12.24.44:784][995]LogWindows: Error: [Callstack] 0x000007fedfa6578d UE4Editor-SlateCore.dll!UnknownFunction []
[2018.10.26-12.24.44:784][995]LogWindows: Error: [Callstack] 0x000007fedfa6578d UE4Editor-SlateCore.dll!UnknownFunction []
[2018.10.26-12.24.44:784][995]LogWindows: Error: [Callstack] 0x000007fedfa6578d UE4Editor-SlateCore.dll!UnknownFunction []
[2018.10.26-12.24.44:784][995]LogWindows: Error: [Callstack] 0x000007fedfa6578d UE4Editor-SlateCore.dll!UnknownFunction []
[2018.10.26-12.24.44:784][995]LogWindows: Error: [Callstack] 0x000007fedfa6578d UE4Editor-SlateCore.dll!UnknownFunction []
[2018.10.26-12.24.44:784][995]LogWindows: Error: [Callstack] 0x000007fedfa6578d UE4Editor-SlateCore.dll!UnknownFunction []
[2018.10.26-12.24.44:784][995]LogWindows: Error: [Callstack] 0x000007fedfa6578d UE4Editor-SlateCore.dll!UnknownFunction []
[2018.10.26-12.24.44:784][995]LogWindows: Error: [Callstack] 0x000007fedfa6578d UE4Editor-SlateCore.dll!UnknownFunction []
[2018.10.26-12.24.44:784][995]LogWindows: Error: [Callstack] 0x000007fedfa6578d UE4Editor-SlateCore.dll!UnknownFunction []
[2018.10.26-12.24.44:784][995]LogWindows: Error: [Callstack] 0x000007fedfa6578d UE4Editor-SlateCore.dll!UnknownFunction []
[2018.10.26-12.24.44:784][995]LogWindows: Error: [Callstack] 0x000007fedfa6578d UE4Editor-SlateCore.dll!UnknownFunction []
[2018.10.26-12.24.44:784][995]LogWindows: Error: [Callstack] 0x000007fedfa6578d UE4Editor-SlateCore.dll!UnknownFunction []
[2018.10.26-12.24.44:784][995]LogWindows: Error: [Callstack] 0x000007fedfa6578d UE4Editor-SlateCore.dll!UnknownFunction []
[2018.10.26-12.24.44:784][995]LogWindows: Error: [Callstack] 0x000007fedfa6578d UE4Editor-SlateCore.dll!UnknownFunction []
[2018.10.26-12.24.44:784][995]LogWindows: Error: [Callstack] 0x000007fedfa6578d UE4Editor-SlateCore.dll!UnknownFunction []
[2018.10.26-12.24.44:784][995]LogWindows: Error: [Callstack] 0x000007fedfa6578d UE4Editor-SlateCore.dll!UnknownFunction []
[2018.10.26-12.24.44:784][995]LogWindows: Error: [Callstack] 0x000007fedfd126ac UE4Editor-Slate.dll!UnknownFunction []
[2018.10.26-12.24.44:784][995]LogWindows: Error: [Callstack] 0x000007fedfcdd28b UE4Editor-Slate.dll!UnknownFunction []
[2018.10.26-12.24.44:784][995]LogWindows: Error: [Callstack] 0x000007fedfd130a5 UE4Editor-Slate.dll!UnknownFunction []
[2018.10.26-12.24.44:784][995]LogWindows: Error: [Callstack] 0x000007fedfcde7cf UE4Editor-Slate.dll!UnknownFunction []
[2018.10.26-12.24.44:784][995]LogWindows: Error: [Callstack] 0x000007fedfd3f010 UE4Editor-Slate.dll!UnknownFunction []
[2018.10.26-12.24.44:784][995]LogWindows: Error: [Callstack] 0x000007fedfd3dd17 UE4Editor-Slate.dll!UnknownFunction []
[2018.10.26-12.24.44:784][995]LogWindows: Error: [Callstack] 0x000000013f686aa7 UE4Editor.exe!UnknownFunction []
[2018.10.26-12.24.44:784][995]LogWindows: Error: [Callstack] 0x000000013f695b3c UE4Editor.exe!UnknownFunction []
[2018.10.26-12.24.44:784][995]LogWindows: Error: [Callstack] 0x000000013f695bba UE4Editor.exe!UnknownFunction []
[2018.10.26-12.24.44:784][995]LogWindows: Error: [Callstack] 0x000000013f6a3dac UE4Editor.exe!UnknownFunction []
[2018.10.26-12.24.44:784][995]LogWindows: Error: [Callstack] 0x000000013f6a5aaa UE4Editor.exe!UnknownFunction []
[2018.10.26-12.24.44:784][995]LogWindows: Error: [Callstack] 0x00000000771559cd kernel32.dll!UnknownFunction []
[2018.10.26-12.24.44:784][995]LogWindows: Error: [Callstack] 0x000000007728a561 ntdll.dll!UnknownFunction []
[2018.10.26-12.24.44:784][995]LogWindows: Error: 
[2018.10.26-12.24.44:795][995]LogExit: Executing StaticShutdownAfterError
[2018.10.26-12.24.44:798][995]LogWindows: FPlatformMisc::RequestExit(1)
[2018.10.26-12.24.44:808][995]Log file closed, 10/26/18 14:24:44
