Log file open, 10/29/18 13:42:40
LogWindows: Failed to load 'aqProf.dll' (GetLastError=126)
LogWindows: File 'aqProf.dll' does not exist
LogWindows: Failed to load 'VSPerf140.dll' (GetLastError=126)
LogWindows: File 'VSPerf140.dll' does not exist
LogWindows: Failed to load 'VtuneApi.dll' (GetLastError=126)
LogWindows: File 'VtuneApi.dll' does not exist
LogWindows: Failed to load 'VtuneApi32e.dll' (GetLastError=126)
LogWindows: File 'VtuneApi32e.dll' does not exist
LogInit: Display: Running engine for game: MyProject4
LogPlatformFile: Not using cached read wrapper
LogTaskGraph: Started task graph with 5 named threads and 23 total threads with 3 sets of task threads.
LogStats: Stats thread started at 0.352104
LogD3D11RHI: Loaded GFSDK_Aftermath_Lib.x64.dll
LogICUInternationalization: Display: ICU TimeZone Detection - Raw Offset: +2:00, Platform Override: ''
LogPluginManager: Mounting plugin Paper2D
LogPluginManager: Mounting plugin AISupport
LogPluginManager: Mounting plugin LightPropagationVolume
LogPluginManager: Mounting plugin CLionSourceCodeAccess
LogPluginManager: Mounting plugin CodeLiteSourceCodeAccess
LogPluginManager: Mounting plugin GitSourceControl
LogPluginManager: Mounting plugin KDevelopSourceCodeAccess
LogPluginManager: Mounting plugin NullSourceCodeAccess
LogPluginManager: Mounting plugin PerforceSourceControl
LogPluginManager: Mounting plugin SubversionSourceControl
LogPluginManager: Mounting plugin UObjectPlugin
LogPluginManager: Mounting plugin VisualStudioCodeSourceCodeAccess
LogPluginManager: Mounting plugin VisualStudioSourceCodeAccess
LogPluginManager: Mounting plugin XCodeSourceCodeAccess
LogPluginManager: Mounting plugin AssetManagerEditor
LogPluginManager: Mounting plugin CryptoKeys
LogPluginManager: Mounting plugin DataValidation
LogPluginManager: Mounting plugin FacialAnimation
LogPluginManager: Mounting plugin GameplayTagsEditor
LogPluginManager: Mounting plugin MacGraphicsSwitching
LogPluginManager: Mounting plugin MeshEditor
LogPluginManager: Mounting plugin MobileLauncherProfileWizard
LogPluginManager: Mounting plugin PluginBrowser
LogPluginManager: Mounting plugin SpeedTreeImporter
LogPluginManager: Mounting plugin DatasmithContent
LogPluginManager: Mounting plugin AlembicImporter
LogPluginManager: Mounting plugin AppleImageUtils
LogPluginManager: Mounting plugin AppleVision
LogPluginManager: Mounting plugin BackChannel
LogPluginManager: Mounting plugin CharacterAI
LogPluginManager: Mounting plugin GeometryCache
LogPluginManager: Mounting plugin HTML5Networking
LogPluginManager: Mounting plugin ProxyLODPlugin
LogPluginManager: Mounting plugin MagicLeap
LogPluginManager: Mounting plugin MagicLeapEmulator
LogPluginManager: Mounting plugin MagicLeapMedia
LogPluginManager: Mounting plugin gameDNAinstaller
LogPluginManager: Mounting plugin UniversalMobileAds
LogPluginManager: Mounting plugin AndroidMedia
LogPluginManager: Mounting plugin AvfMedia
LogPluginManager: Mounting plugin ImgMedia
LogPluginManager: Mounting plugin LinearTimecode
LogPluginManager: Mounting plugin MediaCompositing
LogPluginManager: Mounting plugin MediaPlayerEditor
LogPluginManager: Mounting plugin WmfMedia
LogPluginManager: Mounting plugin TcpMessaging
LogPluginManager: Mounting plugin UdpMessaging
LogPluginManager: Mounting plugin ActorSequence
LogPluginManager: Mounting plugin LevelSequenceEditor
LogPluginManager: Mounting plugin MatineeToLevelSequence
LogPluginManager: Mounting plugin NetcodeUnitTest
LogPluginManager: Mounting plugin NUTUnrealEngine4
LogPluginManager: Mounting plugin OnlineSubsystemGooglePlay
LogPluginManager: Mounting plugin OnlineSubsystemIOS
LogPluginManager: Mounting plugin OnlineSubsystem
LogPluginManager: Mounting plugin OnlineSubsystemNull
LogPluginManager: Mounting plugin OnlineSubsystemUtils
LogPluginManager: Mounting plugin LauncherChunkInstaller
LogPluginManager: Mounting plugin AndroidDeviceProfileSelector
LogPluginManager: Mounting plugin AndroidMoviePlayer
LogPluginManager: Mounting plugin AndroidPermission
LogPluginManager: Mounting plugin AppleMoviePlayer
LogPluginManager: Mounting plugin ArchVisCharacter
LogPluginManager: Mounting plugin AudioCapture
LogPluginManager: Mounting plugin CableComponent
LogPluginManager: Mounting plugin CustomMeshComponent
LogPluginManager: Mounting plugin EditableMesh
LogPluginManager: Mounting plugin ExampleDeviceProfileSelector
LogPluginManager: Mounting plugin GoogleCloudMessaging
LogPluginManager: Mounting plugin ImmediatePhysics
LogPluginManager: Mounting plugin IOSDeviceProfileSelector
LogPluginManager: Mounting plugin LinuxDeviceProfileSelector
LogPluginManager: Mounting plugin LocationServicesBPLibrary
LogPluginManager: Mounting plugin MobilePatchingUtils
LogPluginManager: Mounting plugin OculusVR
LogPluginManager: Plugin shader directory ../../../Engine/Plugins/Runtime/Oculus/OculusVR/Shaders found
LogPluginManager: Mapping shader source directory ../../../Engine/Plugins/Runtime/Oculus/OculusVR/Shaders to virtual directory /Plugin/OculusVR
LogPluginManager: Mounting plugin PhysXVehicles
LogPluginManager: Mounting plugin ProceduralMeshComponent
LogPluginManager: Mounting plugin RuntimePhysXCooking
LogPluginManager: Mounting plugin SteamVR
LogPluginManager: Mounting plugin WindowsMoviePlayer
LogStreaming: Display: Took  0.154s to configure plugins.
LogInit: Using libcurl 7.55.1-DEV
LogInit:  - built for x86_64-pc-win32
LogInit:  - supports SSL with OpenSSL/1.0.2h
LogInit:  - supports HTTP deflate (compression) using libz 1.2.8
LogInit:  - other features:
LogInit:      CURL_VERSION_SSL
LogInit:      CURL_VERSION_LIBZ
LogInit:      CURL_VERSION_IPV6
LogInit:      CURL_VERSION_ASYNCHDNS
LogInit:      CURL_VERSION_LARGEFILE
LogInit:      CURL_VERSION_IDN
LogInit:  CurlRequestOptions (configurable via config and command line):
LogInit:  - bVerifyPeer = false  - Libcurl will NOT verify peer certificate
LogInit:  - bUseHttpProxy = false  - Libcurl will NOT use HTTP proxy
LogInit:  - bDontReuseConnections = false  - Libcurl will reuse connections
LogInit:  - CertBundlePath = nullptr  - Libcurl will use whatever was configured at build time.
LogInit:  - MaxHostConnections = 16  - Libcurl will limit the number of connections to a host
LogInit:  - LocalHostAddr = Default
LogInit:  - BufferSize = 65536
LogInit: WinSock: version 1.1 (2.2), MaxSocks=32767, MaxUdp=65467
LogInit: Build: ++UE4+Release-4.20-CL-4302132
LogInit: Engine Version: 4.20.2-4302132+++UE4+Release-4.20
LogInit: Compatible Engine Version: 4.20.0-4212847+++UE4+Release-4.20
LogInit: Net CL: 4212847
LogInit: OS: Windows 7 (Service Pack 1), CPU:         Intel(R) Core(TM) i7-3820 CPU @ 3.60GHz, GPU: NVIDIA GeForce GTX 1070
LogInit: Compiled (64-bit): Aug 21 2018 02:06:06
LogInit: Compiled with Visual C++: 19.13.26129.00
LogInit: Build Configuration: Development
LogInit: Branch Name: ++UE4+Release-4.20
LogInit: Command Line:  
LogInit: Base Directory: L:/Program Files/Epic Games/UE_4.20/Engine/Binaries/Win64/
LogInit: Installed Engine Build: 1
LogDevObjectVersion: Number of dev versions registered: 20
LogDevObjectVersion:   Dev-Blueprints (B0D832E4-1F89-4F0D-ACCF-7EB736FD4AA2): 10
LogDevObjectVersion:   Dev-Build (E1C64328-A22C-4D53-A36C-8E866417BD8C): 0
LogDevObjectVersion:   Dev-Core (375EC13C-06E4-48FB-B500-84F0262A717E): 2
LogDevObjectVersion:   Dev-Editor (E4B068ED-F494-42E9-A231-DA0B2E46BB41): 24
LogDevObjectVersion:   Dev-Framework (CFFC743F-43B0-4480-9391-14DF171D2073): 34
LogDevObjectVersion:   Dev-Mobile (B02B49B5-BB20-44E9-A304-32B752E40360): 2
LogDevObjectVersion:   Dev-Networking (A4E4105C-59A1-49B5-A7C5-40C4547EDFEE): 0
LogDevObjectVersion:   Dev-Online (39C831C9-5AE6-47DC-9A44-9C173E1C8E7C): 0
LogDevObjectVersion:   Dev-Physics (78F01B33-EBEA-4F98-B9B4-84EACCB95AA2): 0
LogDevObjectVersion:   Dev-Platform (6631380F-2D4D-43E0-8009-CF276956A95A): 0
LogDevObjectVersion:   Dev-Rendering (12F88B9F-8875-4AFC-A67C-D90C383ABD29): 26
LogDevObjectVersion:   Dev-Sequencer (7B5AE74C-D270-4C10-A958-57980B212A5A): 9
LogDevObjectVersion:   Dev-VR (D7296918-1DD6-4BDD-9DE2-64A83CC13884): 2
LogDevObjectVersion:   Dev-LoadTimes (C2A15278-BFE7-4AFE-6C17-90FF531DF755): 1
LogDevObjectVersion:   Private-Geometry (6EACA3D4-40EC-4CC1-B786-8BED09428FC5): 3
LogDevObjectVersion:   Dev-AnimPhys (29E575DD-E0A3-4627-9D10-D276232CDCEA): 17
LogDevObjectVersion:   Dev-ReflectionCapture (6B266CEC-1EC7-4B8F-A30B-E4D90942FC07): 1
LogDevObjectVersion:   Dev-Automation (0DF73D61-A23F-47EA-B727-89E90C41499A): 1
LogDevObjectVersion:   FortniteMain (601D1886-AC64-4F84-AA16-D3DE0DEAC7D6): 12
LogDevObjectVersion:   Dev-Enterprise (9DFFBCD6-494F-0158-E221-12823C92A888): 1
LogStreaming: Display: Took  0.009s to delete old logs.
LogInit: Presizing for max 8388607 objects, including 0 objects not considered by GC, pre-allocating 0 bytes for permanent pool.
LogInit: Object subsystem initialized
[2018.10.29-11.42.41:971][  0]LogInit: Selected Device Profile: [Windows]
[2018.10.29-11.42.41:971][  0]LogInit: Applying CVar settings loaded from the selected device profile: [Windows]
[2018.10.29-11.42.42:020][  0]LogHAL: Display: Platform has ~ 16 GB [17128501248 / 17179869184 / 16], which maps to Larger [LargestMinGB=32, LargerMinGB=12, DefaultMinGB=8, SmallerMinGB=6, SmallestMinGB=0)
[2018.10.29-11.42.42:020][  0]LogInit: Setting Device Profile CVar: [[r.Vulkan.UseRealUBs:1]]
[2018.10.29-11.42.42:020][  0]LogInit: Going up to parent DeviceProfile []
[2018.10.29-11.42.42:038][  0]LogInit: Computer: STEVEN-PC
[2018.10.29-11.42.42:039][  0]LogInit: User: Steven
[2018.10.29-11.42.42:039][  0]LogInit: CPU Page size=4096, Cores=4
[2018.10.29-11.42.42:039][  0]LogInit: High frequency timer resolution =3.515625 MHz
[2018.10.29-11.42.42:039][  0]LogMemory: Memory total: Physical=16.0GB (16GB approx)
[2018.10.29-11.42.42:039][  0]LogMemory: Platform Memory Stats for Windows
[2018.10.29-11.42.42:039][  0]LogMemory: Process Physical Memory: 101.66 MB used, 101.66 MB peak
[2018.10.29-11.42.42:039][  0]LogMemory: Process Virtual Memory: 93.27 MB used, 93.27 MB peak
[2018.10.29-11.42.42:039][  0]LogMemory: Physical Memory: 15989.46 MB used,  345.55 MB free, 16335.01 MB total
[2018.10.29-11.42.42:039][  0]LogMemory: Virtual Memory: 482.19 MB used,  345.55 MB free, 8388608.00 MB total
[2018.10.29-11.42.42:544][  0]LogInit: Using OS detected language (en-US).
[2018.10.29-11.42.42:544][  0]LogInit: Using OS detected locale (en-US).
[2018.10.29-11.42.42:545][  0]LogTextLocalizationManager: No specific localization for 'en-US' exists, so the 'en' localization will be used.
[2018.10.29-11.42.43:954][  0]LogStreaming: Display: Took  1.410s to InitEngineTextLocalization.
[2018.10.29-11.42.44:045][  0]LogWindows: Failed to load 'shcore.dll' (GetLastError=126)
[2018.10.29-11.42.44:045][  0]LogWindows: File 'shcore.dll' does not exist
[2018.10.29-11.42.44:045][  0]LogInit: Setting process to DPI aware
[2018.10.29-11.42.44:380][  0]LogSlate: New Slate User Created.  User Index 0, Is Virtual User: 0
[2018.10.29-11.42.44:380][  0]LogSlate: Slate User Registered.  User Index 0, Is Virtual User: 0
[2018.10.29-11.42.45:455][  0]LogHMD: Failed to initialize OpenVR with code 105
[2018.10.29-11.42.45:455][  0]LogD3D11RHI: D3D11 adapters:
[2018.10.29-11.42.45:506][  0]LogD3D11RHI:    0. 'NVIDIA GeForce GTX 1070' (Feature Level 11_0)
[2018.10.29-11.42.45:506][  0]LogD3D11RHI:       8077/0/7911 MB DedicatedVideo/DedicatedSystem/SharedSystem, Outputs:2, VendorId:0x10de
[2018.10.29-11.42.45:506][  0]LogD3D11RHI: Chosen D3D11 Adapter: 0
[2018.10.29-11.42.45:513][  0]LogD3D11RHI: Creating new Direct3DDevice
[2018.10.29-11.42.45:513][  0]LogD3D11RHI:     GPU DeviceId: 0x1b81 (for the marketing name, search the web for "GPU Device Id")
[2018.10.29-11.42.45:513][  0]LogWindows: EnumDisplayDevices:
[2018.10.29-11.42.45:513][  0]LogWindows:    0. 'NVIDIA GeForce GTX 1070' (P:1 D:1)
[2018.10.29-11.42.45:513][  0]LogWindows:    1. 'NVIDIA GeForce GTX 1070' (P:0 D:1)
[2018.10.29-11.42.45:513][  0]LogWindows:    2. 'NVIDIA GeForce GTX 1070' (P:0 D:0)
[2018.10.29-11.42.45:513][  0]LogWindows:    3. 'NVIDIA GeForce GTX 1070' (P:0 D:0)
[2018.10.29-11.42.45:513][  0]LogWindows:    4. 'RDPDD Chained DD' (P:0 D:0)
[2018.10.29-11.42.45:513][  0]LogWindows:    5. 'RDP Encoder Mirror Driver' (P:0 D:0)
[2018.10.29-11.42.45:513][  0]LogWindows:    6. 'RDP Reflector Display Driver' (P:0 D:0)
[2018.10.29-11.42.45:513][  0]LogWindows: DebugString: GetVideoDriverDetailsInvalid PrimaryIsNotTheChoosenAdapter GetVideoDriverDetailsInvalid PrimaryIsNotTheChoosenAdapter GetVideoDriverDetailsInvalid PrimaryIsNotTheChoosenAdapter FoundDriverCount:4 
[2018.10.29-11.42.45:513][  0]LogD3D11RHI:     Adapter Name: NVIDIA GeForce GTX 1070
[2018.10.29-11.42.45:514][  0]LogD3D11RHI:   Driver Version: 390.77 (internal:23.21.13.9077, unified:390.77)
[2018.10.29-11.42.45:514][  0]LogD3D11RHI:      Driver Date: 1-23-2018
[2018.10.29-11.42.45:514][  0]LogRHI: Texture pool is 5654 MB (70% of 8077 MB)
[2018.10.29-11.42.45:531][  0]LogD3D11RHI: Async texture creation enabled
[2018.10.29-11.42.45:559][  0]LogD3D11RHI: GPU Timing Frequency: 1000.000000 (Debug: 2 2)
[2018.10.29-11.42.45:602][  0]LogShaderCompilers: Guid format shader working directory is 3 characters bigger than the processId version (../../../../../../coded projects/KnifeThingy/Intermediate/Shaders/WorkingDirectory/6544/).
[2018.10.29-11.42.45:602][  0]LogShaderCompilers: Cleaned the shader compiler working directory 'C:/Users/Steven/AppData/Local/Temp/UnrealShaderWorkingDir/F3D3C97949F01CAD24E82BA2D6A5EDF6/'.
[2018.10.29-11.42.46:969][  0]LogTemp: Display: Loaded TP AllDesktopTargetPlatform
[2018.10.29-11.42.47:017][  0]LogTemp: Display: Loaded TP MacClientTargetPlatform
[2018.10.29-11.42.47:073][  0]LogTemp: Display: Loaded TP MacNoEditorTargetPlatform
[2018.10.29-11.42.47:114][  0]LogTemp: Display: Loaded TP MacServerTargetPlatform
[2018.10.29-11.42.47:191][  0]LogTemp: Display: Loaded TP MacTargetPlatform
[2018.10.29-11.42.47:286][  0]LogTemp: Display: Loaded TP WindowsClientTargetPlatform
[2018.10.29-11.42.47:311][  0]LogTemp: Display: Loaded TP WindowsNoEditorTargetPlatform
[2018.10.29-11.42.47:388][  0]LogTemp: Display: Loaded TP WindowsServerTargetPlatform
[2018.10.29-11.42.47:403][  0]LogTemp: Display: Loaded TP WindowsTargetPlatform
[2018.10.29-11.42.47:572][  0]LogTemp: Display: Loaded TP AndroidTargetPlatform
[2018.10.29-11.42.47:572][  0]LogTemp: Display: Loaded TP AndroidTargetPlatform
[2018.10.29-11.42.47:572][  0]LogTemp: Display: Loaded TP AndroidTargetPlatform
[2018.10.29-11.42.47:572][  0]LogTemp: Display: Loaded TP AndroidTargetPlatform
[2018.10.29-11.42.47:572][  0]LogTemp: Display: Loaded TP AndroidTargetPlatform
[2018.10.29-11.42.47:572][  0]LogTemp: Display: Loaded TP AndroidTargetPlatform
[2018.10.29-11.42.47:572][  0]LogTemp: Display: Loaded TP AndroidTargetPlatform
[2018.10.29-11.42.47:572][  0]LogTemp: Display: Loaded TP AndroidTargetPlatform
[2018.10.29-11.42.47:572][  0]LogTemp: Display: Loaded TP AndroidTargetPlatform
[2018.10.29-11.42.47:572][  0]LogTemp: Display: Loaded TP AndroidTargetPlatform
[2018.10.29-11.42.47:572][  0]LogTemp: Display: Loaded TP AndroidTargetPlatform
[2018.10.29-11.42.47:572][  0]LogTemp: Display: Loaded TP AndroidTargetPlatform
[2018.10.29-11.42.47:572][  0]LogTemp: Display: Loaded TP AndroidTargetPlatform
[2018.10.29-11.42.47:572][  0]LogTemp: Display: Loaded TP AndroidTargetPlatform
[2018.10.29-11.42.47:572][  0]LogTemp: Display: Loaded TP AndroidTargetPlatform
[2018.10.29-11.42.47:572][  0]LogTemp: Display: Loaded TP AndroidTargetPlatform
[2018.10.29-11.42.47:572][  0]LogTemp: Display: Loaded TP AndroidTargetPlatform
[2018.10.29-11.42.47:572][  0]LogTemp: Display: Loaded TP AndroidTargetPlatform
[2018.10.29-11.42.47:600][  0]LogTemp: Display: Loaded TP HTML5TargetPlatform
[2018.10.29-11.42.47:895][  0]LogTemp: Display: Loaded TP IOSTargetPlatform
[2018.10.29-11.42.47:895][  0]LogTemp: Display: Loaded TP IOSTargetPlatform
[2018.10.29-11.42.48:015][  0]LogTemp: Display: Loaded TP TVOSTargetPlatform
[2018.10.29-11.42.48:015][  0]LogTemp: Display: Loaded TP TVOSTargetPlatform
[2018.10.29-11.42.48:124][  0]LogTemp: Display: Loaded TP LinuxClientTargetPlatform
[2018.10.29-11.42.48:422][  0]LogTemp: Display: Loaded TP LinuxNoEditorTargetPlatform
[2018.10.29-11.42.48:443][  0]LogTemp: Display: Loaded TP LinuxServerTargetPlatform
[2018.10.29-11.42.48:494][  0]LogTemp: Display: Loaded TP LinuxTargetPlatform
[2018.10.29-11.42.48:537][  0]LogTemp: Display: Loaded TP LuminTargetPlatform
[2018.10.29-11.42.48:537][  0]LogTargetPlatformManager: Display: Building Assets For Windows
[2018.10.29-11.42.50:363][  0]LogShaderCompilers: Display: Using XGE Shader Compiler (Interception Interface).
[2018.10.29-11.43.01:539][  0]LogDerivedDataCache: Display: Max Cache Size: 512 MB
[2018.10.29-11.43.01:810][  0]LogDerivedDataCache: Loaded boot cache 0.27s 71MB C:/Users/Steven/AppData/Local/UnrealEngine/4.20/DerivedDataCache/Boot.ddc.
[2018.10.29-11.43.01:811][  0]LogDerivedDataCache: Display: Loaded Boot cache: C:/Users/Steven/AppData/Local/UnrealEngine/4.20/DerivedDataCache/Boot.ddc
[2018.10.29-11.43.01:811][  0]LogDerivedDataCache: FDerivedDataBackendGraph:  Pak pak cache file ../../../../../../coded projects/KnifeThingy/DerivedDataCache/DDC.ddp not found, will not use a pak cache.
[2018.10.29-11.43.01:812][  0]LogDerivedDataCache: Unable to find inner node Pak for hierarchical cache Hierarchy.
[2018.10.29-11.43.01:812][  0]LogDerivedDataCache: FDerivedDataBackendGraph:  CompressedPak pak cache file ../../../../../../coded projects/KnifeThingy/DerivedDataCache/Compressed.ddp not found, will not use a pak cache.
[2018.10.29-11.43.01:812][  0]LogDerivedDataCache: Unable to find inner node CompressedPak for hierarchical cache Hierarchy.
[2018.10.29-11.43.01:836][  0]LogDerivedDataCache: Display: Pak cache opened for reading ../../../Engine/DerivedDataCache/Compressed.ddp.
[2018.10.29-11.43.01:850][  0]LogDerivedDataCache: Using Local data cache path C:/Users/Steven/AppData/Local/UnrealEngine/Common/DerivedDataCache: Writable
[2018.10.29-11.43.01:851][  0]LogDerivedDataCache: Shared data cache path not found in *engine.ini, will not use an Shared cache.
[2018.10.29-11.43.01:851][  0]LogDerivedDataCache: Unable to find inner node Shared for hierarchical cache Hierarchy.
[2018.10.29-11.43.01:879][  0]LogMaterial: Verifying Global Shaders for PCD3D_SM5
[2018.10.29-11.43.01:930][  0]LogSlate: Using FreeType 2.6.0
[2018.10.29-11.43.02:202][  0]LogSlate: SlateFontServices - WITH_FREETYPE: 1, WITH_HARFBUZZ: 1
[2018.10.29-11.43.04:847][  0]LogAssetRegistry: FAssetRegistry took 0.0885 seconds to start up
[2018.10.29-11.43.13:208][  0]LogInit: Selected Device Profile: [Windows]
[2018.10.29-11.43.14:938][  0]LogSimplygon: Simplygon DLL not present - disabling.
[2018.10.29-11.43.15:760][  0]LogMeshReduction: Using SimplygonSwarm for distributed automatic mesh merging
[2018.10.29-11.43.15:760][  0]LogMeshReduction: Using ProxyLODMeshReduction for automatic mesh merging
[2018.10.29-11.43.15:760][  0]LogMeshReduction: Using QuadricMeshReduction for automatic static mesh reduction
[2018.10.29-11.43.15:760][  0]LogMeshReduction: No automatic skeletal mesh reduction module available
[2018.10.29-11.43.16:020][  0]LogNetVersion: MyProject4 1.0.0, NetCL: 4212847, EngineNetVer: 5, GameNetVer: 0 (Checksum: 3245095822)
[2018.10.29-11.43.18:211][  0]LogPackageLocalizationCache: Processed 11 localized package path(s) for 2 prioritized culture(s) in 0.116912 seconds
[2018.10.29-11.43.18:218][  0]LogUObjectArray: 38425 objects as part of root set at end of initial load.
[2018.10.29-11.43.18:218][  0]LogUObjectAllocator: 6690864 out of 0 bytes used by permanent object pool.
[2018.10.29-11.43.18:218][  0]LogUObjectArray: CloseDisregardForGC: 0/0 objects in disregard for GC pool
[2018.10.29-11.43.39:042][  0]LogTcpMessaging: Initializing TcpMessaging bridge
[2018.10.29-11.43.39:073][  0]LogUdpMessaging: Initializing bridge on interface 0.0.0.0:0 to multicast group 230.0.0.1:6666.
[2018.10.29-11.43.39:765][  0]SourceControl: Source control is disabled
[2018.10.29-11.43.39:765][  0]SourceControl: Source control is disabled
[2018.10.29-11.43.39:790][  0]SourceControl: Source control is disabled
[2018.10.29-11.43.39:802][  0]SourceControl: Source control is disabled
[2018.10.29-11.43.40:420][  0]LogGameDNAinstaller: Display: gameDNA installer module started
[2018.10.29-11.43.41:810][  0]LogAndroidPermission: UAndroidPermissionCallbackProxy::GetInstance
[2018.10.29-11.43.42:099][  0]LogOcInput: OculusInput pre-init called
[2018.10.29-11.43.42:553][  0]LogEngine: Initializing Engine...
[2018.10.29-11.43.42:949][  0]LogHMD: Failed to initialize OpenVR with code 105
[2018.10.29-11.43.42:976][  0]LogStats: UGameplayTagsManager::ConstructGameplayTagTree: ImportINI prefixes -  0.000 s
[2018.10.29-11.43.42:976][  0]LogStats: UGameplayTagsManager::ConstructGameplayTagTree: Construct from data asset -  0.000 s
[2018.10.29-11.43.42:977][  0]LogStats: UGameplayTagsManager::ConstructGameplayTagTree: ImportINI -  0.000 s
[2018.10.29-11.43.42:977][  0]LogStats: UGameplayTagsManager::ConstructGameplayTagTree: GameplayTagTreeChangedEvent.Broadcast -  0.000 s
[2018.10.29-11.43.43:239][  0]LogInit: Initializing FReadOnlyCVARCache
[2018.10.29-11.43.43:448][  0]LogAIModule: Creating AISystem for world Untitled
[2018.10.29-11.43.43:484][  0]LogInit: XAudio2 using 'Speakers (Sennheiser Main Audio)' : 6 channels at 48 kHz using 16 bits per sample (channel mask 0x3f)
[2018.10.29-11.43.43:489][  0]LogInit: FAudioDevice initialized.
[2018.10.29-11.43.43:498][  0]LogNetVersion: Set ProjectVersion to 1.0.0.0. Version Checksum will be recalculated on next use.
[2018.10.29-11.43.44:536][  0]LogDerivedDataCache: Saved boot cache 1.04s 71MB C:/Users/Steven/AppData/Local/UnrealEngine/4.20/DerivedDataCache/Boot.ddc.
[2018.10.29-11.43.44:537][  0]LogInit: Texture streaming: Enabled
[2018.10.29-11.43.44:658][  0]LogEngineSessionManager: EngineSessionManager initialized
[2018.10.29-11.43.44:706][  0]LogInit: Transaction tracking system initialized
[2018.10.29-11.43.45:130][  0]BlueprintLog: New page: Editor Load
[2018.10.29-11.43.46:021][  0]LocalizationService: Localization service is disabled
[2018.10.29-11.43.48:397][  0]LogCook: Display: Max memory allowance for cook 16384mb min free memory 0mb
[2018.10.29-11.43.48:397][  0]LogCook: Display: Mobile HDR setting 0
[2018.10.29-11.43.48:398][  0]LogGameplayTags: Display: UGameplayTagsManager::DoneAddingNativeTags. DelegateIsBound: 0
[2018.10.29-11.43.48:398][  0]LogStats: UGameplayTagsManager::ConstructGameplayTagTree: ImportINI prefixes -  0.000 s
[2018.10.29-11.43.48:398][  0]LogStats: UGameplayTagsManager::ConstructGameplayTagTree: Construct from data asset -  0.000 s
[2018.10.29-11.43.48:398][  0]LogStats: UGameplayTagsManager::ConstructGameplayTagTree: ImportINI -  0.000 s
[2018.10.29-11.43.48:398][  0]LogStats: UGameplayTagsManager::ConstructGameplayTagTree: GameplayTagTreeChangedEvent.Broadcast -  0.000 s
[2018.10.29-11.43.49:644][  0]LogFileCache: Scanning file cache for directory 'L:/coded projects/KnifeThingy/Content/' took 1.19s
[2018.10.29-11.43.50:654][  0]SourceControl: Source control is disabled
[2018.10.29-11.43.50:654][  0]Cmd: MAP LOAD FILE="../../../../../../coded projects/KnifeThingy/Content/MAIN.umap" TEMPLATE=0 SHOWPROGRESS=1 FEATURELEVEL=3
[2018.10.29-11.43.50:654][  0]LightingResults: New page: Lighting Build
[2018.10.29-11.43.50:724][  0]MapCheck: New page: Map Check
[2018.10.29-11.43.50:724][  0]LightingResults: New page: Lighting Build
[2018.10.29-11.43.52:073][  0]LogAIModule: Creating AISystem for world MAIN
[2018.10.29-11.43.52:074][  0]LogEditorServer: Finished looking for orphan Actors (0.000 secs)
[2018.10.29-11.43.52:166][  0]Cmd: MAP CHECKDEP NOCLEARLOG
[2018.10.29-11.43.52:246][  0]MapCheck: Map check complete: 0 Error(s), 0 Warning(s), took 78.864ms to complete.
[2018.10.29-11.43.52:246][  0]LogFileHelpers: Loading map 'MAIN' took 1.592
[2018.10.29-11.43.52:673][  0]LogSlate: Updating window title bar state: overlay mode, drag disabled, window buttons hidden, title bar hidden
[2018.10.29-11.43.52:684][  0]LogSlate: Updating window title bar state: overlay mode, drag disabled, window buttons hidden, title bar hidden
[2018.10.29-11.43.52:695][  0]LogSlate: Updating window title bar state: overlay mode, drag disabled, window buttons hidden, title bar hidden
[2018.10.29-11.43.52:706][  0]LogSlate: Updating window title bar state: overlay mode, drag disabled, window buttons hidden, title bar hidden
[2018.10.29-11.43.56:194][  0]LogSlate: Only BGRA pngs, bmps or icos are supported in by External Image Picker
[2018.10.29-11.43.57:333][  0]LogTemp: Executing iPhonePackager certificates Engine -bundlename com.YourCompany.MyProject4
[2018.10.29-11.43.57:333][  0]LogTemp: CWD: L:\Program Files\Epic Games\UE_4.20\Engine\Binaries\DotNET\IOS
[2018.10.29-11.43.57:333][  0]LogTemp: Initial Dir: L:\Program Files\Epic Games\UE_4.20
[2018.10.29-11.43.57:333][  0]LogTemp: Env CWD: L:\Program Files\Epic Games\UE_4.20\Engine\Binaries\DotNET\IOS
[2018.10.29-11.43.57:333][  0]LogTemp: BranchPath = STEVEN-PC/L/Program Files/Epic Games/UE_4.20/Engine/Binaries --- GameBranchPath = STEVEN-PC/L/Program Files/Epic Games/UE_4.20/Engine/Binaries
[2018.10.29-11.43.57:333][  0]LogTemp: IPP ERROR: Could not find provision directory 'C:\Users\Steven\AppData\Local/Apple Computer/MobileDevice/Provisioning Profiles/'.
[2018.10.29-11.43.57:333][  0]LogCollectionManager: Loaded 0 collections in 0.001804 seconds
[2018.10.29-11.43.57:416][  0]LogFileCache: Scanning file cache for directory 'L:/coded projects/KnifeThingy/Saved/Collections/' took 0.01s
[2018.10.29-11.43.57:417][  0]LogFileCache: Scanning file cache for directory 'L:/coded projects/KnifeThingy/Content/Developers/Steven/Collections/' took 0.00s
[2018.10.29-11.43.57:417][  0]LogFileCache: Scanning file cache for directory 'L:/coded projects/KnifeThingy/Content/Collections/' took 0.00s
[2018.10.29-11.43.57:417][  0]LogCollectionManager: Rebuilt the GUID cache for 0 collections in 0.000001 seconds
[2018.10.29-11.43.57:434][  0]LogContentBrowser: Native class hierarchy populated in 0.0176 seconds. Added 2577 classes and 611 folders.
[2018.10.29-11.43.57:493][  0]LogContentBrowser: Native class hierarchy updated for 'WidgetCarousel' in 0.0004 seconds. Added 0 classes and 0 folders.
[2018.10.29-11.43.59:054][  0]LogContentBrowser: Native class hierarchy updated for 'AddContentDialog' in 0.0003 seconds. Added 0 classes and 0 folders.
[2018.10.29-11.43.59:055][  0]LogDirectoryWatcher: Warning: Failed to begin reading directory changes for ../../../../../../coded projects/KnifeThingy/Plugins/. Error: The system cannot find the file specified. (0x00000002)
[2018.10.29-11.43.59:100][  0]LogSlate: Took 0.037428 seconds to synchronously load lazily loaded font '../../../Engine/Content/Slate/Fonts/Roboto-Regular.ttf' (155K)
[2018.10.29-11.43.59:120][  0]LogSlate: Took 0.016897 seconds to synchronously load lazily loaded font '../../../Engine/Content/Slate/Fonts/Roboto-Bold.ttf' (160K)
[2018.10.29-11.43.59:422][  0]LogRenderer: Reallocating scene render targets to support 1616x1284 Format 10 NumSamples 1 (Frame:1).
[2018.10.29-11.43.59:868][  0]LogContentBrowser: Native class hierarchy updated for 'HierarchicalLODOutliner' in 0.0004 seconds. Added 0 classes and 0 folders.
[2018.10.29-11.43.59:869][  0]LogLoad: (Engine Initialization) Total time: 80.95 seconds
[2018.10.29-11.43.59:869][  0]LogLoad: (Engine Initialization) Total Blueprint compile time: 0.00 seconds
[2018.10.29-11.43.59:881][  0]LogSlate: FSceneViewport::OnFocusLost() reason 2
[2018.10.29-11.44.00:019][  0]LogContentStreaming: Texture pool size now 1000 MB
[2018.10.29-11.44.00:118][  1]LogFileCache: Retrieving MD5 hashes for directory 'L:/coded projects/KnifeThingy/Content/' took 0.13s
[2018.10.29-11.44.00:231][  2]LogAssetRegistry: Asset discovery search completed in 55.4062 seconds
[2018.10.29-11.44.00:233][  2]LogCollectionManager: Rebuilt the object cache for 0 collections in 0.000001 seconds (found 0 objects)
[2018.10.29-11.44.00:233][  2]LogCollectionManager: Fixed up redirectors for 0 collections in 0.000065 seconds (updated 0 objects)
[2018.10.29-11.44.01:431][ 53]LogSlate: Took 0.016997 seconds to synchronously load lazily loaded font '../../../Engine/Content/Slate/Fonts/Roboto-Light.ttf' (167K)
[2018.10.29-11.44.02:744][ 56]LogSlate: Window 'Plugins' being destroyed
[2018.10.29-11.44.02:922][ 56]LogDirectoryWatcher: A directory notification for '../../../Engine/Plugins/' was aborted.
[2018.10.29-11.44.02:949][ 56]LogSlate: Window 'MyProject4 - Unreal Editor' being destroyed
[2018.10.29-11.44.03:551][ 57]Cmd: QUIT_EDITOR
[2018.10.29-11.44.03:967][ 57]LogExit: Preparing to exit.
[2018.10.29-11.44.04:927][ 57]LogExit: Editor shut down
[2018.10.29-11.44.04:928][ 57]LogExit: Transaction tracking system shut down
[2018.10.29-11.44.07:218][ 57]LogExit: Object subsystem successfully closed.
[2018.10.29-11.44.07:516][ 57]LogShaderCompilers: Display: Shaders left to compile 0
[2018.10.29-11.44.07:537][ 57]LogD3D11RHI: Shutdown
[2018.10.29-11.44.07:546][ 57]LogD3D11RHI: CleanupD3DDevice
[2018.10.29-11.44.07:708][ 57]LogD3D11RHI: ~FD3D11DynamicRHI
[2018.10.29-11.44.09:222][ 57]LogModuleManager: Shutting down and abandoning module HierarchicalLODOutliner (616)
[2018.10.29-11.44.09:222][ 57]LogModuleManager: Shutting down and abandoning module AddContentDialog (614)
[2018.10.29-11.44.09:248][ 57]LogModuleManager: Shutting down and abandoning module WidgetCarousel (613)
[2018.10.29-11.44.09:249][ 57]LogModuleManager: Shutting down and abandoning module EditorWidgets (610)
[2018.10.29-11.44.09:249][ 57]LogModuleManager: Shutting down and abandoning module CollectionManager (608)
[2018.10.29-11.44.09:272][ 57]LogModuleManager: Shutting down and abandoning module ExternalImagePicker (606)
[2018.10.29-11.44.09:272][ 57]LogModuleManager: Shutting down and abandoning module SceneOutliner (604)
[2018.10.29-11.44.09:293][ 57]LogModuleManager: Shutting down and abandoning module StatsViewer (602)
[2018.10.29-11.44.09:299][ 57]LogModuleManager: Shutting down and abandoning module FoliageEdit (600)
[2018.10.29-11.44.09:308][ 57]LogModuleManager: Shutting down and abandoning module LandscapeEditor (598)
[2018.10.29-11.44.09:334][ 57]LogModuleManager: Shutting down and abandoning module MeshPaintMode (596)
[2018.10.29-11.44.09:340][ 57]LogModuleManager: Shutting down and abandoning module SceneDepthPickerMode (594)
[2018.10.29-11.44.09:340][ 57]LogModuleManager: Shutting down and abandoning module ActorPickerMode (592)
[2018.10.29-11.44.09:340][ 57]LogModuleManager: Shutting down and abandoning module GeometryMode (590)
[2018.10.29-11.44.09:340][ 57]LogModuleManager: Shutting down and abandoning module TextureAlignMode (588)
[2018.10.29-11.44.09:340][ 57]LogModuleManager: Shutting down and abandoning module BspMode (586)
[2018.10.29-11.44.09:340][ 57]LogModuleManager: Shutting down and abandoning module PIEPreviewDeviceProfileSelector (584)
[2018.10.29-11.44.09:350][ 57]LogModuleManager: Shutting down and abandoning module SequenceRecorderSections (582)
[2018.10.29-11.44.09:361][ 57]LogModuleManager: Shutting down and abandoning module AutomationWorker (580)
[2018.10.29-11.44.09:361][ 57]LogModuleManager: Shutting down and abandoning module AudioCaptureEditor (578)
[2018.10.29-11.44.09:361][ 57]LogModuleManager: Shutting down and abandoning module SequenceRecorder (577)
[2018.10.29-11.44.09:372][ 57]LogModuleManager: Shutting down and abandoning module MatineeToLevelSequence (574)
[2018.10.29-11.44.09:385][ 57]LogModuleManager: Shutting down and abandoning module LevelSequenceEditor (572)
[2018.10.29-11.44.09:399][ 57]LogModuleManager: Shutting down and abandoning module PlacementMode (571)
[2018.10.29-11.44.09:399][ 57]LogModuleManager: Shutting down and abandoning module MaterialEditor (570)
[2018.10.29-11.44.09:439][ 57]LogModuleManager: Shutting down and abandoning module WmfMediaFactory (566)
[2018.10.29-11.44.09:439][ 57]LogModuleManager: Shutting down and abandoning module WmfMediaEditor (564)
[2018.10.29-11.44.09:439][ 57]LogModuleManager: Shutting down and abandoning module MediaPlayerEditor (562)
[2018.10.29-11.44.09:458][ 57]LogModuleManager: Shutting down and abandoning module OpenExrWrapper (560)
[2018.10.29-11.44.09:459][ 57]LogModuleManager: Shutting down and abandoning module ImgMediaFactory (558)
[2018.10.29-11.44.09:459][ 57]LogModuleManager: Shutting down and abandoning module ImgMediaEditor (556)
[2018.10.29-11.44.09:459][ 57]LogModuleManager: Shutting down and abandoning module AvfMediaFactory (554)
[2018.10.29-11.44.09:459][ 57]LogModuleManager: Shutting down and abandoning module AvfMediaEditor (552)
[2018.10.29-11.44.09:459][ 57]LogModuleManager: Shutting down and abandoning module AndroidMediaFactory (550)
[2018.10.29-11.44.09:459][ 57]LogModuleManager: Shutting down and abandoning module AndroidMediaEditor (548)
[2018.10.29-11.44.09:459][ 57]LogModuleManager: Shutting down and abandoning module MagicLeapCameraPreviewFactory (546)
[2018.10.29-11.44.09:459][ 57]LogModuleManager: Shutting down and abandoning module MagicLeapMediaFactory (544)
[2018.10.29-11.44.09:459][ 57]LogModuleManager: Shutting down and abandoning module MagicLeapMediaEditor (542)
[2018.10.29-11.44.09:459][ 57]LogModuleManager: Shutting down and abandoning module CharacterAI (540)
[2018.10.29-11.44.09:459][ 57]LogModuleManager: Shutting down and abandoning module SmartSnapping (538)
[2018.10.29-11.44.09:459][ 57]LogModuleManager: Shutting down and abandoning module SessionServices (536)
[2018.10.29-11.44.09:459][ 57]LogModuleManager: Shutting down and abandoning module ViewportSnapping (534)
[2018.10.29-11.44.09:459][ 57]LogModuleManager: Shutting down and abandoning module ViewportInteraction (532)
[2018.10.29-11.44.09:459][ 57]LogModuleManager: Shutting down and abandoning module ClothPainter (530)
[2018.10.29-11.44.09:490][ 57]LogModuleManager: Shutting down and abandoning module SkeletalMeshEditor (529)
[2018.10.29-11.44.09:513][ 57]LogModuleManager: Shutting down and abandoning module LogVisualizer (526)
[2018.10.29-11.44.09:530][ 57]LogModuleManager: Shutting down and abandoning module IntroTutorials (524)
[2018.10.29-11.44.09:534][ 57]LogModuleManager: Shutting down and abandoning module GameProjectGeneration (523)
[2018.10.29-11.44.09:552][ 57]LogModuleManager: Shutting down and abandoning module LuminPlatformEditor (520)
[2018.10.29-11.44.09:552][ 57]LogModuleManager: Shutting down and abandoning module IOSPlatformEditor (518)
[2018.10.29-11.44.09:552][ 57]LogModuleManager: Shutting down and abandoning module HTML5PlatformEditor (516)
[2018.10.29-11.44.09:552][ 57]LogModuleManager: Shutting down and abandoning module AndroidPlatformEditor (514)
[2018.10.29-11.44.09:552][ 57]LogModuleManager: Shutting down and abandoning module AndroidDeviceDetection (513)
[2018.10.29-11.44.11:375][ 57]LogModuleManager: Shutting down and abandoning module WindowsPlatformEditor (510)
[2018.10.29-11.44.11:375][ 57]LogModuleManager: Shutting down and abandoning module LuminRuntimeSettings (508)
[2018.10.29-11.44.11:375][ 57]LogModuleManager: Shutting down and abandoning module IOSRuntimeSettings (506)
[2018.10.29-11.44.11:375][ 57]LogModuleManager: Shutting down and abandoning module AndroidRuntimeSettings (504)
[2018.10.29-11.44.11:375][ 57]LogModuleManager: Shutting down and abandoning module InputBindingEditor (502)
[2018.10.29-11.44.11:399][ 57]LogModuleManager: Shutting down and abandoning module MergeActors (500)
[2018.10.29-11.44.11:421][ 57]LogModuleManager: Shutting down and abandoning module LocalizationDashboard (498)
[2018.10.29-11.44.11:432][ 57]LogModuleManager: Shutting down and abandoning module LocalizationService (497)
[2018.10.29-11.44.11:445][ 57]LogModuleManager: Shutting down and abandoning module HardwareTargeting (494)
[2018.10.29-11.44.11:445][ 57]LogModuleManager: Shutting down and abandoning module DeviceProfileEditor (492)
[2018.10.29-11.44.11:445][ 57]LogModuleManager: Shutting down and abandoning module UndoHistory (490)
[2018.10.29-11.44.11:458][ 57]LogModuleManager: Shutting down and abandoning module XmlParser (488)
[2018.10.29-11.44.11:458][ 57]LogModuleManager: Shutting down and abandoning module Blutility (486)
[2018.10.29-11.44.11:474][ 57]LogModuleManager: Shutting down and abandoning module ProjectSettingsViewer (484)
[2018.10.29-11.44.11:474][ 57]LogModuleManager: Shutting down and abandoning module ProjectTargetPlatformEditor (483)
[2018.10.29-11.44.11:474][ 57]LogModuleManager: Shutting down and abandoning module EditorSettingsViewer (480)
[2018.10.29-11.44.11:474][ 57]LogModuleManager: Shutting down and abandoning module SettingsEditor (478)
[2018.10.29-11.44.11:499][ 57]LogModuleManager: Shutting down and abandoning module ProjectLauncher (476)
[2018.10.29-11.44.11:515][ 57]LogModuleManager: Shutting down and abandoning module SessionFrontend (474)
[2018.10.29-11.44.11:525][ 57]LogModuleManager: Shutting down and abandoning module ProfilerClient (472)
[2018.10.29-11.44.11:541][ 57]LogModuleManager: Shutting down and abandoning module DeviceManager (470)
[2018.10.29-11.44.11:554][ 57]LogModuleManager: Shutting down and abandoning module TargetDeviceServices (469)
[2018.10.29-11.44.11:620][ 57]LogModuleManager: Shutting down and abandoning module AutomationController (466)
[2018.10.29-11.44.11:642][ 57]LogModuleManager: Shutting down and abandoning module AutomationWindow (464)
[2018.10.29-11.44.11:650][ 57]LogModuleManager: Shutting down and abandoning module Layers (462)
[2018.10.29-11.44.11:672][ 57]LogModuleManager: Shutting down and abandoning module ComponentVisualizers (460)
[2018.10.29-11.44.11:672][ 57]LogModuleManager: Shutting down and abandoning module DetailCustomizations (458)
[2018.10.29-11.44.11:683][ 57]LogModuleManager: Shutting down and abandoning module PackagesDialog (456)
[2018.10.29-11.44.11:698][ 57]LogModuleManager: Shutting down and abandoning module Persona (454)
[2018.10.29-11.44.11:727][ 57]LogModuleManager: Shutting down and abandoning module AdvancedPreviewScene (453)
[2018.10.29-11.44.11:727][ 57]LogModuleManager: Shutting down and abandoning module AnimGraph (451)
[2018.10.29-11.44.11:737][ 57]LogModuleManager: Shutting down and abandoning module Kismet (448)
[2018.10.29-11.44.11:763][ 57]LogModuleManager: Shutting down and abandoning module GraphEditor (446)
[2018.10.29-11.44.11:791][ 57]LogModuleManager: Shutting down and abandoning module ClassViewer (444)
[2018.10.29-11.44.11:791][ 57]LogModuleManager: Shutting down and abandoning module Toolbox (442)
[2018.10.29-11.44.11:792][ 57]LogModuleManager: Shutting down and abandoning module ModuleUI (440)
[2018.10.29-11.44.11:806][ 57]LogModuleManager: Shutting down and abandoning module MovieSceneTools (438)
[2018.10.29-11.44.11:827][ 57]LogModuleManager: Shutting down and abandoning module OutputLog (436)
[2018.10.29-11.44.11:827][ 57]LogModuleManager: Shutting down and abandoning module GammaUI (434)
[2018.10.29-11.44.11:842][ 57]LogModuleManager: Shutting down and abandoning module Documentation (432)
[2018.10.29-11.44.11:842][ 57]LogModuleManager: Shutting down and abandoning module MovieSceneTracks (430)
[2018.10.29-11.44.11:842][ 57]LogModuleManager: Shutting down and abandoning module MovieScene (428)
[2018.10.29-11.44.11:866][ 57]LogModuleManager: Shutting down and abandoning module StreamingPauseRendering (426)
[2018.10.29-11.44.11:874][ 57]LogModuleManager: Shutting down and abandoning module LauncherPlatform (424)
[2018.10.29-11.44.11:875][ 57]LogModuleManager: Shutting down and abandoning module AnalyticsET (422)
[2018.10.29-11.44.11:875][ 57]LogModuleManager: Shutting down and abandoning module PortalServices (420)
[2018.10.29-11.44.11:875][ 57]LogModuleManager: Shutting down and abandoning module PortalRpc (418)
[2018.10.29-11.44.11:875][ 57]LogModuleManager: Shutting down and abandoning module MessagingRpc (416)
[2018.10.29-11.44.11:875][ 57]LogModuleManager: Shutting down and abandoning module AIModule (414)
[2018.10.29-11.44.11:889][ 57]LogModuleManager: Shutting down and abandoning module GameplayDebugger (413)
[2018.10.29-11.44.11:906][ 57]LogModuleManager: Shutting down and abandoning module AITestSuite (411)
[2018.10.29-11.44.11:916][ 57]LogModuleManager: Shutting down and abandoning module NavigationSystem (409)
[2018.10.29-11.44.11:916][ 57]LogModuleManager: Shutting down and abandoning module DesktopPlatform (406)
[2018.10.29-11.44.11:916][ 57]LogModuleManager: Shutting down and abandoning module ProfilerService (404)
[2018.10.29-11.44.12:050][ 57]LogModuleManager: Shutting down and abandoning module TaskGraph (402)
[2018.10.29-11.44.12:071][ 57]LogModuleManager: Shutting down and abandoning module SteamVRController (400)
[2018.10.29-11.44.12:071][ 57]LogModuleManager: Shutting down and abandoning module ProceduralMeshComponentEditor (398)
[2018.10.29-11.44.12:071][ 57]LogModuleManager: Shutting down and abandoning module ProceduralMeshComponent (396)
[2018.10.29-11.44.12:085][ 57]LogModuleManager: Shutting down and abandoning module OculusInput (394)
[2018.10.29-11.44.12:085][ 57]LogModuleManager: Shutting down and abandoning module MobilePatchingUtils (392)
[2018.10.29-11.44.12:085][ 57]LogModuleManager: Shutting down and abandoning module EditableMesh (390)
[2018.10.29-11.44.12:098][ 57]LogModuleManager: Shutting down and abandoning module CustomMeshComponent (388)
[2018.10.29-11.44.12:098][ 57]LogModuleManager: Shutting down and abandoning module CableComponent (386)
[2018.10.29-11.44.12:098][ 57]LogModuleManager: Shutting down and abandoning module AudioCapture (384)
[2018.10.29-11.44.12:098][ 57]LogModuleManager: Shutting down and abandoning module ArchVisCharacter (382)
[2018.10.29-11.44.12:098][ 57]LogModuleManager: Shutting down and abandoning module AndroidPermission (380)
[2018.10.29-11.44.12:098][ 57]LogModuleManager: Shutting down and abandoning module NUTUnrealEngine4 (378)
[2018.10.29-11.44.12:098][ 57]LogModuleManager: Shutting down and abandoning module NetcodeUnitTest (376)
[2018.10.29-11.44.12:120][ 57]LogModuleManager: Shutting down and abandoning module MediaCompositingEditor (374)
[2018.10.29-11.44.12:121][ 57]LogModuleManager: Shutting down and abandoning module MediaCompositing (372)
[2018.10.29-11.44.12:121][ 57]LogModuleManager: Shutting down and abandoning module LinearTimecode (370)
[2018.10.29-11.44.12:121][ 57]LogModuleManager: Shutting down and abandoning module ImgMedia (368)
[2018.10.29-11.44.12:139][ 57]LogModuleManager: Shutting down and abandoning module UniversalMobileAds (366)
[2018.10.29-11.44.12:139][ 57]LogModuleManager: Shutting down and abandoning module gameDNAinstaller (364)
[2018.10.29-11.44.12:139][ 57]LogGameDNAinstaller: Display: gameDNA installer module shutdown
[2018.10.29-11.44.12:163][ 57]LogModuleManager: Shutting down and abandoning module HTML5Networking (362)
[2018.10.29-11.44.12:164][ 57]LogModuleManager: Shutting down and abandoning module GeometryCacheTracks (360)
[2018.10.29-11.44.12:164][ 57]LogModuleManager: Shutting down and abandoning module GeometryCacheSequencer (358)
[2018.10.29-11.44.12:164][ 57]LogModuleManager: Shutting down and abandoning module BackChannel (356)
[2018.10.29-11.44.12:189][ 57]LogModuleManager: Shutting down and abandoning module AppleVision (354)
[2018.10.29-11.44.12:189][ 57]LogModuleManager: Shutting down and abandoning module AppleImageUtils (352)
[2018.10.29-11.44.12:189][ 57]LogModuleManager: Shutting down and abandoning module AlembicImporter (350)
[2018.10.29-11.44.12:189][ 57]LogModuleManager: Shutting down and abandoning module AlembicLibrary (349)
[2018.10.29-11.44.12:189][ 57]LogModuleManager: Shutting down and abandoning module GeometryCache (348)
[2018.10.29-11.44.12:189][ 57]LogModuleManager: Shutting down and abandoning module GeometryCacheEd (347)
[2018.10.29-11.44.12:189][ 57]LogModuleManager: Shutting down and abandoning module DatasmithContentEditor (342)
[2018.10.29-11.44.12:206][ 57]LogModuleManager: Shutting down and abandoning module DatasmithContent (340)
[2018.10.29-11.44.12:207][ 57]LogModuleManager: Shutting down and abandoning module SpeedTreeImporter (338)
[2018.10.29-11.44.12:207][ 57]LogModuleManager: Shutting down and abandoning module PluginBrowser (336)
[2018.10.29-11.44.12:207][ 57]LogModuleManager: Shutting down and abandoning module MobileLauncherProfileWizard (334)
[2018.10.29-11.44.12:221][ 57]LogModuleManager: Shutting down and abandoning module PolygonModeling (332)
[2018.10.29-11.44.12:221][ 57]LogModuleManager: Shutting down and abandoning module MeshEditor (330)
[2018.10.29-11.44.12:233][ 57]LogModuleManager: Shutting down and abandoning module CryptoKeysOpenSSL (328)
[2018.10.29-11.44.12:243][ 57]LogModuleManager: Shutting down and abandoning module CryptoKeys (326)
[2018.10.29-11.44.12:243][ 57]LogModuleManager: Shutting down and abandoning module VisualStudioSourceCodeAccess (324)
[2018.10.29-11.44.12:243][ 57]LogModuleManager: Shutting down and abandoning module VisualStudioCodeSourceCodeAccess (322)
[2018.10.29-11.44.12:243][ 57]LogModuleManager: Shutting down and abandoning module UObjectPlugin (320)
[2018.10.29-11.44.12:243][ 57]LogModuleManager: Shutting down and abandoning module SubversionSourceControl (318)
[2018.10.29-11.44.12:254][ 57]LogModuleManager: Shutting down and abandoning module PerforceSourceControl (316)
[2018.10.29-11.44.12:269][ 57]LogModuleManager: Shutting down and abandoning module GitSourceControl (314)
[2018.10.29-11.44.12:298][ 57]LogModuleManager: Shutting down and abandoning module SourceControl (313)
[2018.10.29-11.44.12:298][ 57]LogModuleManager: Shutting down and abandoning module CLionSourceCodeAccess (310)
[2018.10.29-11.44.12:298][ 57]LogModuleManager: Shutting down and abandoning module LightPropagationVolumeEditor (308)
[2018.10.29-11.44.12:298][ 57]LogModuleManager: Shutting down and abandoning module PaperTiledImporter (306)
[2018.10.29-11.44.12:298][ 57]LogModuleManager: Shutting down and abandoning module PaperSpriteSheetImporter (304)
[2018.10.29-11.44.12:298][ 57]LogModuleManager: Shutting down and abandoning module Paper2DEditor (302)
[2018.10.29-11.44.12:318][ 57]LogModuleManager: Shutting down and abandoning module MeshPaint (301)
[2018.10.29-11.44.12:328][ 57]LogModuleManager: Shutting down and abandoning module RuntimePhysXCooking (298)
[2018.10.29-11.44.12:328][ 57]LogModuleManager: Shutting down and abandoning module PhysXVehiclesEditor (296)
[2018.10.29-11.44.12:328][ 57]LogModuleManager: Shutting down and abandoning module PhysXVehicles (294)
[2018.10.29-11.44.12:328][ 57]LogModuleManager: Shutting down and abandoning module OculusEditor (292)
[2018.10.29-11.44.12:336][ 57]LogModuleManager: Shutting down and abandoning module LocationServicesBPLibrary (290)
[2018.10.29-11.44.12:337][ 57]LogModuleManager: Shutting down and abandoning module ImmediatePhysicsEditor (288)
[2018.10.29-11.44.12:337][ 57]LogModuleManager: Shutting down and abandoning module ImmediatePhysics (286)
[2018.10.29-11.44.12:346][ 57]LogModuleManager: Shutting down and abandoning module ActorSequence (284)
[2018.10.29-11.44.12:346][ 57]LogModuleManager: Shutting down and abandoning module UdpMessaging (282)
[2018.10.29-11.44.12:446][ 57]LogModuleManager: Shutting down and abandoning module TcpMessaging (280)
[2018.10.29-11.44.12:557][ 57]LogModuleManager: Shutting down and abandoning module MagicLeapAudio (278)
[2018.10.29-11.44.12:557][ 57]LogModuleManager: Shutting down and abandoning module GameplayTagsEditor (276)
[2018.10.29-11.44.12:566][ 57]LogModuleManager: Shutting down and abandoning module FacialAnimationEditor (274)
[2018.10.29-11.44.12:566][ 57]LogModuleManager: Shutting down and abandoning module FacialAnimation (272)
[2018.10.29-11.44.12:566][ 57]LogModuleManager: Shutting down and abandoning module DataValidation (270)
[2018.10.29-11.44.12:567][ 57]LogModuleManager: Shutting down and abandoning module AssetManagerEditor (268)
[2018.10.29-11.44.12:579][ 57]LogModuleManager: Shutting down and abandoning module LevelEditor (267)
[2018.10.29-11.44.12:603][ 57]LogModuleManager: Shutting down and abandoning module PixelInspectorModule (266)
[2018.10.29-11.44.12:611][ 57]LogModuleManager: Shutting down and abandoning module CommonMenuExtensions (264)
[2018.10.29-11.44.12:611][ 57]LogModuleManager: Shutting down and abandoning module MainFrame (262)
[2018.10.29-11.44.12:623][ 57]LogModuleManager: Shutting down and abandoning module HotReload (261)
[2018.10.29-11.44.12:632][ 57]LogModuleManager: Shutting down and abandoning module ContentBrowser (257)
[2018.10.29-11.44.12:645][ 57]LogModuleManager: Shutting down and abandoning module TreeMap (255)
[2018.10.29-11.44.12:659][ 57]LogModuleManager: Shutting down and abandoning module LightPropagationVolumeRuntime (252)
[2018.10.29-11.44.12:659][ 57]LogModuleManager: Shutting down and abandoning module AISupportModule (250)
[2018.10.29-11.44.12:659][ 57]LogModuleManager: Shutting down and abandoning module Paper2D (248)
[2018.10.29-11.44.12:675][ 57]LogModuleManager: Shutting down and abandoning module WindowsMoviePlayer (246)
[2018.10.29-11.44.12:692][ 57]LogModuleManager: Shutting down and abandoning module WmfMedia (244)
[2018.10.29-11.44.12:710][ 57]LogModuleManager: Shutting down and abandoning module Media (243)
[2018.10.29-11.44.12:716][ 57]LogModuleManager: Shutting down and abandoning module PacketHandler (240)
[2018.10.29-11.44.12:716][ 57]LogModuleManager: Shutting down and abandoning module ClothingSystemEditor (238)
[2018.10.29-11.44.12:716][ 57]LogModuleManager: Shutting down and abandoning module ClothingSystemRuntime (236)
[2018.10.29-11.44.12:733][ 57]LogModuleManager: Shutting down and abandoning module MediaAssets (234)
[2018.10.29-11.44.12:733][ 57]LogModuleManager: Shutting down and abandoning module Overlay (232)
[2018.10.29-11.44.12:733][ 57]LogModuleManager: Shutting down and abandoning module OverlayEditor (231)
[2018.10.29-11.44.12:733][ 57]LogModuleManager: Shutting down and abandoning module VREditor (228)
[2018.10.29-11.44.12:750][ 57]LogModuleManager: Shutting down and abandoning module StringTableEditor (226)
[2018.10.29-11.44.12:767][ 57]LogModuleManager: Shutting down and abandoning module GameplayTasksEditor (224)
[2018.10.29-11.44.12:767][ 57]LogModuleManager: Shutting down and abandoning module BehaviorTreeEditor (222)
[2018.10.29-11.44.12:797][ 57]LogModuleManager: Shutting down and abandoning module FunctionalTesting (220)
[2018.10.29-11.44.12:813][ 57]LogModuleManager: Shutting down and abandoning module CollisionAnalyzer (218)
[2018.10.29-11.44.12:836][ 57]LogModuleManager: Shutting down and abandoning module WorkspaceMenuStructure (217)
[2018.10.29-11.44.12:836][ 57]LogModuleManager: Shutting down and abandoning module UMG (214)
[2018.10.29-11.44.12:858][ 57]LogModuleManager: Shutting down and abandoning module UMGEditor (213)
[2018.10.29-11.44.12:880][ 57]LogModuleManager: Shutting down and abandoning module Sequencer (212)
[2018.10.29-11.44.12:901][ 57]LogModuleManager: Shutting down and abandoning module MessageLog (209)
[2018.10.29-11.44.12:901][ 57]LogModuleManager: Shutting down and abandoning module SlateReflector (204)
[2018.10.29-11.44.12:920][ 57]LogModuleManager: Shutting down and abandoning module Slate (202)
[2018.10.29-11.44.12:920][ 57]LogModuleManager: Shutting down and abandoning module EditorStyle (200)
[2018.10.29-11.44.12:954][ 57]LogModuleManager: Shutting down and abandoning module MRMesh (198)
[2018.10.29-11.44.12:966][ 57]LogModuleManager: Shutting down and abandoning module SourceCodeAccess (196)
[2018.10.29-11.44.12:966][ 57]LogModuleManager: Shutting down and abandoning module HeadMountedDisplay (194)
[2018.10.29-11.44.12:966][ 57]LogModuleManager: Shutting down and abandoning module XAudio2 (192)
[2018.10.29-11.44.12:966][ 57]LogModuleManager: Shutting down and abandoning module Networking (190)
[2018.10.29-11.44.12:966][ 57]LogModuleManager: Shutting down and abandoning module Core (188)
[2018.10.29-11.44.12:966][ 57]LogModuleManager: Shutting down and abandoning module LevelSequence (186)
[2018.10.29-11.44.12:966][ 57]LogModuleManager: Shutting down and abandoning module KismetCompiler (184)
[2018.10.29-11.44.12:966][ 57]LogModuleManager: Shutting down and abandoning module MeshUtilities (182)
[2018.10.29-11.44.12:989][ 57]LogModuleManager: Shutting down and abandoning module MeshMergeUtilities (181)
[2018.10.29-11.44.12:995][ 57]LogModuleManager: Shutting down and abandoning module MeshReductionInterface (180)
[2018.10.29-11.44.12:995][ 57]LogModuleManager: Shutting down and abandoning module SimplygonSwarm (179)
[2018.10.29-11.44.13:002][ 57]LogModuleManager: Shutting down and abandoning module ProxyLODMeshReduction (177)
[2018.10.29-11.44.13:021][ 57]LogModuleManager: Shutting down and abandoning module SimplygonMeshReduction (175)
[2018.10.29-11.44.13:021][ 57]LogModuleManager: Shutting down and abandoning module QuadricMeshReduction (173)
[2018.10.29-11.44.13:038][ 57]LogModuleManager: Shutting down and abandoning module MaterialBaking (169)
[2018.10.29-11.44.13:050][ 57]LogModuleManager: Shutting down and abandoning module DirectoryWatcher (165)
[2018.10.29-11.44.13:050][ 57]LogModuleManager: Shutting down and abandoning module DerivedDataCache (162)
[2018.10.29-11.44.13:378][ 57]LogDerivedDataCache: Shutdown
[2018.10.29-11.44.13:378][ 57]LogModuleManager: Shutting down and abandoning module XGEController (160)
[2018.10.29-11.44.13:378][ 57]LogModuleManager: Shutting down and abandoning module TargetPlatform (158)
[2018.10.29-11.44.13:378][ 57]LogModuleManager: Shutting down and abandoning module VulkanShaderFormat (157)
[2018.10.29-11.44.13:393][ 57]LogModuleManager: Shutting down and abandoning module ShaderFormatVectorVM (155)
[2018.10.29-11.44.13:401][ 57]LogModuleManager: Shutting down and abandoning module ShaderFormatOpenGL (153)
[2018.10.29-11.44.13:405][ 57]LogModuleManager: Shutting down and abandoning module ShaderFormatD3D (151)
[2018.10.29-11.44.13:405][ 57]LogModuleManager: Shutting down and abandoning module MetalShaderFormat (149)
[2018.10.29-11.44.13:421][ 57]LogModuleManager: Shutting down and abandoning module TextureFormatUncompressed (147)
[2018.10.29-11.44.13:421][ 57]LogModuleManager: Shutting down and abandoning module TextureFormatPVR (145)
[2018.10.29-11.44.13:421][ 57]LogModuleManager: Shutting down and abandoning module TextureFormatDXT (143)
[2018.10.29-11.44.13:439][ 57]LogModuleManager: Shutting down and abandoning module TextureFormatIntelISPCTexComp (141)
[2018.10.29-11.44.13:440][ 57]LogModuleManager: Shutting down and abandoning module TextureFormatASTC (139)
[2018.10.29-11.44.13:440][ 57]LogModuleManager: Shutting down and abandoning module ImageWrapper (138)
[2018.10.29-11.44.13:440][ 57]LogModuleManager: Shutting down and abandoning module TextureFormatAndroid (135)
[2018.10.29-11.44.13:440][ 57]LogModuleManager: Shutting down and abandoning module AudioFormatOpus (133)
[2018.10.29-11.44.13:440][ 57]LogModuleManager: Shutting down and abandoning module AudioFormatOgg (131)
[2018.10.29-11.44.13:440][ 57]LogModuleManager: Shutting down and abandoning module AudioFormatADPCM (129)
[2018.10.29-11.44.13:440][ 57]LogModuleManager: Shutting down and abandoning module LuminTargetPlatform (127)
[2018.10.29-11.44.13:440][ 57]LogModuleManager: Shutting down and abandoning module LinuxTargetPlatform (125)
[2018.10.29-11.44.13:440][ 57]LogModuleManager: Shutting down and abandoning module LinuxServerTargetPlatform (123)
[2018.10.29-11.44.13:440][ 57]LogModuleManager: Shutting down and abandoning module LinuxNoEditorTargetPlatform (121)
[2018.10.29-11.44.13:446][ 57]LogModuleManager: Shutting down and abandoning module LinuxClientTargetPlatform (119)
[2018.10.29-11.44.13:459][ 57]LogModuleManager: Shutting down and abandoning module TVOSTargetPlatform (117)
[2018.10.29-11.44.13:461][ 57]LogModuleManager: Shutting down and abandoning module Messaging (115)
[2018.10.29-11.44.13:461][ 57]LogModuleManager: Shutting down and abandoning module IOSTargetPlatform (113)
[2018.10.29-11.44.13:466][ 57]LogModuleManager: Shutting down and abandoning module HTML5TargetPlatform (111)
[2018.10.29-11.44.13:466][ 57]LogModuleManager: Shutting down and abandoning module AndroidTargetPlatform (109)
[2018.10.29-11.44.13:582][ 57]LogModuleManager: Shutting down and abandoning module WindowsTargetPlatform (107)
[2018.10.29-11.44.13:582][ 57]LogModuleManager: Shutting down and abandoning module WindowsServerTargetPlatform (105)
[2018.10.29-11.44.13:582][ 57]LogModuleManager: Shutting down and abandoning module WindowsNoEditorTargetPlatform (103)
[2018.10.29-11.44.13:582][ 57]LogModuleManager: Shutting down and abandoning module WindowsClientTargetPlatform (101)
[2018.10.29-11.44.13:582][ 57]LogModuleManager: Shutting down and abandoning module MacTargetPlatform (99)
[2018.10.29-11.44.13:582][ 57]LogModuleManager: Shutting down and abandoning module MacServerTargetPlatform (97)
[2018.10.29-11.44.13:582][ 57]LogModuleManager: Shutting down and abandoning module MacNoEditorTargetPlatform (95)
[2018.10.29-11.44.13:582][ 57]LogModuleManager: Shutting down and abandoning module MacClientTargetPlatform (93)
[2018.10.29-11.44.13:582][ 57]LogModuleManager: Shutting down and abandoning module AllDesktopTargetPlatform (91)
[2018.10.29-11.44.13:582][ 57]LogModuleManager: Shutting down and abandoning module InputCore (88)
[2018.10.29-11.44.13:582][ 57]LogModuleManager: Shutting down and abandoning module Settings (86)
[2018.10.29-11.44.13:583][ 57]LogModuleManager: Shutting down and abandoning module PhysXCooking (84)
[2018.10.29-11.44.13:583][ 57]LogModuleManager: Shutting down and abandoning module SteamVR (82)
[2018.10.29-11.44.13:583][ 57]LogModuleManager: Shutting down and abandoning module OculusHMD (80)
[2018.10.29-11.44.13:595][ 57]LogModuleManager: Shutting down and abandoning module ExampleDeviceProfileSelector (78)
[2018.10.29-11.44.13:595][ 57]LogModuleManager: Shutting down and abandoning module LauncherChunkInstaller (76)
[2018.10.29-11.44.13:595][ 57]LogModuleManager: Shutting down and abandoning module OnlineBlueprintSupport (74)
[2018.10.29-11.44.13:595][ 57]LogModuleManager: Shutting down and abandoning module OnlineSubsystem (70)
[2018.10.29-11.44.13:641][ 57]LogModuleManager: Shutting down and abandoning module XMPP (65)
[2018.10.29-11.44.13:661][ 57]LogModuleManager: Shutting down and abandoning module WebSockets (64)
[2018.10.29-11.44.13:713][ 57]LogModuleManager: Shutting down and abandoning module HTTP (61)
[2018.10.29-11.44.13:722][ 57]LogHttp: Display: Http module shutting down, but needs to wait on 1 outstanding Http requests:
[2018.10.29-11.44.13:722][ 57]LogHttp: Display: 	verb=[POST] url=[https://datarouter.ol.epicgames.com/datarouter/api/v1/public/data?SessionID=%7B3FBCCEEC-473F-EE4D-3B06-D3AA47E4E8B5%7D&AppID=UEEditor.Rocket.Release&AppVersion=4.20.2-4302132%2B%2B%2BUE4%2BRelease-4.20&UserID=6b7b0c9d4ae7080f718926b0c0e74592%7Ca8acd073419d4ba5af06128a796b67e5%7C16748a16-ac96-4a19-acf9-81021a0a2cc2&AppEnvironment=datacollector-binary&UploadType=eteventstream] status=Processing
[2018.10.29-11.44.13:748][ 57]LogModuleManager: Shutting down and abandoning module SSL (60)
[2018.10.29-11.44.13:764][ 57]LogModuleManager: Shutting down and abandoning module MagicLeapEmulator (56)
[2018.10.29-11.44.13:764][ 57]LogModuleManager: Shutting down and abandoning module MagicLeapPrivileges (54)
[2018.10.29-11.44.13:764][ 57]LogModuleManager: Shutting down and abandoning module MagicLeapIdentity (52)
[2018.10.29-11.44.13:764][ 57]LogModuleManager: Shutting down and abandoning module MagicLeapHelperVulkan (50)
[2018.10.29-11.44.13:765][ 57]LogModuleManager: Shutting down and abandoning module MagicLeapHelperOpenGL (48)
[2018.10.29-11.44.13:765][ 57]LogModuleManager: Shutting down and abandoning module MagicLeapSecureStorage (46)
[2018.10.29-11.44.13:765][ 57]LogModuleManager: Shutting down and abandoning module MagicLeapGestures (44)
[2018.10.29-11.44.13:777][ 57]LogModuleManager: Shutting down and abandoning module MagicLeapEyeTracker (42)
[2018.10.29-11.44.13:777][ 57]LogModuleManager: Shutting down and abandoning module MagicLeapController (40)
[2018.10.29-11.44.13:779][ 57]LogSlate: Slate User Destroyed.  User Index 0, Is Virtual User: 0
[2018.10.29-11.44.13:779][ 57]LogModuleManager: Shutting down and abandoning module MagicLeap (38)
[2018.10.29-11.44.13:792][ 57]LogModuleManager: Shutting down and abandoning module AnimationModifiers (36)
[2018.10.29-11.44.13:811][ 57]LogModuleManager: Shutting down and abandoning module PropertyEditor (35)
[2018.10.29-11.44.13:830][ 57]LogModuleManager: Shutting down and abandoning module AudioEditor (32)
[2018.10.29-11.44.13:859][ 57]LogModuleManager: Shutting down and abandoning module TextureCompressor (30)
[2018.10.29-11.44.13:895][ 57]LogModuleManager: Shutting down and abandoning module ShaderCore (28)
[2018.10.29-11.44.13:895][ 57]LogModuleManager: Shutting down and abandoning module Landscape (26)
[2018.10.29-11.44.13:895][ 57]LogModuleManager: Shutting down and abandoning module SlateRHIRenderer (24)
[2018.10.29-11.44.13:918][ 57]LogModuleManager: Shutting down and abandoning module OpenGLDrv (22)
[2018.10.29-11.44.13:931][ 57]LogModuleManager: Shutting down and abandoning module D3D11RHI (20)
[2018.10.29-11.44.13:931][ 57]LogModuleManager: Shutting down and abandoning module AnimGraphRuntime (18)
[2018.10.29-11.44.13:945][ 57]LogModuleManager: Shutting down and abandoning module Renderer (16)
[2018.10.29-11.44.13:946][ 57]LogModuleManager: Shutting down and abandoning module Engine (14)
[2018.10.29-11.44.13:946][ 57]LogModuleManager: Shutting down and abandoning module CoreUObject (12)
[2018.10.29-11.44.13:961][ 57]LogModuleManager: Shutting down and abandoning module NetworkFile (10)
[2018.10.29-11.44.13:970][ 57]LogModuleManager: Shutting down and abandoning module CookedIterativeFile (8)
[2018.10.29-11.44.13:970][ 57]LogModuleManager: Shutting down and abandoning module StreamingFile (6)
[2018.10.29-11.44.13:980][ 57]LogModuleManager: Shutting down and abandoning module SandboxFile (4)
[2018.10.29-11.44.13:988][ 57]LogModuleManager: Shutting down and abandoning module PakFile (2)
[2018.10.29-11.44.14:026][ 57]LogExit: Exiting.
[2018.10.29-11.44.14:067][ 57]Log file closed, 10/29/18 13:44:14
