Log file open, 10/29/18 13:42:00
LogWindows: Failed to load 'aqProf.dll' (GetLastError=126)
LogWindows: File 'aqProf.dll' does not exist
LogWindows: Failed to load 'VSPerf140.dll' (GetLastError=126)
LogWindows: File 'VSPerf140.dll' does not exist
LogWindows: Failed to load 'VtuneApi.dll' (GetLastError=126)
LogWindows: File 'VtuneApi.dll' does not exist
LogWindows: Failed to load 'VtuneApi32e.dll' (GetLastError=126)
LogWindows: File 'VtuneApi32e.dll' does not exist
LogInit: Display: Running engine for game: MyProject4
LogPlatformFile: Not using cached read wrapper
LogTaskGraph: Started task graph with 5 named threads and 23 total threads with 3 sets of task threads.
LogStats: Stats thread started at 0.287236
LogD3D11RHI: Loaded GFSDK_Aftermath_Lib.x64.dll
LogICUInternationalization: Display: ICU TimeZone Detection - Raw Offset: +2:00, Platform Override: ''
LogPluginManager: Mounting plugin Paper2D
LogPluginManager: Mounting plugin AISupport
LogPluginManager: Mounting plugin LightPropagationVolume
LogPluginManager: Mounting plugin CLionSourceCodeAccess
LogPluginManager: Mounting plugin CodeLiteSourceCodeAccess
LogPluginManager: Mounting plugin GitSourceControl
LogPluginManager: Mounting plugin KDevelopSourceCodeAccess
LogPluginManager: Mounting plugin NullSourceCodeAccess
LogPluginManager: Mounting plugin PerforceSourceControl
LogPluginManager: Mounting plugin SubversionSourceControl
LogPluginManager: Mounting plugin UObjectPlugin
LogPluginManager: Mounting plugin VisualStudioCodeSourceCodeAccess
LogPluginManager: Mounting plugin VisualStudioSourceCodeAccess
LogPluginManager: Mounting plugin XCodeSourceCodeAccess
LogPluginManager: Mounting plugin AssetManagerEditor
LogPluginManager: Mounting plugin CryptoKeys
LogPluginManager: Mounting plugin DataValidation
LogPluginManager: Mounting plugin FacialAnimation
LogPluginManager: Mounting plugin GameplayTagsEditor
LogPluginManager: Mounting plugin MacGraphicsSwitching
LogPluginManager: Mounting plugin MeshEditor
LogPluginManager: Mounting plugin MobileLauncherProfileWizard
LogPluginManager: Mounting plugin PluginBrowser
LogPluginManager: Mounting plugin SpeedTreeImporter
LogPluginManager: Mounting plugin DatasmithContent
LogPluginManager: Mounting plugin AlembicImporter
LogPluginManager: Mounting plugin AppleImageUtils
LogPluginManager: Mounting plugin AppleVision
LogPluginManager: Mounting plugin BackChannel
LogPluginManager: Mounting plugin CharacterAI
LogPluginManager: Mounting plugin GeometryCache
LogPluginManager: Mounting plugin HTML5Networking
LogPluginManager: Mounting plugin ProxyLODPlugin
LogPluginManager: Mounting plugin MagicLeap
LogPluginManager: Mounting plugin MagicLeapEmulator
LogPluginManager: Mounting plugin MagicLeapMedia
LogPluginManager: Mounting plugin gameDNAinstaller
LogPluginManager: Mounting plugin UniversalMobileAds
LogPluginManager: Mounting plugin AndroidMedia
LogPluginManager: Mounting plugin AvfMedia
LogPluginManager: Mounting plugin ImgMedia
LogPluginManager: Mounting plugin LinearTimecode
LogPluginManager: Mounting plugin MediaCompositing
LogPluginManager: Mounting plugin MediaPlayerEditor
LogPluginManager: Mounting plugin WmfMedia
LogPluginManager: Mounting plugin TcpMessaging
LogPluginManager: Mounting plugin UdpMessaging
LogPluginManager: Mounting plugin ActorSequence
LogPluginManager: Mounting plugin LevelSequenceEditor
LogPluginManager: Mounting plugin MatineeToLevelSequence
LogPluginManager: Mounting plugin NetcodeUnitTest
LogPluginManager: Mounting plugin NUTUnrealEngine4
LogPluginManager: Mounting plugin OnlineSubsystemGooglePlay
LogPluginManager: Mounting plugin OnlineSubsystemIOS
LogPluginManager: Mounting plugin OnlineSubsystem
LogPluginManager: Mounting plugin OnlineSubsystemNull
LogPluginManager: Mounting plugin OnlineSubsystemUtils
LogPluginManager: Mounting plugin LauncherChunkInstaller
LogPluginManager: Mounting plugin AndroidDeviceProfileSelector
LogPluginManager: Mounting plugin AndroidMoviePlayer
LogPluginManager: Mounting plugin AndroidPermission
LogPluginManager: Mounting plugin AppleMoviePlayer
LogPluginManager: Mounting plugin ArchVisCharacter
LogPluginManager: Mounting plugin AudioCapture
LogPluginManager: Mounting plugin CableComponent
LogPluginManager: Mounting plugin CustomMeshComponent
LogPluginManager: Mounting plugin EditableMesh
LogPluginManager: Mounting plugin ExampleDeviceProfileSelector
LogPluginManager: Mounting plugin GoogleCloudMessaging
LogPluginManager: Mounting plugin ImmediatePhysics
LogPluginManager: Mounting plugin IOSDeviceProfileSelector
LogPluginManager: Mounting plugin LinuxDeviceProfileSelector
LogPluginManager: Mounting plugin LocationServicesBPLibrary
LogPluginManager: Mounting plugin MobilePatchingUtils
LogPluginManager: Mounting plugin OculusVR
LogPluginManager: Plugin shader directory ../../../Engine/Plugins/Runtime/Oculus/OculusVR/Shaders found
LogPluginManager: Mapping shader source directory ../../../Engine/Plugins/Runtime/Oculus/OculusVR/Shaders to virtual directory /Plugin/OculusVR
LogPluginManager: Mounting plugin PhysXVehicles
LogPluginManager: Mounting plugin ProceduralMeshComponent
LogPluginManager: Mounting plugin RuntimePhysXCooking
LogPluginManager: Mounting plugin SteamVR
LogPluginManager: Mounting plugin WindowsMoviePlayer
LogStreaming: Display: Took  0.155s to configure plugins.
LogInit: Using libcurl 7.55.1-DEV
LogInit:  - built for x86_64-pc-win32
LogInit:  - supports SSL with OpenSSL/1.0.2h
LogInit:  - supports HTTP deflate (compression) using libz 1.2.8
LogInit:  - other features:
LogInit:      CURL_VERSION_SSL
LogInit:      CURL_VERSION_LIBZ
LogInit:      CURL_VERSION_IPV6
LogInit:      CURL_VERSION_ASYNCHDNS
LogInit:      CURL_VERSION_LARGEFILE
LogInit:      CURL_VERSION_IDN
LogInit:  CurlRequestOptions (configurable via config and command line):
LogInit:  - bVerifyPeer = false  - Libcurl will NOT verify peer certificate
LogInit:  - bUseHttpProxy = false  - Libcurl will NOT use HTTP proxy
LogInit:  - bDontReuseConnections = false  - Libcurl will reuse connections
LogInit:  - CertBundlePath = nullptr  - Libcurl will use whatever was configured at build time.
LogInit:  - MaxHostConnections = 16  - Libcurl will limit the number of connections to a host
LogInit:  - LocalHostAddr = Default
LogInit:  - BufferSize = 65536
LogInit: WinSock: version 1.1 (2.2), MaxSocks=32767, MaxUdp=65467
LogInit: Build: ++UE4+Release-4.20-CL-4302132
LogInit: Engine Version: 4.20.2-4302132+++UE4+Release-4.20
LogInit: Compatible Engine Version: 4.20.0-4212847+++UE4+Release-4.20
LogInit: Net CL: 4212847
LogInit: OS: Windows 7 (Service Pack 1), CPU:         Intel(R) Core(TM) i7-3820 CPU @ 3.60GHz, GPU: NVIDIA GeForce GTX 1070
LogInit: Compiled (64-bit): Aug 21 2018 02:06:06
LogInit: Compiled with Visual C++: 19.13.26129.00
LogInit: Build Configuration: Development
LogInit: Branch Name: ++UE4+Release-4.20
LogInit: Command Line:  
LogInit: Base Directory: L:/Program Files/Epic Games/UE_4.20/Engine/Binaries/Win64/
LogInit: Installed Engine Build: 1
LogDevObjectVersion: Number of dev versions registered: 20
LogDevObjectVersion:   Dev-Blueprints (B0D832E4-1F89-4F0D-ACCF-7EB736FD4AA2): 10
LogDevObjectVersion:   Dev-Build (E1C64328-A22C-4D53-A36C-8E866417BD8C): 0
LogDevObjectVersion:   Dev-Core (375EC13C-06E4-48FB-B500-84F0262A717E): 2
LogDevObjectVersion:   Dev-Editor (E4B068ED-F494-42E9-A231-DA0B2E46BB41): 24
LogDevObjectVersion:   Dev-Framework (CFFC743F-43B0-4480-9391-14DF171D2073): 34
LogDevObjectVersion:   Dev-Mobile (B02B49B5-BB20-44E9-A304-32B752E40360): 2
LogDevObjectVersion:   Dev-Networking (A4E4105C-59A1-49B5-A7C5-40C4547EDFEE): 0
LogDevObjectVersion:   Dev-Online (39C831C9-5AE6-47DC-9A44-9C173E1C8E7C): 0
LogDevObjectVersion:   Dev-Physics (78F01B33-EBEA-4F98-B9B4-84EACCB95AA2): 0
LogDevObjectVersion:   Dev-Platform (6631380F-2D4D-43E0-8009-CF276956A95A): 0
LogDevObjectVersion:   Dev-Rendering (12F88B9F-8875-4AFC-A67C-D90C383ABD29): 26
LogDevObjectVersion:   Dev-Sequencer (7B5AE74C-D270-4C10-A958-57980B212A5A): 9
LogDevObjectVersion:   Dev-VR (D7296918-1DD6-4BDD-9DE2-64A83CC13884): 2
LogDevObjectVersion:   Dev-LoadTimes (C2A15278-BFE7-4AFE-6C17-90FF531DF755): 1
LogDevObjectVersion:   Private-Geometry (6EACA3D4-40EC-4CC1-B786-8BED09428FC5): 3
LogDevObjectVersion:   Dev-AnimPhys (29E575DD-E0A3-4627-9D10-D276232CDCEA): 17
LogDevObjectVersion:   Dev-ReflectionCapture (6B266CEC-1EC7-4B8F-A30B-E4D90942FC07): 1
LogDevObjectVersion:   Dev-Automation (0DF73D61-A23F-47EA-B727-89E90C41499A): 1
LogDevObjectVersion:   FortniteMain (601D1886-AC64-4F84-AA16-D3DE0DEAC7D6): 12
LogDevObjectVersion:   Dev-Enterprise (9DFFBCD6-494F-0158-E221-12823C92A888): 1
LogStreaming: Display: Took  0.001s to delete old logs.
LogInit: Presizing for max 8388607 objects, including 0 objects not considered by GC, pre-allocating 0 bytes for permanent pool.
LogInit: Object subsystem initialized
[2018.10.29-11.42.00:853][  0]LogInit: Selected Device Profile: [Windows]
[2018.10.29-11.42.00:853][  0]LogInit: Applying CVar settings loaded from the selected device profile: [Windows]
[2018.10.29-11.42.00:867][  0]LogHAL: Display: Platform has ~ 16 GB [17128501248 / 17179869184 / 16], which maps to Larger [LargestMinGB=32, LargerMinGB=12, DefaultMinGB=8, SmallerMinGB=6, SmallestMinGB=0)
[2018.10.29-11.42.00:867][  0]LogInit: Setting Device Profile CVar: [[r.Vulkan.UseRealUBs:1]]
[2018.10.29-11.42.00:867][  0]LogInit: Going up to parent DeviceProfile []
[2018.10.29-11.42.00:868][  0]LogInit: Computer: STEVEN-PC
[2018.10.29-11.42.00:868][  0]LogInit: User: Steven
[2018.10.29-11.42.00:868][  0]LogInit: CPU Page size=4096, Cores=4
[2018.10.29-11.42.00:868][  0]LogInit: High frequency timer resolution =3.515625 MHz
[2018.10.29-11.42.00:868][  0]LogMemory: Memory total: Physical=16.0GB (16GB approx)
[2018.10.29-11.42.00:868][  0]LogMemory: Platform Memory Stats for Windows
[2018.10.29-11.42.00:868][  0]LogMemory: Process Physical Memory: 101.63 MB used, 101.63 MB peak
[2018.10.29-11.42.00:868][  0]LogMemory: Process Virtual Memory: 93.27 MB used, 93.27 MB peak
[2018.10.29-11.42.00:868][  0]LogMemory: Physical Memory: 14601.57 MB used,  1733.44 MB free, 16335.01 MB total
[2018.10.29-11.42.00:868][  0]LogMemory: Virtual Memory: 482.19 MB used,  1733.44 MB free, 8388608.00 MB total
[2018.10.29-11.42.00:898][  0]LogInit: Using OS detected language (en-US).
[2018.10.29-11.42.00:898][  0]LogInit: Using OS detected locale (en-US).
[2018.10.29-11.42.00:899][  0]LogTextLocalizationManager: No specific localization for 'en-US' exists, so the 'en' localization will be used.
[2018.10.29-11.42.01:400][  0]LogStreaming: Display: Took  0.502s to InitEngineTextLocalization.
[2018.10.29-11.42.01:402][  0]LogWindows: Failed to load 'shcore.dll' (GetLastError=126)
[2018.10.29-11.42.01:402][  0]LogWindows: File 'shcore.dll' does not exist
[2018.10.29-11.42.01:402][  0]LogInit: Setting process to DPI aware
[2018.10.29-11.42.01:436][  0]LogSlate: New Slate User Created.  User Index 0, Is Virtual User: 0
[2018.10.29-11.42.01:436][  0]LogSlate: Slate User Registered.  User Index 0, Is Virtual User: 0
[2018.10.29-11.42.01:791][  0]LogHMD: Failed to initialize OpenVR with code 105
[2018.10.29-11.42.01:791][  0]LogD3D11RHI: D3D11 adapters:
[2018.10.29-11.42.01:858][  0]LogD3D11RHI:    0. 'NVIDIA GeForce GTX 1070' (Feature Level 11_0)
[2018.10.29-11.42.01:858][  0]LogD3D11RHI:       8077/0/7911 MB DedicatedVideo/DedicatedSystem/SharedSystem, Outputs:2, VendorId:0x10de
[2018.10.29-11.42.01:858][  0]LogD3D11RHI: Chosen D3D11 Adapter: 0
[2018.10.29-11.42.01:873][  0]LogD3D11RHI: Creating new Direct3DDevice
[2018.10.29-11.42.01:874][  0]LogD3D11RHI:     GPU DeviceId: 0x1b81 (for the marketing name, search the web for "GPU Device Id")
[2018.10.29-11.42.01:874][  0]LogWindows: EnumDisplayDevices:
[2018.10.29-11.42.01:874][  0]LogWindows:    0. 'NVIDIA GeForce GTX 1070' (P:1 D:1)
[2018.10.29-11.42.01:874][  0]LogWindows:    1. 'NVIDIA GeForce GTX 1070' (P:0 D:1)
[2018.10.29-11.42.01:874][  0]LogWindows:    2. 'NVIDIA GeForce GTX 1070' (P:0 D:0)
[2018.10.29-11.42.01:874][  0]LogWindows:    3. 'NVIDIA GeForce GTX 1070' (P:0 D:0)
[2018.10.29-11.42.01:875][  0]LogWindows:    4. 'RDPDD Chained DD' (P:0 D:0)
[2018.10.29-11.42.01:875][  0]LogWindows:    5. 'RDP Encoder Mirror Driver' (P:0 D:0)
[2018.10.29-11.42.01:875][  0]LogWindows:    6. 'RDP Reflector Display Driver' (P:0 D:0)
[2018.10.29-11.42.01:875][  0]LogWindows: DebugString: GetVideoDriverDetailsInvalid PrimaryIsNotTheChoosenAdapter GetVideoDriverDetailsInvalid PrimaryIsNotTheChoosenAdapter GetVideoDriverDetailsInvalid PrimaryIsNotTheChoosenAdapter FoundDriverCount:4 
[2018.10.29-11.42.01:875][  0]LogD3D11RHI:     Adapter Name: NVIDIA GeForce GTX 1070
[2018.10.29-11.42.01:875][  0]LogD3D11RHI:   Driver Version: 390.77 (internal:23.21.13.9077, unified:390.77)
[2018.10.29-11.42.01:875][  0]LogD3D11RHI:      Driver Date: 1-23-2018
[2018.10.29-11.42.01:875][  0]LogRHI: Texture pool is 5654 MB (70% of 8077 MB)
[2018.10.29-11.42.01:900][  0]LogD3D11RHI: Async texture creation enabled
[2018.10.29-11.42.01:928][  0]LogD3D11RHI: GPU Timing Frequency: 1000.000000 (Debug: 2 2)
[2018.10.29-11.42.01:973][  0]LogShaderCompilers: Guid format shader working directory is 2 characters bigger than the processId version (../../../../../../coded projects/KnifeThingy/Intermediate/Shaders/WorkingDirectory/15000/).
[2018.10.29-11.42.01:973][  0]LogShaderCompilers: Cleaned the shader compiler working directory 'C:/Users/Steven/AppData/Local/Temp/UnrealShaderWorkingDir/BE9F7481453E77901F5B859D9E303440/'.
[2018.10.29-11.42.02:391][  0]LogTemp: Display: Loaded TP AllDesktopTargetPlatform
[2018.10.29-11.42.02:416][  0]LogTemp: Display: Loaded TP MacClientTargetPlatform
[2018.10.29-11.42.02:439][  0]LogTemp: Display: Loaded TP MacNoEditorTargetPlatform
[2018.10.29-11.42.02:463][  0]LogTemp: Display: Loaded TP MacServerTargetPlatform
[2018.10.29-11.42.02:489][  0]LogTemp: Display: Loaded TP MacTargetPlatform
[2018.10.29-11.42.02:513][  0]LogTemp: Display: Loaded TP WindowsClientTargetPlatform
[2018.10.29-11.42.02:537][  0]LogTemp: Display: Loaded TP WindowsNoEditorTargetPlatform
[2018.10.29-11.42.02:559][  0]LogTemp: Display: Loaded TP WindowsServerTargetPlatform
[2018.10.29-11.42.02:569][  0]LogTemp: Display: Loaded TP WindowsTargetPlatform
[2018.10.29-11.42.02:731][  0]LogTemp: Display: Loaded TP AndroidTargetPlatform
[2018.10.29-11.42.02:731][  0]LogTemp: Display: Loaded TP AndroidTargetPlatform
[2018.10.29-11.42.02:731][  0]LogTemp: Display: Loaded TP AndroidTargetPlatform
[2018.10.29-11.42.02:731][  0]LogTemp: Display: Loaded TP AndroidTargetPlatform
[2018.10.29-11.42.02:731][  0]LogTemp: Display: Loaded TP AndroidTargetPlatform
[2018.10.29-11.42.02:731][  0]LogTemp: Display: Loaded TP AndroidTargetPlatform
[2018.10.29-11.42.02:731][  0]LogTemp: Display: Loaded TP AndroidTargetPlatform
[2018.10.29-11.42.02:731][  0]LogTemp: Display: Loaded TP AndroidTargetPlatform
[2018.10.29-11.42.02:731][  0]LogTemp: Display: Loaded TP AndroidTargetPlatform
[2018.10.29-11.42.02:731][  0]LogTemp: Display: Loaded TP AndroidTargetPlatform
[2018.10.29-11.42.02:731][  0]LogTemp: Display: Loaded TP AndroidTargetPlatform
[2018.10.29-11.42.02:731][  0]LogTemp: Display: Loaded TP AndroidTargetPlatform
[2018.10.29-11.42.02:731][  0]LogTemp: Display: Loaded TP AndroidTargetPlatform
[2018.10.29-11.42.02:731][  0]LogTemp: Display: Loaded TP AndroidTargetPlatform
[2018.10.29-11.42.02:731][  0]LogTemp: Display: Loaded TP AndroidTargetPlatform
[2018.10.29-11.42.02:731][  0]LogTemp: Display: Loaded TP AndroidTargetPlatform
[2018.10.29-11.42.02:731][  0]LogTemp: Display: Loaded TP AndroidTargetPlatform
[2018.10.29-11.42.02:731][  0]LogTemp: Display: Loaded TP AndroidTargetPlatform
[2018.10.29-11.42.02:733][  0]LogTemp: Display: Loaded TP HTML5TargetPlatform
[2018.10.29-11.42.02:839][  0]LogTemp: Display: Loaded TP IOSTargetPlatform
[2018.10.29-11.42.02:839][  0]LogTemp: Display: Loaded TP IOSTargetPlatform
[2018.10.29-11.42.02:889][  0]LogTemp: Display: Loaded TP TVOSTargetPlatform
[2018.10.29-11.42.02:889][  0]LogTemp: Display: Loaded TP TVOSTargetPlatform
[2018.10.29-11.42.02:913][  0]LogTemp: Display: Loaded TP LinuxClientTargetPlatform
[2018.10.29-11.42.02:937][  0]LogTemp: Display: Loaded TP LinuxNoEditorTargetPlatform
[2018.10.29-11.42.02:959][  0]LogTemp: Display: Loaded TP LinuxServerTargetPlatform
[2018.10.29-11.42.02:981][  0]LogTemp: Display: Loaded TP LinuxTargetPlatform
[2018.10.29-11.42.02:996][  0]LogTemp: Display: Loaded TP LuminTargetPlatform
[2018.10.29-11.42.02:996][  0]LogTargetPlatformManager: Display: Building Assets For Windows
[2018.10.29-11.42.03:070][  0]LogShaderCompilers: Display: Using XGE Shader Compiler (Interception Interface).
[2018.10.29-11.42.04:249][  0]LogDerivedDataCache: Display: Max Cache Size: 512 MB
[2018.10.29-11.42.04:334][  0]LogDerivedDataCache: Loaded boot cache 0.08s 71MB C:/Users/Steven/AppData/Local/UnrealEngine/4.20/DerivedDataCache/Boot.ddc.
[2018.10.29-11.42.04:334][  0]LogDerivedDataCache: Display: Loaded Boot cache: C:/Users/Steven/AppData/Local/UnrealEngine/4.20/DerivedDataCache/Boot.ddc
[2018.10.29-11.42.04:334][  0]LogDerivedDataCache: FDerivedDataBackendGraph:  Pak pak cache file ../../../../../../coded projects/KnifeThingy/DerivedDataCache/DDC.ddp not found, will not use a pak cache.
[2018.10.29-11.42.04:334][  0]LogDerivedDataCache: Unable to find inner node Pak for hierarchical cache Hierarchy.
[2018.10.29-11.42.04:334][  0]LogDerivedDataCache: FDerivedDataBackendGraph:  CompressedPak pak cache file ../../../../../../coded projects/KnifeThingy/DerivedDataCache/Compressed.ddp not found, will not use a pak cache.
[2018.10.29-11.42.04:334][  0]LogDerivedDataCache: Unable to find inner node CompressedPak for hierarchical cache Hierarchy.
[2018.10.29-11.42.04:354][  0]LogDerivedDataCache: Display: Pak cache opened for reading ../../../Engine/DerivedDataCache/Compressed.ddp.
[2018.10.29-11.42.04:365][  0]LogDerivedDataCache: Using Local data cache path C:/Users/Steven/AppData/Local/UnrealEngine/Common/DerivedDataCache: Writable
[2018.10.29-11.42.04:365][  0]LogDerivedDataCache: Shared data cache path not found in *engine.ini, will not use an Shared cache.
[2018.10.29-11.42.04:365][  0]LogDerivedDataCache: Unable to find inner node Shared for hierarchical cache Hierarchy.
[2018.10.29-11.42.04:396][  0]LogMaterial: Verifying Global Shaders for PCD3D_SM5
[2018.10.29-11.42.04:398][  0]LogSlate: Using FreeType 2.6.0
[2018.10.29-11.42.04:398][  0]LogSlate: SlateFontServices - WITH_FREETYPE: 1, WITH_HARFBUZZ: 1
[2018.10.29-11.42.04:495][  0]LogAssetRegistry: FAssetRegistry took 0.0260 seconds to start up
[2018.10.29-11.42.05:111][  0]LogInit: Selected Device Profile: [Windows]
[2018.10.29-11.42.05:337][  0]LogSimplygon: Simplygon DLL not present - disabling.
[2018.10.29-11.42.05:341][  0]LogMeshReduction: Using SimplygonSwarm for distributed automatic mesh merging
[2018.10.29-11.42.05:341][  0]LogMeshReduction: Using ProxyLODMeshReduction for automatic mesh merging
[2018.10.29-11.42.05:341][  0]LogMeshReduction: Using QuadricMeshReduction for automatic static mesh reduction
[2018.10.29-11.42.05:341][  0]LogMeshReduction: No automatic skeletal mesh reduction module available
[2018.10.29-11.42.05:383][  0]LogNetVersion: MyProject4 1.0.0, NetCL: 4212847, EngineNetVer: 5, GameNetVer: 0 (Checksum: 3245095822)
[2018.10.29-11.42.06:187][  0]LogPackageLocalizationCache: Processed 11 localized package path(s) for 2 prioritized culture(s) in 0.114447 seconds
[2018.10.29-11.42.06:197][  0]LogUObjectArray: 38425 objects as part of root set at end of initial load.
[2018.10.29-11.42.06:197][  0]LogUObjectAllocator: 6690864 out of 0 bytes used by permanent object pool.
[2018.10.29-11.42.06:197][  0]LogUObjectArray: CloseDisregardForGC: 0/0 objects in disregard for GC pool
[2018.10.29-11.42.07:499][  0]LogTcpMessaging: Initializing TcpMessaging bridge
[2018.10.29-11.42.07:513][  0]LogUdpMessaging: Initializing bridge on interface 0.0.0.0:0 to multicast group 230.0.0.1:6666.
[2018.10.29-11.42.07:696][  0]SourceControl: Source control is disabled
[2018.10.29-11.42.07:696][  0]SourceControl: Source control is disabled
[2018.10.29-11.42.07:697][  0]SourceControl: Source control is disabled
[2018.10.29-11.42.07:698][  0]SourceControl: Source control is disabled
[2018.10.29-11.42.07:772][  0]LogGameDNAinstaller: Display: gameDNA installer module started
[2018.10.29-11.42.08:675][  0]LogAndroidPermission: UAndroidPermissionCallbackProxy::GetInstance
[2018.10.29-11.42.08:857][  0]LogOcInput: OculusInput pre-init called
[2018.10.29-11.42.08:939][  0]LogEngine: Initializing Engine...
[2018.10.29-11.42.08:943][  0]LogHMD: Failed to initialize OpenVR with code 105
[2018.10.29-11.42.08:946][  0]LogStats: UGameplayTagsManager::ConstructGameplayTagTree: ImportINI prefixes -  0.000 s
[2018.10.29-11.42.08:946][  0]LogStats: UGameplayTagsManager::ConstructGameplayTagTree: Construct from data asset -  0.000 s
[2018.10.29-11.42.08:946][  0]LogStats: UGameplayTagsManager::ConstructGameplayTagTree: ImportINI -  0.000 s
[2018.10.29-11.42.08:946][  0]LogStats: UGameplayTagsManager::ConstructGameplayTagTree: GameplayTagTreeChangedEvent.Broadcast -  0.000 s
[2018.10.29-11.42.09:272][  0]LogInit: Initializing FReadOnlyCVARCache
[2018.10.29-11.42.09:298][  0]LogAIModule: Creating AISystem for world Untitled
[2018.10.29-11.42.09:349][  0]LogInit: XAudio2 using 'Speakers (Sennheiser Main Audio)' : 6 channels at 48 kHz using 16 bits per sample (channel mask 0x3f)
[2018.10.29-11.42.09:358][  0]LogInit: FAudioDevice initialized.
[2018.10.29-11.42.09:358][  0]LogNetVersion: Set ProjectVersion to 1.0.0.0. Version Checksum will be recalculated on next use.
[2018.10.29-11.42.09:449][  0]LogDerivedDataCache: Saved boot cache 0.09s 71MB C:/Users/Steven/AppData/Local/UnrealEngine/4.20/DerivedDataCache/Boot.ddc.
[2018.10.29-11.42.09:450][  0]LogInit: Texture streaming: Enabled
[2018.10.29-11.42.09:471][  0]LogEngineSessionManager: EngineSessionManager initialized
[2018.10.29-11.42.09:484][  0]LogInit: Transaction tracking system initialized
[2018.10.29-11.42.09:508][  0]BlueprintLog: New page: Editor Load
[2018.10.29-11.42.09:598][  0]LocalizationService: Localization service is disabled
[2018.10.29-11.42.10:376][  0]LogCook: Display: Max memory allowance for cook 16384mb min free memory 0mb
[2018.10.29-11.42.10:376][  0]LogCook: Display: Mobile HDR setting 0
[2018.10.29-11.42.10:376][  0]LogGameplayTags: Display: UGameplayTagsManager::DoneAddingNativeTags. DelegateIsBound: 0
[2018.10.29-11.42.10:376][  0]LogStats: UGameplayTagsManager::ConstructGameplayTagTree: ImportINI prefixes -  0.000 s
[2018.10.29-11.42.10:376][  0]LogStats: UGameplayTagsManager::ConstructGameplayTagTree: Construct from data asset -  0.000 s
[2018.10.29-11.42.10:376][  0]LogStats: UGameplayTagsManager::ConstructGameplayTagTree: ImportINI -  0.000 s
[2018.10.29-11.42.10:376][  0]LogStats: UGameplayTagsManager::ConstructGameplayTagTree: GameplayTagTreeChangedEvent.Broadcast -  0.000 s
[2018.10.29-11.42.13:098][  0]LogFileCache: Scanning file cache for directory 'L:/coded projects/KnifeThingy/Content/' took 0.02s
[2018.10.29-11.42.14:100][  0]SourceControl: Source control is disabled
[2018.10.29-11.42.14:852][  0]LogSlate: Took 0.070453 seconds to synchronously load lazily loaded font '../../../Engine/Content/Slate/Fonts/Roboto-Regular.ttf' (155K)
[2018.10.29-11.42.34:593][  0]LogSlate: Window 'Restore Packages' being destroyed
[2018.10.29-11.42.34:621][  0]LogWindowsTextInputMethodSystem: Display: IME system now deactivated.
[2018.10.29-11.42.34:621][  0]LogWindowsTextInputMethodSystem: Display: IME system now deactivated.
[2018.10.29-11.42.34:622][  0]Cmd: MAP LOAD FILE="../../../../../../coded projects/KnifeThingy/Content/MAIN.umap" TEMPLATE=0 SHOWPROGRESS=1 FEATURELEVEL=3
[2018.10.29-11.42.34:622][  0]LightingResults: New page: Lighting Build
[2018.10.29-11.42.34:632][  0]MapCheck: New page: Map Check
[2018.10.29-11.42.34:632][  0]LightingResults: New page: Lighting Build
[2018.10.29-11.42.36:487][  0]LogAIModule: Creating AISystem for world MAIN
[2018.10.29-11.42.36:581][  0]LogEditorServer: Finished looking for orphan Actors (0.000 secs)
[2018.10.29-11.42.36:729][  0]Cmd: MAP CHECKDEP NOCLEARLOG
[2018.10.29-11.42.36:818][  0]MapCheck: Map check complete: 0 Error(s), 0 Warning(s), took 88.49ms to complete.
[2018.10.29-11.42.36:818][  0]LogFileHelpers: Loading map 'MAIN' took 2.196
[2018.10.29-11.42.38:112][  0]LogSlate: Updating window title bar state: overlay mode, drag disabled, window buttons hidden, title bar hidden
[2018.10.29-11.42.38:126][  0]LogSlate: Updating window title bar state: overlay mode, drag disabled, window buttons hidden, title bar hidden
[2018.10.29-11.42.38:140][  0]LogSlate: Updating window title bar state: overlay mode, drag disabled, window buttons hidden, title bar hidden
[2018.10.29-11.42.38:156][  0]LogSlate: Updating window title bar state: overlay mode, drag disabled, window buttons hidden, title bar hidden
[2018.10.29-11.42.42:687][  0]LogTemp: Executing iPhonePackager certificates Engine -bundlename com.YourCompany.MyProject4
[2018.10.29-11.42.42:687][  0]LogTemp: CWD: L:\Program Files\Epic Games\UE_4.20\Engine\Binaries\DotNET\IOS
[2018.10.29-11.42.42:687][  0]LogTemp: Initial Dir: L:\Program Files\Epic Games\UE_4.20
[2018.10.29-11.42.42:687][  0]LogTemp: Env CWD: L:\Program Files\Epic Games\UE_4.20\Engine\Binaries\DotNET\IOS
[2018.10.29-11.42.42:687][  0]LogTemp: BranchPath = STEVEN-PC/L/Program Files/Epic Games/UE_4.20/Engine/Binaries --- GameBranchPath = STEVEN-PC/L/Program Files/Epic Games/UE_4.20/Engine/Binaries
[2018.10.29-11.42.42:687][  0]LogTemp: IPP ERROR: Could not find provision directory 'C:\Users\Steven\AppData\Local/Apple Computer/MobileDevice/Provisioning Profiles/'.
[2018.10.29-11.42.42:687][  0]LogSlate: Only BGRA pngs, bmps or icos are supported in by External Image Picker
[2018.10.29-11.42.43:383][  0]LogCollectionManager: Loaded 0 collections in 0.001825 seconds
[2018.10.29-11.42.43:759][  0]LogFileCache: Scanning file cache for directory 'L:/coded projects/KnifeThingy/Saved/Collections/' took 0.01s
[2018.10.29-11.42.43:759][  0]LogFileCache: Scanning file cache for directory 'L:/coded projects/KnifeThingy/Content/Developers/Steven/Collections/' took 0.01s
[2018.10.29-11.42.43:759][  0]LogFileCache: Scanning file cache for directory 'L:/coded projects/KnifeThingy/Content/Collections/' took 0.01s
[2018.10.29-11.42.43:759][  0]LogCollectionManager: Rebuilt the GUID cache for 0 collections in 0.000001 seconds
[2018.10.29-11.42.43:783][  0]LogContentBrowser: Native class hierarchy populated in 0.0215 seconds. Added 2577 classes and 611 folders.
[2018.10.29-11.42.43:993][  0]LogContentBrowser: Native class hierarchy updated for 'WidgetCarousel' in 0.0003 seconds. Added 0 classes and 0 folders.
[2018.10.29-11.42.45:430][  0]LogContentBrowser: Native class hierarchy updated for 'AddContentDialog' in 0.0003 seconds. Added 0 classes and 0 folders.
[2018.10.29-11.42.45:484][  0]LogDirectoryWatcher: Warning: Failed to begin reading directory changes for ../../../../../../coded projects/KnifeThingy/Plugins/. Error: The system cannot find the file specified. (0x00000002)
[2018.10.29-11.42.45:587][  0]LogSlate: Took 0.030892 seconds to synchronously load lazily loaded font '../../../Engine/Content/Slate/Fonts/Roboto-Bold.ttf' (160K)
[2018.10.29-11.42.47:258][  0]LogRenderer: Reallocating scene render targets to support 1616x1284 Format 10 NumSamples 1 (Frame:1).
[2018.10.29-11.42.52:106][  0]LogContentBrowser: Native class hierarchy updated for 'HierarchicalLODOutliner' in 0.0004 seconds. Added 0 classes and 0 folders.
[2018.10.29-11.42.52:106][  0]LogLoad: (Engine Initialization) Total time: 53.45 seconds
[2018.10.29-11.42.52:106][  0]LogLoad: (Engine Initialization) Total Blueprint compile time: 0.00 seconds
[2018.10.29-11.42.53:487][  0]LogSlate: Window 'Plugins' being destroyed
[2018.10.29-11.42.53:940][  0]LogDirectoryWatcher: A directory notification for '../../../Engine/Plugins/' was aborted.
[2018.10.29-11.42.53:970][  0]LogSlate: Window 'MyProject4 - Unreal Editor' being destroyed
[2018.10.29-11.42.55:876][  0]LogContentStreaming: Texture pool size now 1000 MB
[2018.10.29-11.42.56:515][  1]Cmd: QUIT_EDITOR
[2018.10.29-11.42.58:051][  1]LogExit: Preparing to exit.
[2018.10.29-11.43.00:651][  1]LogExit: Editor shut down
[2018.10.29-11.43.00:652][  1]LogExit: Transaction tracking system shut down
[2018.10.29-11.43.04:712][  1]LogExit: Object subsystem successfully closed.
[2018.10.29-11.43.05:792][  1]LogShaderCompilers: Display: Shaders left to compile 0
[2018.10.29-11.43.05:814][  1]LogD3D11RHI: Shutdown
[2018.10.29-11.43.05:814][  1]LogD3D11RHI: CleanupD3DDevice
[2018.10.29-11.43.06:136][  1]LogD3D11RHI: ~FD3D11DynamicRHI
[2018.10.29-11.43.09:879][  1]LogModuleManager: Shutting down and abandoning module HierarchicalLODOutliner (616)
[2018.10.29-11.43.09:898][  1]LogModuleManager: Shutting down and abandoning module AddContentDialog (614)
[2018.10.29-11.43.09:927][  1]LogModuleManager: Shutting down and abandoning module WidgetCarousel (613)
[2018.10.29-11.43.09:927][  1]LogModuleManager: Shutting down and abandoning module EditorWidgets (610)
[2018.10.29-11.43.09:927][  1]LogModuleManager: Shutting down and abandoning module CollectionManager (608)
[2018.10.29-11.43.10:099][  1]LogModuleManager: Shutting down and abandoning module ExternalImagePicker (606)
[2018.10.29-11.43.10:099][  1]LogModuleManager: Shutting down and abandoning module SceneOutliner (604)
[2018.10.29-11.43.10:150][  1]LogModuleManager: Shutting down and abandoning module StatsViewer (602)
[2018.10.29-11.43.10:192][  1]LogModuleManager: Shutting down and abandoning module FoliageEdit (600)
[2018.10.29-11.43.10:210][  1]LogModuleManager: Shutting down and abandoning module LandscapeEditor (598)
[2018.10.29-11.43.10:268][  1]LogModuleManager: Shutting down and abandoning module MeshPaintMode (596)
[2018.10.29-11.43.10:283][  1]LogModuleManager: Shutting down and abandoning module SceneDepthPickerMode (594)
[2018.10.29-11.43.10:284][  1]LogModuleManager: Shutting down and abandoning module ActorPickerMode (592)
[2018.10.29-11.43.10:284][  1]LogModuleManager: Shutting down and abandoning module GeometryMode (590)
[2018.10.29-11.43.10:284][  1]LogModuleManager: Shutting down and abandoning module TextureAlignMode (588)
[2018.10.29-11.43.10:284][  1]LogModuleManager: Shutting down and abandoning module BspMode (586)
[2018.10.29-11.43.10:295][  1]LogModuleManager: Shutting down and abandoning module PIEPreviewDeviceProfileSelector (584)
[2018.10.29-11.43.10:310][  1]LogModuleManager: Shutting down and abandoning module SequenceRecorderSections (582)
[2018.10.29-11.43.10:338][  1]LogModuleManager: Shutting down and abandoning module AutomationWorker (580)
[2018.10.29-11.43.10:338][  1]LogModuleManager: Shutting down and abandoning module AudioCaptureEditor (578)
[2018.10.29-11.43.10:338][  1]LogModuleManager: Shutting down and abandoning module SequenceRecorder (577)
[2018.10.29-11.43.10:356][  1]LogModuleManager: Shutting down and abandoning module MatineeToLevelSequence (574)
[2018.10.29-11.43.10:362][  1]LogModuleManager: Shutting down and abandoning module LevelSequenceEditor (572)
[2018.10.29-11.43.10:435][  1]LogModuleManager: Shutting down and abandoning module PlacementMode (571)
[2018.10.29-11.43.10:637][  1]LogModuleManager: Shutting down and abandoning module MaterialEditor (570)
[2018.10.29-11.43.10:728][  1]LogModuleManager: Shutting down and abandoning module WmfMediaFactory (566)
[2018.10.29-11.43.10:728][  1]LogModuleManager: Shutting down and abandoning module WmfMediaEditor (564)
[2018.10.29-11.43.10:728][  1]LogModuleManager: Shutting down and abandoning module MediaPlayerEditor (562)
[2018.10.29-11.43.10:817][  1]LogModuleManager: Shutting down and abandoning module OpenExrWrapper (560)
[2018.10.29-11.43.10:817][  1]LogModuleManager: Shutting down and abandoning module ImgMediaFactory (558)
[2018.10.29-11.43.10:817][  1]LogModuleManager: Shutting down and abandoning module ImgMediaEditor (556)
[2018.10.29-11.43.10:817][  1]LogModuleManager: Shutting down and abandoning module AvfMediaFactory (554)
[2018.10.29-11.43.10:817][  1]LogModuleManager: Shutting down and abandoning module AvfMediaEditor (552)
[2018.10.29-11.43.10:817][  1]LogModuleManager: Shutting down and abandoning module AndroidMediaFactory (550)
[2018.10.29-11.43.10:817][  1]LogModuleManager: Shutting down and abandoning module AndroidMediaEditor (548)
[2018.10.29-11.43.10:817][  1]LogModuleManager: Shutting down and abandoning module MagicLeapCameraPreviewFactory (546)
[2018.10.29-11.43.10:818][  1]LogModuleManager: Shutting down and abandoning module MagicLeapMediaFactory (544)
[2018.10.29-11.43.10:818][  1]LogModuleManager: Shutting down and abandoning module MagicLeapMediaEditor (542)
[2018.10.29-11.43.10:818][  1]LogModuleManager: Shutting down and abandoning module CharacterAI (540)
[2018.10.29-11.43.10:818][  1]LogModuleManager: Shutting down and abandoning module SmartSnapping (538)
[2018.10.29-11.43.10:818][  1]LogModuleManager: Shutting down and abandoning module SessionServices (536)
[2018.10.29-11.43.10:818][  1]LogModuleManager: Shutting down and abandoning module ViewportSnapping (534)
[2018.10.29-11.43.10:818][  1]LogModuleManager: Shutting down and abandoning module ViewportInteraction (532)
[2018.10.29-11.43.10:818][  1]LogModuleManager: Shutting down and abandoning module ClothPainter (530)
[2018.10.29-11.43.10:917][  1]LogModuleManager: Shutting down and abandoning module SkeletalMeshEditor (529)
[2018.10.29-11.43.10:959][  1]LogModuleManager: Shutting down and abandoning module LogVisualizer (526)
[2018.10.29-11.43.11:056][  1]LogModuleManager: Shutting down and abandoning module IntroTutorials (524)
[2018.10.29-11.43.11:078][  1]LogModuleManager: Shutting down and abandoning module GameProjectGeneration (523)
[2018.10.29-11.43.11:102][  1]LogModuleManager: Shutting down and abandoning module LuminPlatformEditor (520)
[2018.10.29-11.43.11:102][  1]LogModuleManager: Shutting down and abandoning module IOSPlatformEditor (518)
[2018.10.29-11.43.11:102][  1]LogModuleManager: Shutting down and abandoning module HTML5PlatformEditor (516)
[2018.10.29-11.43.11:102][  1]LogModuleManager: Shutting down and abandoning module AndroidPlatformEditor (514)
[2018.10.29-11.43.11:102][  1]LogModuleManager: Shutting down and abandoning module AndroidDeviceDetection (513)
[2018.10.29-11.43.11:998][  1]LogModuleManager: Shutting down and abandoning module WindowsPlatformEditor (510)
[2018.10.29-11.43.11:999][  1]LogModuleManager: Shutting down and abandoning module LuminRuntimeSettings (508)
[2018.10.29-11.43.11:999][  1]LogModuleManager: Shutting down and abandoning module IOSRuntimeSettings (506)
[2018.10.29-11.43.11:999][  1]LogModuleManager: Shutting down and abandoning module AndroidRuntimeSettings (504)
[2018.10.29-11.43.11:999][  1]LogModuleManager: Shutting down and abandoning module InputBindingEditor (502)
[2018.10.29-11.43.12:084][  1]LogModuleManager: Shutting down and abandoning module MergeActors (500)
[2018.10.29-11.43.12:182][  1]LogModuleManager: Shutting down and abandoning module LocalizationDashboard (498)
[2018.10.29-11.43.12:251][  1]LogModuleManager: Shutting down and abandoning module LocalizationService (497)
[2018.10.29-11.43.12:272][  1]LogModuleManager: Shutting down and abandoning module HardwareTargeting (494)
[2018.10.29-11.43.12:272][  1]LogModuleManager: Shutting down and abandoning module DeviceProfileEditor (492)
[2018.10.29-11.43.12:272][  1]LogModuleManager: Shutting down and abandoning module UndoHistory (490)
[2018.10.29-11.43.12:327][  1]LogModuleManager: Shutting down and abandoning module XmlParser (488)
[2018.10.29-11.43.12:327][  1]LogModuleManager: Shutting down and abandoning module Blutility (486)
[2018.10.29-11.43.12:359][  1]LogModuleManager: Shutting down and abandoning module ProjectSettingsViewer (484)
[2018.10.29-11.43.12:359][  1]LogModuleManager: Shutting down and abandoning module ProjectTargetPlatformEditor (483)
[2018.10.29-11.43.12:359][  1]LogModuleManager: Shutting down and abandoning module EditorSettingsViewer (480)
[2018.10.29-11.43.12:360][  1]LogModuleManager: Shutting down and abandoning module SettingsEditor (478)
[2018.10.29-11.43.12:392][  1]LogModuleManager: Shutting down and abandoning module ProjectLauncher (476)
[2018.10.29-11.43.12:417][  1]LogModuleManager: Shutting down and abandoning module SessionFrontend (474)
[2018.10.29-11.43.12:428][  1]LogModuleManager: Shutting down and abandoning module ProfilerClient (472)
[2018.10.29-11.43.12:459][  1]LogModuleManager: Shutting down and abandoning module DeviceManager (470)
[2018.10.29-11.43.12:489][  1]LogModuleManager: Shutting down and abandoning module TargetDeviceServices (469)
[2018.10.29-11.43.12:705][  1]LogModuleManager: Shutting down and abandoning module AutomationController (466)
[2018.10.29-11.43.12:753][  1]LogModuleManager: Shutting down and abandoning module AutomationWindow (464)
[2018.10.29-11.43.12:783][  1]LogModuleManager: Shutting down and abandoning module Layers (462)
[2018.10.29-11.43.12:858][  1]LogModuleManager: Shutting down and abandoning module ComponentVisualizers (460)
[2018.10.29-11.43.12:859][  1]LogModuleManager: Shutting down and abandoning module DetailCustomizations (458)
[2018.10.29-11.43.12:895][  1]LogModuleManager: Shutting down and abandoning module PackagesDialog (456)
[2018.10.29-11.43.12:926][  1]LogModuleManager: Shutting down and abandoning module Persona (454)
[2018.10.29-11.43.13:005][  1]LogModuleManager: Shutting down and abandoning module AdvancedPreviewScene (453)
[2018.10.29-11.43.13:021][  1]LogModuleManager: Shutting down and abandoning module AnimGraph (451)
[2018.10.29-11.43.13:115][  1]LogModuleManager: Shutting down and abandoning module Kismet (448)
[2018.10.29-11.43.13:192][  1]LogModuleManager: Shutting down and abandoning module GraphEditor (446)
[2018.10.29-11.43.13:246][  1]LogModuleManager: Shutting down and abandoning module ClassViewer (444)
[2018.10.29-11.43.13:246][  1]LogModuleManager: Shutting down and abandoning module Toolbox (442)
[2018.10.29-11.43.13:246][  1]LogModuleManager: Shutting down and abandoning module ModuleUI (440)
[2018.10.29-11.43.13:284][  1]LogModuleManager: Shutting down and abandoning module MovieSceneTools (438)
[2018.10.29-11.43.13:320][  1]LogModuleManager: Shutting down and abandoning module OutputLog (436)
[2018.10.29-11.43.13:320][  1]LogModuleManager: Shutting down and abandoning module GammaUI (434)
[2018.10.29-11.43.13:345][  1]LogModuleManager: Shutting down and abandoning module Documentation (432)
[2018.10.29-11.43.13:345][  1]LogModuleManager: Shutting down and abandoning module MovieSceneTracks (430)
[2018.10.29-11.43.13:364][  1]LogModuleManager: Shutting down and abandoning module MovieScene (428)
[2018.10.29-11.43.13:376][  1]LogModuleManager: Shutting down and abandoning module StreamingPauseRendering (426)
[2018.10.29-11.43.13:394][  1]LogModuleManager: Shutting down and abandoning module LauncherPlatform (424)
[2018.10.29-11.43.13:394][  1]LogModuleManager: Shutting down and abandoning module AnalyticsET (422)
[2018.10.29-11.43.13:394][  1]LogModuleManager: Shutting down and abandoning module PortalServices (420)
[2018.10.29-11.43.13:394][  1]LogModuleManager: Shutting down and abandoning module PortalRpc (418)
[2018.10.29-11.43.13:394][  1]LogModuleManager: Shutting down and abandoning module MessagingRpc (416)
[2018.10.29-11.43.13:394][  1]LogModuleManager: Shutting down and abandoning module AIModule (414)
[2018.10.29-11.43.13:424][  1]LogModuleManager: Shutting down and abandoning module GameplayDebugger (413)
[2018.10.29-11.43.13:492][  1]LogModuleManager: Shutting down and abandoning module AITestSuite (411)
[2018.10.29-11.43.13:502][  1]LogModuleManager: Shutting down and abandoning module NavigationSystem (409)
[2018.10.29-11.43.13:502][  1]LogModuleManager: Shutting down and abandoning module DesktopPlatform (406)
[2018.10.29-11.43.13:539][  1]LogModuleManager: Shutting down and abandoning module ProfilerService (404)
[2018.10.29-11.43.13:589][  1]LogModuleManager: Shutting down and abandoning module TaskGraph (402)
[2018.10.29-11.43.13:617][  1]LogModuleManager: Shutting down and abandoning module SteamVRController (400)
[2018.10.29-11.43.13:617][  1]LogModuleManager: Shutting down and abandoning module ProceduralMeshComponentEditor (398)
[2018.10.29-11.43.13:617][  1]LogModuleManager: Shutting down and abandoning module ProceduralMeshComponent (396)
[2018.10.29-11.43.13:670][  1]LogModuleManager: Shutting down and abandoning module OculusInput (394)
[2018.10.29-11.43.13:670][  1]LogModuleManager: Shutting down and abandoning module MobilePatchingUtils (392)
[2018.10.29-11.43.13:670][  1]LogModuleManager: Shutting down and abandoning module EditableMesh (390)
[2018.10.29-11.43.13:700][  1]LogModuleManager: Shutting down and abandoning module CustomMeshComponent (388)
[2018.10.29-11.43.13:700][  1]LogModuleManager: Shutting down and abandoning module CableComponent (386)
[2018.10.29-11.43.13:700][  1]LogModuleManager: Shutting down and abandoning module AudioCapture (384)
[2018.10.29-11.43.13:700][  1]LogModuleManager: Shutting down and abandoning module ArchVisCharacter (382)
[2018.10.29-11.43.13:700][  1]LogModuleManager: Shutting down and abandoning module AndroidPermission (380)
[2018.10.29-11.43.13:700][  1]LogModuleManager: Shutting down and abandoning module NUTUnrealEngine4 (378)
[2018.10.29-11.43.13:700][  1]LogModuleManager: Shutting down and abandoning module NetcodeUnitTest (376)
[2018.10.29-11.43.13:773][  1]LogModuleManager: Shutting down and abandoning module MediaCompositingEditor (374)
[2018.10.29-11.43.13:773][  1]LogModuleManager: Shutting down and abandoning module MediaCompositing (372)
[2018.10.29-11.43.13:773][  1]LogModuleManager: Shutting down and abandoning module LinearTimecode (370)
[2018.10.29-11.43.13:773][  1]LogModuleManager: Shutting down and abandoning module ImgMedia (368)
[2018.10.29-11.43.13:799][  1]LogModuleManager: Shutting down and abandoning module UniversalMobileAds (366)
[2018.10.29-11.43.13:799][  1]LogModuleManager: Shutting down and abandoning module gameDNAinstaller (364)
[2018.10.29-11.43.13:799][  1]LogGameDNAinstaller: Display: gameDNA installer module shutdown
[2018.10.29-11.43.13:825][  1]LogModuleManager: Shutting down and abandoning module HTML5Networking (362)
[2018.10.29-11.43.13:825][  1]LogModuleManager: Shutting down and abandoning module GeometryCacheTracks (360)
[2018.10.29-11.43.13:825][  1]LogModuleManager: Shutting down and abandoning module GeometryCacheSequencer (358)
[2018.10.29-11.43.13:825][  1]LogModuleManager: Shutting down and abandoning module BackChannel (356)
[2018.10.29-11.43.13:860][  1]LogModuleManager: Shutting down and abandoning module AppleVision (354)
[2018.10.29-11.43.13:860][  1]LogModuleManager: Shutting down and abandoning module AppleImageUtils (352)
[2018.10.29-11.43.13:860][  1]LogModuleManager: Shutting down and abandoning module AlembicImporter (350)
[2018.10.29-11.43.13:860][  1]LogModuleManager: Shutting down and abandoning module AlembicLibrary (349)
[2018.10.29-11.43.13:860][  1]LogModuleManager: Shutting down and abandoning module GeometryCache (348)
[2018.10.29-11.43.13:860][  1]LogModuleManager: Shutting down and abandoning module GeometryCacheEd (347)
[2018.10.29-11.43.13:860][  1]LogModuleManager: Shutting down and abandoning module DatasmithContentEditor (342)
[2018.10.29-11.43.13:875][  1]LogModuleManager: Shutting down and abandoning module DatasmithContent (340)
[2018.10.29-11.43.13:875][  1]LogModuleManager: Shutting down and abandoning module SpeedTreeImporter (338)
[2018.10.29-11.43.13:875][  1]LogModuleManager: Shutting down and abandoning module PluginBrowser (336)
[2018.10.29-11.43.13:875][  1]LogModuleManager: Shutting down and abandoning module MobileLauncherProfileWizard (334)
[2018.10.29-11.43.13:906][  1]LogModuleManager: Shutting down and abandoning module PolygonModeling (332)
[2018.10.29-11.43.13:906][  1]LogModuleManager: Shutting down and abandoning module MeshEditor (330)
[2018.10.29-11.43.13:925][  1]LogModuleManager: Shutting down and abandoning module CryptoKeysOpenSSL (328)
[2018.10.29-11.43.13:945][  1]LogModuleManager: Shutting down and abandoning module CryptoKeys (326)
[2018.10.29-11.43.13:945][  1]LogModuleManager: Shutting down and abandoning module VisualStudioSourceCodeAccess (324)
[2018.10.29-11.43.13:945][  1]LogModuleManager: Shutting down and abandoning module VisualStudioCodeSourceCodeAccess (322)
[2018.10.29-11.43.13:945][  1]LogModuleManager: Shutting down and abandoning module UObjectPlugin (320)
[2018.10.29-11.43.13:945][  1]LogModuleManager: Shutting down and abandoning module SubversionSourceControl (318)
[2018.10.29-11.43.13:956][  1]LogModuleManager: Shutting down and abandoning module PerforceSourceControl (316)
[2018.10.29-11.43.13:994][  1]LogModuleManager: Shutting down and abandoning module GitSourceControl (314)
[2018.10.29-11.43.14:033][  1]LogModuleManager: Shutting down and abandoning module SourceControl (313)
[2018.10.29-11.43.14:042][  1]LogModuleManager: Shutting down and abandoning module CLionSourceCodeAccess (310)
[2018.10.29-11.43.14:042][  1]LogModuleManager: Shutting down and abandoning module LightPropagationVolumeEditor (308)
[2018.10.29-11.43.14:042][  1]LogModuleManager: Shutting down and abandoning module PaperTiledImporter (306)
[2018.10.29-11.43.14:042][  1]LogModuleManager: Shutting down and abandoning module PaperSpriteSheetImporter (304)
[2018.10.29-11.43.14:069][  1]LogModuleManager: Shutting down and abandoning module Paper2DEditor (302)
[2018.10.29-11.43.14:099][  1]LogModuleManager: Shutting down and abandoning module MeshPaint (301)
[2018.10.29-11.43.14:128][  1]LogModuleManager: Shutting down and abandoning module RuntimePhysXCooking (298)
[2018.10.29-11.43.14:129][  1]LogModuleManager: Shutting down and abandoning module PhysXVehiclesEditor (296)
[2018.10.29-11.43.14:129][  1]LogModuleManager: Shutting down and abandoning module PhysXVehicles (294)
[2018.10.29-11.43.14:129][  1]LogModuleManager: Shutting down and abandoning module OculusEditor (292)
[2018.10.29-11.43.14:139][  1]LogModuleManager: Shutting down and abandoning module LocationServicesBPLibrary (290)
[2018.10.29-11.43.14:139][  1]LogModuleManager: Shutting down and abandoning module ImmediatePhysicsEditor (288)
[2018.10.29-11.43.14:139][  1]LogModuleManager: Shutting down and abandoning module ImmediatePhysics (286)
[2018.10.29-11.43.14:173][  1]LogModuleManager: Shutting down and abandoning module ActorSequence (284)
[2018.10.29-11.43.14:173][  1]LogModuleManager: Shutting down and abandoning module UdpMessaging (282)
[2018.10.29-11.43.14:273][  1]LogModuleManager: Shutting down and abandoning module TcpMessaging (280)
[2018.10.29-11.43.14:384][  1]LogModuleManager: Shutting down and abandoning module MagicLeapAudio (278)
[2018.10.29-11.43.14:384][  1]LogModuleManager: Shutting down and abandoning module GameplayTagsEditor (276)
[2018.10.29-11.43.14:393][  1]LogModuleManager: Shutting down and abandoning module FacialAnimationEditor (274)
[2018.10.29-11.43.14:393][  1]LogModuleManager: Shutting down and abandoning module FacialAnimation (272)
[2018.10.29-11.43.14:394][  1]LogModuleManager: Shutting down and abandoning module DataValidation (270)
[2018.10.29-11.43.14:394][  1]LogModuleManager: Shutting down and abandoning module AssetManagerEditor (268)
[2018.10.29-11.43.14:409][  1]LogModuleManager: Shutting down and abandoning module LevelEditor (267)
[2018.10.29-11.43.14:472][  1]LogModuleManager: Shutting down and abandoning module PixelInspectorModule (266)
[2018.10.29-11.43.14:488][  1]LogModuleManager: Shutting down and abandoning module CommonMenuExtensions (264)
[2018.10.29-11.43.14:489][  1]LogModuleManager: Shutting down and abandoning module MainFrame (262)
[2018.10.29-11.43.14:517][  1]LogModuleManager: Shutting down and abandoning module HotReload (261)
[2018.10.29-11.43.14:594][  1]LogModuleManager: Shutting down and abandoning module ContentBrowser (257)
[2018.10.29-11.43.14:608][  1]LogModuleManager: Shutting down and abandoning module TreeMap (255)
[2018.10.29-11.43.14:628][  1]LogModuleManager: Shutting down and abandoning module LightPropagationVolumeRuntime (252)
[2018.10.29-11.43.14:628][  1]LogModuleManager: Shutting down and abandoning module AISupportModule (250)
[2018.10.29-11.43.14:628][  1]LogModuleManager: Shutting down and abandoning module Paper2D (248)
[2018.10.29-11.43.14:692][  1]LogModuleManager: Shutting down and abandoning module WindowsMoviePlayer (246)
[2018.10.29-11.43.14:827][  1]LogModuleManager: Shutting down and abandoning module WmfMedia (244)
[2018.10.29-11.43.14:945][  1]LogModuleManager: Shutting down and abandoning module Media (243)
[2018.10.29-11.43.14:951][  1]LogModuleManager: Shutting down and abandoning module PacketHandler (240)
[2018.10.29-11.43.14:951][  1]LogModuleManager: Shutting down and abandoning module ClothingSystemEditor (238)
[2018.10.29-11.43.14:952][  1]LogModuleManager: Shutting down and abandoning module ClothingSystemRuntime (236)
[2018.10.29-11.43.15:502][  1]LogModuleManager: Shutting down and abandoning module MediaAssets (234)
[2018.10.29-11.43.15:610][  1]LogModuleManager: Shutting down and abandoning module Overlay (232)
[2018.10.29-11.43.15:610][  1]LogModuleManager: Shutting down and abandoning module OverlayEditor (231)
[2018.10.29-11.43.15:610][  1]LogModuleManager: Shutting down and abandoning module VREditor (228)
[2018.10.29-11.43.15:619][  1]LogModuleManager: Shutting down and abandoning module StringTableEditor (226)
[2018.10.29-11.43.15:638][  1]LogModuleManager: Shutting down and abandoning module GameplayTasksEditor (224)
[2018.10.29-11.43.15:638][  1]LogModuleManager: Shutting down and abandoning module BehaviorTreeEditor (222)
[2018.10.29-11.43.15:751][  1]LogModuleManager: Shutting down and abandoning module FunctionalTesting (220)
[2018.10.29-11.43.15:782][  1]LogModuleManager: Shutting down and abandoning module CollisionAnalyzer (218)
[2018.10.29-11.43.15:813][  1]LogModuleManager: Shutting down and abandoning module WorkspaceMenuStructure (217)
[2018.10.29-11.43.15:813][  1]LogModuleManager: Shutting down and abandoning module UMG (214)
[2018.10.29-11.43.15:885][  1]LogModuleManager: Shutting down and abandoning module UMGEditor (213)
[2018.10.29-11.43.15:924][  1]LogModuleManager: Shutting down and abandoning module Sequencer (212)
[2018.10.29-11.43.15:957][  1]LogModuleManager: Shutting down and abandoning module MessageLog (209)
[2018.10.29-11.43.15:957][  1]LogModuleManager: Shutting down and abandoning module SlateReflector (204)
[2018.10.29-11.43.16:014][  1]LogModuleManager: Shutting down and abandoning module Slate (202)
[2018.10.29-11.43.16:014][  1]LogModuleManager: Shutting down and abandoning module EditorStyle (200)
[2018.10.29-11.43.16:057][  1]LogModuleManager: Shutting down and abandoning module MRMesh (198)
[2018.10.29-11.43.16:076][  1]LogModuleManager: Shutting down and abandoning module SourceCodeAccess (196)
[2018.10.29-11.43.16:076][  1]LogModuleManager: Shutting down and abandoning module HeadMountedDisplay (194)
[2018.10.29-11.43.16:076][  1]LogModuleManager: Shutting down and abandoning module XAudio2 (192)
[2018.10.29-11.43.16:076][  1]LogModuleManager: Shutting down and abandoning module Networking (190)
[2018.10.29-11.43.16:076][  1]LogModuleManager: Shutting down and abandoning module Core (188)
[2018.10.29-11.43.16:076][  1]LogModuleManager: Shutting down and abandoning module LevelSequence (186)
[2018.10.29-11.43.16:076][  1]LogModuleManager: Shutting down and abandoning module KismetCompiler (184)
[2018.10.29-11.43.16:076][  1]LogModuleManager: Shutting down and abandoning module MeshUtilities (182)
[2018.10.29-11.43.16:133][  1]LogModuleManager: Shutting down and abandoning module MeshMergeUtilities (181)
[2018.10.29-11.43.16:164][  1]LogModuleManager: Shutting down and abandoning module MeshReductionInterface (180)
[2018.10.29-11.43.16:164][  1]LogModuleManager: Shutting down and abandoning module SimplygonSwarm (179)
[2018.10.29-11.43.16:164][  1]LogModuleManager: Shutting down and abandoning module ProxyLODMeshReduction (177)
[2018.10.29-11.43.16:182][  1]LogModuleManager: Shutting down and abandoning module SimplygonMeshReduction (175)
[2018.10.29-11.43.16:182][  1]LogModuleManager: Shutting down and abandoning module QuadricMeshReduction (173)
[2018.10.29-11.43.16:215][  1]LogModuleManager: Shutting down and abandoning module MaterialBaking (169)
[2018.10.29-11.43.16:235][  1]LogModuleManager: Shutting down and abandoning module DirectoryWatcher (165)
[2018.10.29-11.43.16:235][  1]LogModuleManager: Shutting down and abandoning module DerivedDataCache (162)
[2018.10.29-11.43.16:471][  1]LogDerivedDataCache: Shutdown
[2018.10.29-11.43.16:471][  1]LogModuleManager: Shutting down and abandoning module XGEController (160)
[2018.10.29-11.43.16:471][  1]LogModuleManager: Shutting down and abandoning module TargetPlatform (158)
[2018.10.29-11.43.16:471][  1]LogModuleManager: Shutting down and abandoning module VulkanShaderFormat (157)
[2018.10.29-11.43.16:486][  1]LogModuleManager: Shutting down and abandoning module ShaderFormatVectorVM (155)
[2018.10.29-11.43.16:495][  1]LogModuleManager: Shutting down and abandoning module ShaderFormatOpenGL (153)
[2018.10.29-11.43.16:499][  1]LogModuleManager: Shutting down and abandoning module ShaderFormatD3D (151)
[2018.10.29-11.43.16:499][  1]LogModuleManager: Shutting down and abandoning module MetalShaderFormat (149)
[2018.10.29-11.43.16:514][  1]LogModuleManager: Shutting down and abandoning module TextureFormatUncompressed (147)
[2018.10.29-11.43.16:514][  1]LogModuleManager: Shutting down and abandoning module TextureFormatPVR (145)
[2018.10.29-11.43.16:514][  1]LogModuleManager: Shutting down and abandoning module TextureFormatDXT (143)
[2018.10.29-11.43.16:541][  1]LogModuleManager: Shutting down and abandoning module TextureFormatIntelISPCTexComp (141)
[2018.10.29-11.43.16:555][  1]LogModuleManager: Shutting down and abandoning module TextureFormatASTC (139)
[2018.10.29-11.43.16:555][  1]LogModuleManager: Shutting down and abandoning module ImageWrapper (138)
[2018.10.29-11.43.16:555][  1]LogModuleManager: Shutting down and abandoning module TextureFormatAndroid (135)
[2018.10.29-11.43.16:555][  1]LogModuleManager: Shutting down and abandoning module AudioFormatOpus (133)
[2018.10.29-11.43.16:555][  1]LogModuleManager: Shutting down and abandoning module AudioFormatOgg (131)
[2018.10.29-11.43.16:555][  1]LogModuleManager: Shutting down and abandoning module AudioFormatADPCM (129)
[2018.10.29-11.43.16:555][  1]LogModuleManager: Shutting down and abandoning module LuminTargetPlatform (127)
[2018.10.29-11.43.16:555][  1]LogModuleManager: Shutting down and abandoning module LinuxTargetPlatform (125)
[2018.10.29-11.43.16:555][  1]LogModuleManager: Shutting down and abandoning module LinuxServerTargetPlatform (123)
[2018.10.29-11.43.16:555][  1]LogModuleManager: Shutting down and abandoning module LinuxNoEditorTargetPlatform (121)
[2018.10.29-11.43.16:581][  1]LogModuleManager: Shutting down and abandoning module LinuxClientTargetPlatform (119)
[2018.10.29-11.43.16:594][  1]LogModuleManager: Shutting down and abandoning module TVOSTargetPlatform (117)
[2018.10.29-11.43.16:595][  1]LogModuleManager: Shutting down and abandoning module Messaging (115)
[2018.10.29-11.43.16:595][  1]LogModuleManager: Shutting down and abandoning module IOSTargetPlatform (113)
[2018.10.29-11.43.16:597][  1]LogModuleManager: Shutting down and abandoning module HTML5TargetPlatform (111)
[2018.10.29-11.43.16:597][  1]LogModuleManager: Shutting down and abandoning module AndroidTargetPlatform (109)
[2018.10.29-11.43.16:737][  1]LogModuleManager: Shutting down and abandoning module WindowsTargetPlatform (107)
[2018.10.29-11.43.16:737][  1]LogModuleManager: Shutting down and abandoning module WindowsServerTargetPlatform (105)
[2018.10.29-11.43.16:737][  1]LogModuleManager: Shutting down and abandoning module WindowsNoEditorTargetPlatform (103)
[2018.10.29-11.43.16:737][  1]LogModuleManager: Shutting down and abandoning module WindowsClientTargetPlatform (101)
[2018.10.29-11.43.16:737][  1]LogModuleManager: Shutting down and abandoning module MacTargetPlatform (99)
[2018.10.29-11.43.16:738][  1]LogModuleManager: Shutting down and abandoning module MacServerTargetPlatform (97)
[2018.10.29-11.43.16:738][  1]LogModuleManager: Shutting down and abandoning module MacNoEditorTargetPlatform (95)
[2018.10.29-11.43.16:738][  1]LogModuleManager: Shutting down and abandoning module MacClientTargetPlatform (93)
[2018.10.29-11.43.16:738][  1]LogModuleManager: Shutting down and abandoning module AllDesktopTargetPlatform (91)
[2018.10.29-11.43.16:738][  1]LogModuleManager: Shutting down and abandoning module InputCore (88)
[2018.10.29-11.43.16:738][  1]LogModuleManager: Shutting down and abandoning module Settings (86)
[2018.10.29-11.43.16:739][  1]LogModuleManager: Shutting down and abandoning module PhysXCooking (84)
[2018.10.29-11.43.16:739][  1]LogModuleManager: Shutting down and abandoning module SteamVR (82)
[2018.10.29-11.43.16:748][  1]LogModuleManager: Shutting down and abandoning module OculusHMD (80)
[2018.10.29-11.43.16:771][  1]LogModuleManager: Shutting down and abandoning module ExampleDeviceProfileSelector (78)
[2018.10.29-11.43.16:771][  1]LogModuleManager: Shutting down and abandoning module LauncherChunkInstaller (76)
[2018.10.29-11.43.16:772][  1]LogModuleManager: Shutting down and abandoning module OnlineBlueprintSupport (74)
[2018.10.29-11.43.16:772][  1]LogModuleManager: Shutting down and abandoning module OnlineSubsystem (70)
[2018.10.29-11.43.16:877][  1]LogModuleManager: Shutting down and abandoning module XMPP (65)
[2018.10.29-11.43.16:908][  1]LogModuleManager: Shutting down and abandoning module WebSockets (64)
[2018.10.29-11.43.17:036][  1]LogModuleManager: Shutting down and abandoning module HTTP (61)
[2018.10.29-11.43.17:067][  1]LogHttp: Display: Http module shutting down, but needs to wait on 1 outstanding Http requests:
[2018.10.29-11.43.17:067][  1]LogHttp: Display: 	verb=[POST] url=[https://datarouter.ol.epicgames.com/datarouter/api/v1/public/data?SessionID=%7B9520D9C5-43BD-0759-623E-9F837C78C62B%7D&AppID=UEEditor.Rocket.Release&AppVersion=4.20.2-4302132%2B%2B%2BUE4%2BRelease-4.20&UserID=6b7b0c9d4ae7080f718926b0c0e74592%7Ca8acd073419d4ba5af06128a796b67e5%7C16748a16-ac96-4a19-acf9-81021a0a2cc2&AppEnvironment=datacollector-binary&UploadType=eteventstream] status=Processing
[2018.10.29-11.43.17:158][  1]LogModuleManager: Shutting down and abandoning module SSL (60)
[2018.10.29-11.43.17:217][  1]LogModuleManager: Shutting down and abandoning module MagicLeapEmulator (56)
[2018.10.29-11.43.17:217][  1]LogModuleManager: Shutting down and abandoning module MagicLeapPrivileges (54)
[2018.10.29-11.43.17:217][  1]LogModuleManager: Shutting down and abandoning module MagicLeapIdentity (52)
[2018.10.29-11.43.17:217][  1]LogModuleManager: Shutting down and abandoning module MagicLeapHelperVulkan (50)
[2018.10.29-11.43.17:228][  1]LogModuleManager: Shutting down and abandoning module MagicLeapHelperOpenGL (48)
[2018.10.29-11.43.17:239][  1]LogModuleManager: Shutting down and abandoning module MagicLeapSecureStorage (46)
[2018.10.29-11.43.17:239][  1]LogModuleManager: Shutting down and abandoning module MagicLeapGestures (44)
[2018.10.29-11.43.17:278][  1]LogModuleManager: Shutting down and abandoning module MagicLeapEyeTracker (42)
[2018.10.29-11.43.17:278][  1]LogModuleManager: Shutting down and abandoning module MagicLeapController (40)
[2018.10.29-11.43.17:332][  1]LogSlate: Slate User Destroyed.  User Index 0, Is Virtual User: 0
[2018.10.29-11.43.17:343][  1]LogModuleManager: Shutting down and abandoning module MagicLeap (38)
[2018.10.29-11.43.17:351][  1]LogModuleManager: Shutting down and abandoning module AnimationModifiers (36)
[2018.10.29-11.43.17:406][  1]LogModuleManager: Shutting down and abandoning module PropertyEditor (35)
[2018.10.29-11.43.17:439][  1]LogModuleManager: Shutting down and abandoning module AudioEditor (32)
[2018.10.29-11.43.17:486][  1]LogModuleManager: Shutting down and abandoning module TextureCompressor (30)
[2018.10.29-11.43.17:539][  1]LogModuleManager: Shutting down and abandoning module ShaderCore (28)
[2018.10.29-11.43.17:540][  1]LogModuleManager: Shutting down and abandoning module Landscape (26)
[2018.10.29-11.43.17:540][  1]LogModuleManager: Shutting down and abandoning module SlateRHIRenderer (24)
[2018.10.29-11.43.17:562][  1]LogModuleManager: Shutting down and abandoning module OpenGLDrv (22)
[2018.10.29-11.43.17:575][  1]LogModuleManager: Shutting down and abandoning module D3D11RHI (20)
[2018.10.29-11.43.17:575][  1]LogModuleManager: Shutting down and abandoning module AnimGraphRuntime (18)
[2018.10.29-11.43.17:597][  1]LogModuleManager: Shutting down and abandoning module Renderer (16)
[2018.10.29-11.43.17:597][  1]LogModuleManager: Shutting down and abandoning module Engine (14)
[2018.10.29-11.43.17:597][  1]LogModuleManager: Shutting down and abandoning module CoreUObject (12)
[2018.10.29-11.43.17:597][  1]LogModuleManager: Shutting down and abandoning module NetworkFile (10)
[2018.10.29-11.43.17:614][  1]LogModuleManager: Shutting down and abandoning module CookedIterativeFile (8)
[2018.10.29-11.43.17:614][  1]LogModuleManager: Shutting down and abandoning module StreamingFile (6)
[2018.10.29-11.43.17:624][  1]LogModuleManager: Shutting down and abandoning module SandboxFile (4)
[2018.10.29-11.43.17:632][  1]LogModuleManager: Shutting down and abandoning module PakFile (2)
[2018.10.29-11.43.17:689][  1]LogExit: Exiting.
[2018.10.29-11.43.17:869][  1]Log file closed, 10/29/18 13:43:17
