Log file open, 10/26/18 14:14:57
LogWindows: Failed to load 'aqProf.dll' (GetLastError=126)
LogWindows: File 'aqProf.dll' does not exist
LogWindows: Failed to load 'VSPerf140.dll' (GetLastError=126)
LogWindows: File 'VSPerf140.dll' does not exist
LogWindows: Failed to load 'VtuneApi.dll' (GetLastError=126)
LogWindows: File 'VtuneApi.dll' does not exist
LogWindows: Failed to load 'VtuneApi32e.dll' (GetLastError=126)
LogWindows: File 'VtuneApi32e.dll' does not exist
LogInit: Display: Running engine for game: MyProject4
LogPlatformFile: Not using cached read wrapper
LogTaskGraph: Started task graph with 5 named threads and 23 total threads with 3 sets of task threads.
LogStats: Stats thread started at 1.176242
LogD3D11RHI: Loaded GFSDK_Aftermath_Lib.x64.dll
LogICUInternationalization: Display: ICU TimeZone Detection - Raw Offset: +2:00, Platform Override: ''
LogConfig: Warning: Failed to saved backup for config[Editor]
LogConfig: Warning: Failed to saved backup for config[EditorSettings]
LogConfig: Warning: Failed to saved backup for config[EditorKeyBindings]
LogConfig: Warning: Failed to saved backup for config[Lightmass]
LogPluginManager: Mounting plugin Paper2D
LogConfig: Warning: Failed to saved backup for config[Paper2D]
LogPluginManager: Mounting plugin AISupport
LogPluginManager: Mounting plugin LightPropagationVolume
LogPluginManager: Mounting plugin CLionSourceCodeAccess
LogPluginManager: Mounting plugin CodeLiteSourceCodeAccess
LogPluginManager: Mounting plugin GitSourceControl
LogPluginManager: Mounting plugin KDevelopSourceCodeAccess
LogPluginManager: Mounting plugin NullSourceCodeAccess
LogPluginManager: Mounting plugin PerforceSourceControl
LogPluginManager: Mounting plugin SubversionSourceControl
LogPluginManager: Mounting plugin UObjectPlugin
LogPluginManager: Mounting plugin VisualStudioCodeSourceCodeAccess
LogPluginManager: Mounting plugin VisualStudioSourceCodeAccess
LogPluginManager: Mounting plugin XCodeSourceCodeAccess
LogPluginManager: Mounting plugin AssetManagerEditor
LogPluginManager: Mounting plugin CryptoKeys
LogPluginManager: Mounting plugin DataValidation
LogPluginManager: Mounting plugin FacialAnimation
LogPluginManager: Mounting plugin GameplayTagsEditor
LogPluginManager: Mounting plugin MacGraphicsSwitching
LogPluginManager: Mounting plugin MeshEditor
LogPluginManager: Mounting plugin MobileLauncherProfileWizard
LogPluginManager: Mounting plugin PluginBrowser
LogPluginManager: Mounting plugin SpeedTreeImporter
LogPluginManager: Mounting plugin DatasmithContent
LogPluginManager: Mounting plugin AlembicImporter
LogPluginManager: Mounting plugin AppleImageUtils
LogPluginManager: Mounting plugin AppleVision
LogPluginManager: Mounting plugin BackChannel
LogPluginManager: Mounting plugin CharacterAI
LogPluginManager: Mounting plugin GeometryCache
LogPluginManager: Mounting plugin HTML5Networking
LogPluginManager: Mounting plugin ProxyLODPlugin
LogPluginManager: Mounting plugin MagicLeap
LogPluginManager: Mounting plugin MagicLeapEmulator
LogPluginManager: Mounting plugin MagicLeapMedia
LogPluginManager: Mounting plugin gameDNAinstaller
LogPluginManager: Mounting plugin UniversalMobileAds
LogPluginManager: Mounting plugin AndroidMedia
LogPluginManager: Mounting plugin AvfMedia
LogPluginManager: Mounting plugin ImgMedia
LogPluginManager: Mounting plugin LinearTimecode
LogPluginManager: Mounting plugin MediaCompositing
LogPluginManager: Mounting plugin MediaPlayerEditor
LogPluginManager: Mounting plugin WmfMedia
LogPluginManager: Mounting plugin TcpMessaging
LogPluginManager: Mounting plugin UdpMessaging
LogPluginManager: Mounting plugin ActorSequence
LogPluginManager: Mounting plugin LevelSequenceEditor
LogConfig: Warning: Failed to saved backup for config[LevelSequenceEditor]
LogPluginManager: Mounting plugin MatineeToLevelSequence
LogConfig: Warning: Failed to saved backup for config[MatineeToLevelSequence]
LogPluginManager: Mounting plugin NetcodeUnitTest
LogPluginManager: Mounting plugin NUTUnrealEngine4
LogPluginManager: Mounting plugin OnlineSubsystemGooglePlay
LogPluginManager: Mounting plugin OnlineSubsystemIOS
LogPluginManager: Mounting plugin OnlineSubsystem
LogPluginManager: Mounting plugin OnlineSubsystemNull
LogPluginManager: Mounting plugin OnlineSubsystemUtils
LogPluginManager: Mounting plugin LauncherChunkInstaller
LogPluginManager: Mounting plugin AndroidDeviceProfileSelector
LogPluginManager: Mounting plugin AndroidMoviePlayer
LogPluginManager: Mounting plugin AndroidPermission
LogPluginManager: Mounting plugin AppleMoviePlayer
LogPluginManager: Mounting plugin ArchVisCharacter
LogPluginManager: Mounting plugin AudioCapture
LogPluginManager: Mounting plugin CableComponent
LogPluginManager: Mounting plugin CustomMeshComponent
LogPluginManager: Mounting plugin EditableMesh
LogPluginManager: Mounting plugin ExampleDeviceProfileSelector
LogPluginManager: Mounting plugin GoogleCloudMessaging
LogPluginManager: Mounting plugin ImmediatePhysics
LogPluginManager: Mounting plugin IOSDeviceProfileSelector
LogPluginManager: Mounting plugin LinuxDeviceProfileSelector
LogPluginManager: Mounting plugin LocationServicesBPLibrary
LogPluginManager: Mounting plugin MobilePatchingUtils
LogPluginManager: Mounting plugin OculusVR
LogPluginManager: Plugin shader directory ../../../Engine/Plugins/Runtime/Oculus/OculusVR/Shaders found
LogPluginManager: Mapping shader source directory ../../../Engine/Plugins/Runtime/Oculus/OculusVR/Shaders to virtual directory /Plugin/OculusVR
LogConfig: Warning: Failed to saved backup for config[OculusVR]
LogPluginManager: Mounting plugin PhysXVehicles
LogPluginManager: Mounting plugin ProceduralMeshComponent
LogPluginManager: Mounting plugin RuntimePhysXCooking
LogPluginManager: Mounting plugin SteamVR
LogPluginManager: Mounting plugin WindowsMoviePlayer
LogStreaming: Display: Took  0.247s to configure plugins.
LogInit: Using libcurl 7.55.1-DEV
LogInit:  - built for x86_64-pc-win32
LogInit:  - supports SSL with OpenSSL/1.0.2h
LogInit:  - supports HTTP deflate (compression) using libz 1.2.8
LogInit:  - other features:
LogInit:      CURL_VERSION_SSL
LogInit:      CURL_VERSION_LIBZ
LogInit:      CURL_VERSION_IPV6
LogInit:      CURL_VERSION_ASYNCHDNS
LogInit:      CURL_VERSION_LARGEFILE
LogInit:      CURL_VERSION_IDN
LogInit:  CurlRequestOptions (configurable via config and command line):
LogInit:  - bVerifyPeer = false  - Libcurl will NOT verify peer certificate
LogInit:  - bUseHttpProxy = false  - Libcurl will NOT use HTTP proxy
LogInit:  - bDontReuseConnections = false  - Libcurl will reuse connections
LogInit:  - CertBundlePath = nullptr  - Libcurl will use whatever was configured at build time.
LogInit:  - MaxHostConnections = 16  - Libcurl will limit the number of connections to a host
LogInit:  - LocalHostAddr = Default
LogInit:  - BufferSize = 65536
LogInit: WinSock: version 1.1 (2.2), MaxSocks=32767, MaxUdp=65467
LogInit: Build: ++UE4+Release-4.20-CL-4302132
LogInit: Engine Version: 4.20.2-4302132+++UE4+Release-4.20
LogInit: Compatible Engine Version: 4.20.0-4212847+++UE4+Release-4.20
LogInit: Net CL: 4212847
LogInit: OS: Windows 7 (Service Pack 1), CPU:         Intel(R) Core(TM) i7-3820 CPU @ 3.60GHz, GPU: NVIDIA GeForce GTX 1070
LogInit: Compiled (64-bit): Aug 21 2018 02:06:06
LogInit: Compiled with Visual C++: 19.13.26129.00
LogInit: Build Configuration: Development
LogInit: Branch Name: ++UE4+Release-4.20
LogInit: Command Line:  
LogInit: Base Directory: L:/Program Files/Epic Games/UE_4.20/Engine/Binaries/Win64/
LogInit: Installed Engine Build: 1
LogDevObjectVersion: Number of dev versions registered: 20
LogDevObjectVersion:   Dev-Blueprints (B0D832E4-1F89-4F0D-ACCF-7EB736FD4AA2): 10
LogDevObjectVersion:   Dev-Build (E1C64328-A22C-4D53-A36C-8E866417BD8C): 0
LogDevObjectVersion:   Dev-Core (375EC13C-06E4-48FB-B500-84F0262A717E): 2
LogDevObjectVersion:   Dev-Editor (E4B068ED-F494-42E9-A231-DA0B2E46BB41): 24
LogDevObjectVersion:   Dev-Framework (CFFC743F-43B0-4480-9391-14DF171D2073): 34
LogDevObjectVersion:   Dev-Mobile (B02B49B5-BB20-44E9-A304-32B752E40360): 2
LogDevObjectVersion:   Dev-Networking (A4E4105C-59A1-49B5-A7C5-40C4547EDFEE): 0
LogDevObjectVersion:   Dev-Online (39C831C9-5AE6-47DC-9A44-9C173E1C8E7C): 0
LogDevObjectVersion:   Dev-Physics (78F01B33-EBEA-4F98-B9B4-84EACCB95AA2): 0
LogDevObjectVersion:   Dev-Platform (6631380F-2D4D-43E0-8009-CF276956A95A): 0
LogDevObjectVersion:   Dev-Rendering (12F88B9F-8875-4AFC-A67C-D90C383ABD29): 26
LogDevObjectVersion:   Dev-Sequencer (7B5AE74C-D270-4C10-A958-57980B212A5A): 9
LogDevObjectVersion:   Dev-VR (D7296918-1DD6-4BDD-9DE2-64A83CC13884): 2
LogDevObjectVersion:   Dev-LoadTimes (C2A15278-BFE7-4AFE-6C17-90FF531DF755): 1
LogDevObjectVersion:   Private-Geometry (6EACA3D4-40EC-4CC1-B786-8BED09428FC5): 3
LogDevObjectVersion:   Dev-AnimPhys (29E575DD-E0A3-4627-9D10-D276232CDCEA): 17
LogDevObjectVersion:   Dev-ReflectionCapture (6B266CEC-1EC7-4B8F-A30B-E4D90942FC07): 1
LogDevObjectVersion:   Dev-Automation (0DF73D61-A23F-47EA-B727-89E90C41499A): 1
LogDevObjectVersion:   FortniteMain (601D1886-AC64-4F84-AA16-D3DE0DEAC7D6): 12
LogDevObjectVersion:   Dev-Enterprise (9DFFBCD6-494F-0158-E221-12823C92A888): 1
LogStreaming: Display: Took  0.018s to delete old logs.
LogInit: Presizing for max 8388607 objects, including 0 objects not considered by GC, pre-allocating 0 bytes for permanent pool.
LogInit: Object subsystem initialized
[2018.10.26-12.14.58:821][  0]LogInit: Selected Device Profile: [Windows]
[2018.10.26-12.14.58:821][  0]LogInit: Applying CVar settings loaded from the selected device profile: [Windows]
[2018.10.26-12.14.58:866][  0]LogHAL: Display: Platform has ~ 16 GB [17128501248 / 17179869184 / 16], which maps to Larger [LargestMinGB=32, LargerMinGB=12, DefaultMinGB=8, SmallerMinGB=6, SmallestMinGB=0)
[2018.10.26-12.14.58:867][  0]LogInit: Setting Device Profile CVar: [[r.Vulkan.UseRealUBs:1]]
[2018.10.26-12.14.58:867][  0]LogInit: Going up to parent DeviceProfile []
[2018.10.26-12.14.58:886][  0]LogInit: Computer: STEVEN-PC
[2018.10.26-12.14.58:886][  0]LogInit: User: Steven
[2018.10.26-12.14.58:886][  0]LogInit: CPU Page size=4096, Cores=4
[2018.10.26-12.14.58:886][  0]LogInit: High frequency timer resolution =3.515634 MHz
[2018.10.26-12.14.58:886][  0]LogMemory: Memory total: Physical=16.0GB (16GB approx)
[2018.10.26-12.14.58:886][  0]LogMemory: Platform Memory Stats for Windows
[2018.10.26-12.14.58:886][  0]LogMemory: Process Physical Memory: 101.75 MB used, 101.75 MB peak
[2018.10.26-12.14.58:886][  0]LogMemory: Process Virtual Memory: 91.73 MB used, 91.73 MB peak
[2018.10.26-12.14.58:886][  0]LogMemory: Physical Memory: 7077.67 MB used,  9257.34 MB free, 16335.01 MB total
[2018.10.26-12.14.58:886][  0]LogMemory: Virtual Memory: 480.63 MB used,  9257.34 MB free, 8388608.00 MB total
[2018.10.26-12.14.59:011][  0]LogInit: Using OS detected language (en-US).
[2018.10.26-12.14.59:011][  0]LogInit: Using OS detected locale (en-US).
[2018.10.26-12.14.59:026][  0]LogTextLocalizationManager: No specific localization for 'en-US' exists, so the 'en' localization will be used.
[2018.10.26-12.14.59:783][  0]LogStreaming: Display: Took  0.771s to InitEngineTextLocalization.
[2018.10.26-12.14.59:784][  0]LogWindows: Failed to load 'shcore.dll' (GetLastError=126)
[2018.10.26-12.14.59:784][  0]LogWindows: File 'shcore.dll' does not exist
[2018.10.26-12.14.59:784][  0]LogInit: Setting process to DPI aware
[2018.10.26-12.14.59:862][  0]LogSlate: New Slate User Created.  User Index 0, Is Virtual User: 0
[2018.10.26-12.14.59:862][  0]LogSlate: Slate User Registered.  User Index 0, Is Virtual User: 0
[2018.10.26-12.15.00:887][  0]LogHMD: Failed to initialize OpenVR with code 105
[2018.10.26-12.15.00:887][  0]LogD3D11RHI: D3D11 adapters:
[2018.10.26-12.15.00:944][  0]LogD3D11RHI:    0. 'NVIDIA GeForce GTX 1070' (Feature Level 11_0)
[2018.10.26-12.15.00:944][  0]LogD3D11RHI:       8077/0/7911 MB DedicatedVideo/DedicatedSystem/SharedSystem, Outputs:2, VendorId:0x10de
[2018.10.26-12.15.00:944][  0]LogD3D11RHI: Chosen D3D11 Adapter: 0
[2018.10.26-12.15.00:952][  0]LogD3D11RHI: Creating new Direct3DDevice
[2018.10.26-12.15.00:952][  0]LogD3D11RHI:     GPU DeviceId: 0x1b81 (for the marketing name, search the web for "GPU Device Id")
[2018.10.26-12.15.00:952][  0]LogWindows: EnumDisplayDevices:
[2018.10.26-12.15.00:952][  0]LogWindows:    0. 'NVIDIA GeForce GTX 1070' (P:1 D:1)
[2018.10.26-12.15.00:952][  0]LogWindows:    1. 'NVIDIA GeForce GTX 1070' (P:0 D:1)
[2018.10.26-12.15.00:952][  0]LogWindows:    2. 'NVIDIA GeForce GTX 1070' (P:0 D:0)
[2018.10.26-12.15.00:953][  0]LogWindows:    3. 'NVIDIA GeForce GTX 1070' (P:0 D:0)
[2018.10.26-12.15.00:953][  0]LogWindows:    4. 'RDPDD Chained DD' (P:0 D:0)
[2018.10.26-12.15.00:953][  0]LogWindows:    5. 'RDP Encoder Mirror Driver' (P:0 D:0)
[2018.10.26-12.15.00:953][  0]LogWindows:    6. 'RDP Reflector Display Driver' (P:0 D:0)
[2018.10.26-12.15.00:953][  0]LogWindows: DebugString: GetVideoDriverDetailsInvalid PrimaryIsNotTheChoosenAdapter GetVideoDriverDetailsInvalid PrimaryIsNotTheChoosenAdapter GetVideoDriverDetailsInvalid PrimaryIsNotTheChoosenAdapter FoundDriverCount:4 
[2018.10.26-12.15.00:953][  0]LogD3D11RHI:     Adapter Name: NVIDIA GeForce GTX 1070
[2018.10.26-12.15.00:953][  0]LogD3D11RHI:   Driver Version: 390.77 (internal:23.21.13.9077, unified:390.77)
[2018.10.26-12.15.00:953][  0]LogD3D11RHI:      Driver Date: 1-23-2018
[2018.10.26-12.15.00:953][  0]LogRHI: Texture pool is 5654 MB (70% of 8077 MB)
[2018.10.26-12.15.00:972][  0]LogD3D11RHI: Async texture creation enabled
[2018.10.26-12.15.00:993][  0]LogD3D11RHI: GPU Timing Frequency: 1000.000000 (Debug: 2 2)
[2018.10.26-12.15.00:996][  0]LogShaderCompilers: Guid format shader working directory is 2 characters bigger than the processId version (../../../../../../coded projects/KnifeThingy/Intermediate/Shaders/WorkingDirectory/51372/).
[2018.10.26-12.15.00:996][  0]LogShaderCompilers: Cleaned the shader compiler working directory 'C:/Users/Steven/AppData/Local/Temp/UnrealShaderWorkingDir/160CBD3D4596DC72083B998AB99E87CC/'.
[2018.10.26-12.15.01:277][  0]LogTemp: Display: Loaded TP AllDesktopTargetPlatform
[2018.10.26-12.15.01:301][  0]LogTemp: Display: Loaded TP MacClientTargetPlatform
[2018.10.26-12.15.01:319][  0]LogTemp: Display: Loaded TP MacNoEditorTargetPlatform
[2018.10.26-12.15.01:340][  0]LogTemp: Display: Loaded TP MacServerTargetPlatform
[2018.10.26-12.15.01:369][  0]LogTemp: Display: Loaded TP MacTargetPlatform
[2018.10.26-12.15.01:452][  0]LogTemp: Display: Loaded TP WindowsClientTargetPlatform
[2018.10.26-12.15.01:477][  0]LogTemp: Display: Loaded TP WindowsNoEditorTargetPlatform
[2018.10.26-12.15.01:521][  0]LogTemp: Display: Loaded TP WindowsServerTargetPlatform
[2018.10.26-12.15.01:541][  0]LogTemp: Display: Loaded TP WindowsTargetPlatform
[2018.10.26-12.15.01:691][  0]LogTemp: Display: Loaded TP AndroidTargetPlatform
[2018.10.26-12.15.01:691][  0]LogTemp: Display: Loaded TP AndroidTargetPlatform
[2018.10.26-12.15.01:691][  0]LogTemp: Display: Loaded TP AndroidTargetPlatform
[2018.10.26-12.15.01:691][  0]LogTemp: Display: Loaded TP AndroidTargetPlatform
[2018.10.26-12.15.01:691][  0]LogTemp: Display: Loaded TP AndroidTargetPlatform
[2018.10.26-12.15.01:691][  0]LogTemp: Display: Loaded TP AndroidTargetPlatform
[2018.10.26-12.15.01:691][  0]LogTemp: Display: Loaded TP AndroidTargetPlatform
[2018.10.26-12.15.01:691][  0]LogTemp: Display: Loaded TP AndroidTargetPlatform
[2018.10.26-12.15.01:691][  0]LogTemp: Display: Loaded TP AndroidTargetPlatform
[2018.10.26-12.15.01:691][  0]LogTemp: Display: Loaded TP AndroidTargetPlatform
[2018.10.26-12.15.01:691][  0]LogTemp: Display: Loaded TP AndroidTargetPlatform
[2018.10.26-12.15.01:691][  0]LogTemp: Display: Loaded TP AndroidTargetPlatform
[2018.10.26-12.15.01:691][  0]LogTemp: Display: Loaded TP AndroidTargetPlatform
[2018.10.26-12.15.01:691][  0]LogTemp: Display: Loaded TP AndroidTargetPlatform
[2018.10.26-12.15.01:691][  0]LogTemp: Display: Loaded TP AndroidTargetPlatform
[2018.10.26-12.15.01:691][  0]LogTemp: Display: Loaded TP AndroidTargetPlatform
[2018.10.26-12.15.01:691][  0]LogTemp: Display: Loaded TP AndroidTargetPlatform
[2018.10.26-12.15.01:691][  0]LogTemp: Display: Loaded TP AndroidTargetPlatform
[2018.10.26-12.15.01:721][  0]LogTemp: Display: Loaded TP HTML5TargetPlatform
[2018.10.26-12.15.01:847][  0]LogTemp: Display: Loaded TP IOSTargetPlatform
[2018.10.26-12.15.01:847][  0]LogTemp: Display: Loaded TP IOSTargetPlatform
[2018.10.26-12.15.01:879][  0]LogTemp: Display: Loaded TP TVOSTargetPlatform
[2018.10.26-12.15.01:879][  0]LogTemp: Display: Loaded TP TVOSTargetPlatform
[2018.10.26-12.15.01:905][  0]LogTemp: Display: Loaded TP LinuxClientTargetPlatform
[2018.10.26-12.15.01:938][  0]LogTemp: Display: Loaded TP LinuxNoEditorTargetPlatform
[2018.10.26-12.15.01:953][  0]LogTemp: Display: Loaded TP LinuxServerTargetPlatform
[2018.10.26-12.15.01:991][  0]LogTemp: Display: Loaded TP LinuxTargetPlatform
[2018.10.26-12.15.02:000][  0]LogTemp: Display: Loaded TP LuminTargetPlatform
[2018.10.26-12.15.02:000][  0]LogTargetPlatformManager: Display: Building Assets For Windows
[2018.10.26-12.15.02:405][  0]LogXGEController: Cleaning working directory: C:/Users/Steven/AppData/Local/Temp/UnrealXGEWorkingDir/
[2018.10.26-12.15.02:415][  0]LogShaderCompilers: Display: Using XGE Shader Compiler (Interception Interface).
[2018.10.26-12.15.05:412][  0]LogDerivedDataCache: Display: Max Cache Size: 512 MB
[2018.10.26-12.15.05:628][  0]LogDerivedDataCache: Loaded boot cache 0.22s 71MB C:/Users/Steven/AppData/Local/UnrealEngine/4.20/DerivedDataCache/Boot.ddc.
[2018.10.26-12.15.05:628][  0]LogDerivedDataCache: Display: Loaded Boot cache: C:/Users/Steven/AppData/Local/UnrealEngine/4.20/DerivedDataCache/Boot.ddc
[2018.10.26-12.15.05:629][  0]LogDerivedDataCache: FDerivedDataBackendGraph:  Pak pak cache file ../../../../../../coded projects/KnifeThingy/DerivedDataCache/DDC.ddp not found, will not use a pak cache.
[2018.10.26-12.15.05:629][  0]LogDerivedDataCache: Unable to find inner node Pak for hierarchical cache Hierarchy.
[2018.10.26-12.15.05:629][  0]LogDerivedDataCache: FDerivedDataBackendGraph:  CompressedPak pak cache file ../../../../../../coded projects/KnifeThingy/DerivedDataCache/Compressed.ddp not found, will not use a pak cache.
[2018.10.26-12.15.05:629][  0]LogDerivedDataCache: Unable to find inner node CompressedPak for hierarchical cache Hierarchy.
[2018.10.26-12.15.05:643][  0]LogDerivedDataCache: Display: Pak cache opened for reading ../../../Engine/DerivedDataCache/Compressed.ddp.
[2018.10.26-12.15.05:654][  0]LogDerivedDataCache: Using Local data cache path C:/Users/Steven/AppData/Local/UnrealEngine/Common/DerivedDataCache: Writable
[2018.10.26-12.15.05:654][  0]LogDerivedDataCache: Shared data cache path not found in *engine.ini, will not use an Shared cache.
[2018.10.26-12.15.05:654][  0]LogDerivedDataCache: Unable to find inner node Shared for hierarchical cache Hierarchy.
[2018.10.26-12.15.05:675][  0]LogMaterial: Verifying Global Shaders for PCD3D_SM5
[2018.10.26-12.15.05:676][  0]LogSlate: Using FreeType 2.6.0
[2018.10.26-12.15.05:677][  0]LogSlate: SlateFontServices - WITH_FREETYPE: 1, WITH_HARFBUZZ: 1
[2018.10.26-12.15.05:789][  0]LogAssetRegistry: FAssetRegistry took 0.0248 seconds to start up
[2018.10.26-12.15.06:279][  0]LogInit: Selected Device Profile: [Windows]
[2018.10.26-12.15.07:487][  0]LogSimplygon: Simplygon DLL not present - disabling.
[2018.10.26-12.15.07:553][  0]LogMeshReduction: Using SimplygonSwarm for distributed automatic mesh merging
[2018.10.26-12.15.07:553][  0]LogMeshReduction: Using ProxyLODMeshReduction for automatic mesh merging
[2018.10.26-12.15.07:553][  0]LogMeshReduction: Using QuadricMeshReduction for automatic static mesh reduction
[2018.10.26-12.15.07:553][  0]LogMeshReduction: No automatic skeletal mesh reduction module available
[2018.10.26-12.15.07:719][  0]LogNetVersion: MyProject4 1.0.0, NetCL: 4212847, EngineNetVer: 5, GameNetVer: 0 (Checksum: 3245095822)
[2018.10.26-12.15.14:009][  0]LogAssetRegistry: Error: Failed to open file for write ../../../../../../coded projects/KnifeThingy/Intermediate/AssetRegistryCache/5a627529.bin
[2018.10.26-12.15.14:117][  0]LogPackageLocalizationCache: Processed 11 localized package path(s) for 2 prioritized culture(s) in 0.214078 seconds
[2018.10.26-12.15.14:124][  0]LogUObjectArray: 38425 objects as part of root set at end of initial load.
[2018.10.26-12.15.14:124][  0]LogUObjectAllocator: 6690864 out of 0 bytes used by permanent object pool.
[2018.10.26-12.15.14:124][  0]LogUObjectArray: CloseDisregardForGC: 0/0 objects in disregard for GC pool
[2018.10.26-12.15.38:028][  0]LogTcpMessaging: Initializing TcpMessaging bridge
[2018.10.26-12.15.38:061][  0]LogUdpMessaging: Initializing bridge on interface 0.0.0.0:0 to multicast group 230.0.0.1:6666.
[2018.10.26-12.15.39:780][  0]LogConfig: Warning: Failed to saved backup for config[SourceControlSettings]
[2018.10.26-12.15.39:780][  0]SourceControl: Source control is disabled
[2018.10.26-12.15.39:780][  0]SourceControl: Source control is disabled
[2018.10.26-12.15.39:870][  0]SourceControl: Source control is disabled
[2018.10.26-12.15.39:899][  0]SourceControl: Source control is disabled
[2018.10.26-12.15.41:000][  0]LogGameDNAinstaller: Display: gameDNA installer module started
[2018.10.26-12.15.42:192][  0]LogConfig: Warning: Failed to saved backup for config[UnitTest]
[2018.10.26-12.15.42:228][  0]LogAndroidPermission: UAndroidPermissionCallbackProxy::GetInstance
[2018.10.26-12.15.42:560][  0]LogOcInput: OculusInput pre-init called
[2018.10.26-12.15.42:999][  0]LogEngine: Initializing Engine...
[2018.10.26-12.15.43:002][  0]LogHMD: Failed to initialize OpenVR with code 105
[2018.10.26-12.15.43:003][  0]LogStats: UGameplayTagsManager::ConstructGameplayTagTree: ImportINI prefixes -  0.000 s
[2018.10.26-12.15.43:003][  0]LogStats: UGameplayTagsManager::ConstructGameplayTagTree: Construct from data asset -  0.000 s
[2018.10.26-12.15.43:003][  0]LogStats: UGameplayTagsManager::ConstructGameplayTagTree: ImportINI -  0.000 s
[2018.10.26-12.15.43:003][  0]LogStats: UGameplayTagsManager::ConstructGameplayTagTree: GameplayTagTreeChangedEvent.Broadcast -  0.000 s
[2018.10.26-12.15.44:054][  0]LogInit: Initializing FReadOnlyCVARCache
[2018.10.26-12.15.44:128][  0]LogAIModule: Creating AISystem for world Untitled
[2018.10.26-12.15.44:161][  0]LogInit: XAudio2 using 'Speakers (Sennheiser Main Audio)' : 6 channels at 48 kHz using 16 bits per sample (channel mask 0x3f)
[2018.10.26-12.15.44:166][  0]LogInit: FAudioDevice initialized.
[2018.10.26-12.15.44:166][  0]LogNetVersion: Set ProjectVersion to 1.0.0.0. Version Checksum will be recalculated on next use.
[2018.10.26-12.15.44:170][  0]LogDerivedDataCache: Error: Could not save memory cache C:/Users/Steven/AppData/Local/UnrealEngine/4.20/DerivedDataCache/Boot.ddc.
[2018.10.26-12.15.44:170][  0]LogInit: Texture streaming: Enabled
[2018.10.26-12.15.44:266][  0]LogEngineSessionManager: EngineSessionManager initialized
[2018.10.26-12.15.44:290][  0]LogEngineSessionManager: EngineSessionManager sent abnormal shutdown report. Type=Crashed, SessionId={EECF13F5-4564-A29B-B6DB-13BD6FF364C2}
[2018.10.26-12.15.44:348][  0]LogInit: Transaction tracking system initialized
[2018.10.26-12.15.44:513][  0]BlueprintLog: New page: Editor Load
[2018.10.26-12.15.45:225][  0]LocalizationService: Localization service is disabled
[2018.10.26-12.15.48:582][  0]LogCook: Display: Max memory allowance for cook 16384mb min free memory 0mb
[2018.10.26-12.15.48:582][  0]LogCook: Display: Mobile HDR setting 0
[2018.10.26-12.15.48:582][  0]LogGameplayTags: Display: UGameplayTagsManager::DoneAddingNativeTags. DelegateIsBound: 0
[2018.10.26-12.15.48:582][  0]LogStats: UGameplayTagsManager::ConstructGameplayTagTree: ImportINI prefixes -  0.000 s
[2018.10.26-12.15.48:582][  0]LogStats: UGameplayTagsManager::ConstructGameplayTagTree: Construct from data asset -  0.000 s
[2018.10.26-12.15.48:582][  0]LogStats: UGameplayTagsManager::ConstructGameplayTagTree: ImportINI -  0.000 s
[2018.10.26-12.15.48:582][  0]LogStats: UGameplayTagsManager::ConstructGameplayTagTree: GameplayTagTreeChangedEvent.Broadcast -  0.000 s
[2018.10.26-12.15.49:751][  0]LogFileCache: Scanning file cache for directory 'L:/coded projects/KnifeThingy/Content/' took 0.04s
[2018.10.26-12.15.53:257][  0]SourceControl: Source control is disabled
[2018.10.26-12.15.53:257][  0]Cmd: MAP LOAD FILE="../../../../../../coded projects/KnifeThingy/Content/MAIN.umap" TEMPLATE=0 SHOWPROGRESS=1 FEATURELEVEL=3
[2018.10.26-12.15.53:296][  0]LightingResults: New page: Lighting Build
[2018.10.26-12.15.53:363][  0]MapCheck: New page: Map Check
[2018.10.26-12.15.53:364][  0]LightingResults: New page: Lighting Build
[2018.10.26-12.15.58:628][  0]LogAIModule: Creating AISystem for world MAIN
[2018.10.26-12.15.58:629][  0]LogEditorServer: Finished looking for orphan Actors (0.000 secs)
[2018.10.26-12.15.58:672][  0]Cmd: MAP CHECKDEP NOCLEARLOG
[2018.10.26-12.15.58:735][  0]MapCheck: Map check complete: 0 Error(s), 0 Warning(s), took 62.823ms to complete.
[2018.10.26-12.15.58:735][  0]LogFileHelpers: Loading map 'MAIN' took 5.477
[2018.10.26-12.15.58:997][  0]LogSlate: Updating window title bar state: overlay mode, drag disabled, window buttons hidden, title bar hidden
[2018.10.26-12.15.59:006][  0]LogSlate: Updating window title bar state: overlay mode, drag disabled, window buttons hidden, title bar hidden
[2018.10.26-12.15.59:016][  0]LogSlate: Updating window title bar state: overlay mode, drag disabled, window buttons hidden, title bar hidden
[2018.10.26-12.15.59:025][  0]LogSlate: Updating window title bar state: overlay mode, drag disabled, window buttons hidden, title bar hidden
[2018.10.26-12.16.01:477][  0]LogSlate: Only BGRA pngs, bmps or icos are supported in by External Image Picker
[2018.10.26-12.16.01:952][  0]LogTemp: Executing iPhonePackager certificates Engine -bundlename com.YourCompany.MyProject4
[2018.10.26-12.16.01:952][  0]LogTemp: CWD: L:\Program Files\Epic Games\UE_4.20\Engine\Binaries\DotNET\IOS
[2018.10.26-12.16.01:952][  0]LogTemp: Initial Dir: L:\Program Files\Epic Games\UE_4.20
[2018.10.26-12.16.01:952][  0]LogTemp: Env CWD: L:\Program Files\Epic Games\UE_4.20\Engine\Binaries\DotNET\IOS
[2018.10.26-12.16.01:952][  0]LogTemp: BranchPath = STEVEN-PC/L/Program Files/Epic Games/UE_4.20/Engine/Binaries --- GameBranchPath = STEVEN-PC/L/Program Files/Epic Games/UE_4.20/Engine/Binaries
[2018.10.26-12.16.01:952][  0]LogTemp: IPP ERROR: Could not find provision directory 'C:\Users\Steven\AppData\Local/Apple Computer/MobileDevice/Provisioning Profiles/'.
[2018.10.26-12.16.01:952][  0]LogCollectionManager: Loaded 0 collections in 0.001461 seconds
[2018.10.26-12.16.02:021][  0]LogFileCache: Scanning file cache for directory 'L:/coded projects/KnifeThingy/Saved/Collections/' took 0.01s
[2018.10.26-12.16.02:021][  0]LogFileCache: Scanning file cache for directory 'L:/coded projects/KnifeThingy/Content/Developers/Steven/Collections/' took 0.01s
[2018.10.26-12.16.02:021][  0]LogFileCache: Scanning file cache for directory 'L:/coded projects/KnifeThingy/Content/Collections/' took 0.01s
[2018.10.26-12.16.02:021][  0]LogCollectionManager: Rebuilt the GUID cache for 0 collections in 0.000001 seconds
[2018.10.26-12.16.02:040][  0]LogContentBrowser: Native class hierarchy populated in 0.0188 seconds. Added 2577 classes and 611 folders.
[2018.10.26-12.16.02:074][  0]LogContentBrowser: Native class hierarchy updated for 'WidgetCarousel' in 0.0003 seconds. Added 0 classes and 0 folders.
[2018.10.26-12.16.03:605][  0]LogContentBrowser: Native class hierarchy updated for 'AddContentDialog' in 0.0003 seconds. Added 0 classes and 0 folders.
[2018.10.26-12.16.03:606][  0]LogDirectoryWatcher: Warning: Failed to begin reading directory changes for ../../../../../../coded projects/KnifeThingy/Plugins/. Error: The system cannot find the file specified. (0x00000002)
[2018.10.26-12.16.03:620][  0]LogSlate: Took 0.000186 seconds to synchronously load lazily loaded font '../../../Engine/Content/Slate/Fonts/Roboto-Regular.ttf' (155K)
[2018.10.26-12.16.03:622][  0]LogSlate: Took 0.000130 seconds to synchronously load lazily loaded font '../../../Engine/Content/Slate/Fonts/Roboto-Bold.ttf' (160K)
[2018.10.26-12.16.03:778][  0]LogRenderer: Reallocating scene render targets to support 1616x1284 Format 10 NumSamples 1 (Frame:1).
[2018.10.26-12.16.04:272][  0]LogContentBrowser: Native class hierarchy updated for 'HierarchicalLODOutliner' in 0.0004 seconds. Added 0 classes and 0 folders.
[2018.10.26-12.16.04:272][  0]LogLoad: (Engine Initialization) Total time: 91.47 seconds
[2018.10.26-12.16.04:272][  0]LogLoad: (Engine Initialization) Total Blueprint compile time: 0.00 seconds
[2018.10.26-12.16.04:371][  0]LogContentStreaming: Texture pool size now 1000 MB
[2018.10.26-12.16.04:411][  1]LogFileCache: Retrieving MD5 hashes for directory 'L:/coded projects/KnifeThingy/Content/' took 0.07s
[2018.10.26-12.16.04:557][  4]LogAssetRegistry: Asset discovery search completed in 58.7870 seconds
[2018.10.26-12.16.04:559][  4]LogCollectionManager: Rebuilt the object cache for 0 collections in 0.000001 seconds (found 0 objects)
[2018.10.26-12.16.04:559][  4]LogCollectionManager: Fixed up redirectors for 0 collections in 0.000078 seconds (updated 0 objects)
[2018.10.26-12.16.05:878][  8]LogSlate: Took 0.000339 seconds to synchronously load lazily loaded font '../../../Engine/Content/Slate/Fonts/Roboto-Light.ttf' (167K)
[2018.10.27-10.28.11:399][110]LogRenderer: Reallocating scene render targets to support 2008x1628 Format 10 NumSamples 1 (Frame:17).
[2018.10.27-10.35.31:727][424]LogHttp: Warning: 00000000192F9580: request failed, libcurl error: 6 (Couldn't resolve host name)
[2018.10.27-10.35.31:727][424]LogHttp: Warning: 00000000192F9580: libcurl info message cache 0 (Found bundle for host datarouter.ol.epicgames.com: 0x635bfa0 [can pipeline])
[2018.10.27-10.35.31:727][424]LogHttp: Warning: 00000000192F9580: libcurl info message cache 1 (Re-using existing connection! (#308) with host datarouter.ol.epicgames.com)
[2018.10.27-10.35.31:727][424]LogHttp: Warning: 00000000192F9580: libcurl info message cache 2 (Connected to datarouter.ol.epicgames.com (52.21.228.94) port 443 (#308))
[2018.10.27-10.35.31:727][424]LogHttp: Warning: 00000000192F9580: libcurl info message cache 3 (upload completely sent off: 225 out of 225 bytes)
[2018.10.27-10.35.31:727][424]LogHttp: Warning: 00000000192F9580: libcurl info message cache 4 (OpenSSL SSL_read: SSL_ERROR_SYSCALL, errno 10054)
[2018.10.27-10.35.31:727][424]LogHttp: Warning: 00000000192F9580: libcurl info message cache 5 (Connection died, retrying a fresh connect)
[2018.10.27-10.35.31:727][424]LogHttp: Warning: 00000000192F9580: libcurl info message cache 6 (Closing connection 308)
[2018.10.27-10.35.31:727][424]LogHttp: Warning: 00000000192F9580: libcurl info message cache 7 (Issue another request to this URL: 'https://datarouter.ol.epicgames.com/datarouter/api/v1/public/data?SessionID=%7BD857EE75-4A46-6D69-A832-CE877B9CFE78%7D&AppID=UEEditor.Rocket.Release&AppVersion=4.20.2-4302132%2B%2B%2BUE4%2BRelease-4.20&UserID=6b7b0c9d4ae7080f718926b0c0e74592%7Ca8acd073419d4ba5af06128a796b67e5%7C16748a16-ac96-4a19-acf9-81021a0a2cc2&AppEnvironment=datacollector-binary&UploadType=eteventstream')
[2018.10.27-10.35.31:727][424]LogHttp: Warning: 00000000192F9580: libcurl info message cache 8 (Could not resolve host: datarouter.ol.epicgames.com)
[2018.10.27-10.35.31:727][424]LogHttp: Warning: 00000000192F9580: libcurl info message cache 9 (Closing connection 309)
