Log file open, 10/25/18 16:17:18
LogWindows: Failed to load 'aqProf.dll' (GetLastError=126)
LogWindows: File 'aqProf.dll' does not exist
LogWindows: Failed to load 'VSPerf140.dll' (GetLastError=126)
LogWindows: File 'VSPerf140.dll' does not exist
LogWindows: Failed to load 'VtuneApi.dll' (GetLastError=126)
LogWindows: File 'VtuneApi.dll' does not exist
LogWindows: Failed to load 'VtuneApi32e.dll' (GetLastError=126)
LogWindows: File 'VtuneApi32e.dll' does not exist
LogInit: Display: Running engine for game: MyProject4
LogPlatformFile: Not using cached read wrapper
LogTaskGraph: Started task graph with 5 named threads and 23 total threads with 3 sets of task threads.
LogStats: Stats thread started at 0.308827
LogD3D11RHI: Loaded GFSDK_Aftermath_Lib.x64.dll
LogICUInternationalization: Display: ICU TimeZone Detection - Raw Offset: +2:00, Platform Override: ''
LogPluginManager: Mounting plugin Paper2D
LogPluginManager: Mounting plugin AISupport
LogPluginManager: Mounting plugin LightPropagationVolume
LogPluginManager: Mounting plugin CLionSourceCodeAccess
LogPluginManager: Mounting plugin CodeLiteSourceCodeAccess
LogPluginManager: Mounting plugin GitSourceControl
LogPluginManager: Mounting plugin KDevelopSourceCodeAccess
LogPluginManager: Mounting plugin NullSourceCodeAccess
LogPluginManager: Mounting plugin PerforceSourceControl
LogPluginManager: Mounting plugin SubversionSourceControl
LogPluginManager: Mounting plugin UObjectPlugin
LogPluginManager: Mounting plugin VisualStudioCodeSourceCodeAccess
LogPluginManager: Mounting plugin VisualStudioSourceCodeAccess
LogPluginManager: Mounting plugin XCodeSourceCodeAccess
LogPluginManager: Mounting plugin AssetManagerEditor
LogPluginManager: Mounting plugin CryptoKeys
LogPluginManager: Mounting plugin DataValidation
LogPluginManager: Mounting plugin FacialAnimation
LogPluginManager: Mounting plugin GameplayTagsEditor
LogPluginManager: Mounting plugin MacGraphicsSwitching
LogPluginManager: Mounting plugin MeshEditor
LogPluginManager: Mounting plugin MobileLauncherProfileWizard
LogPluginManager: Mounting plugin PluginBrowser
LogPluginManager: Mounting plugin SpeedTreeImporter
LogPluginManager: Mounting plugin DatasmithContent
LogPluginManager: Mounting plugin AlembicImporter
LogPluginManager: Mounting plugin AppleImageUtils
LogPluginManager: Mounting plugin AppleVision
LogPluginManager: Mounting plugin BackChannel
LogPluginManager: Mounting plugin CharacterAI
LogPluginManager: Mounting plugin GeometryCache
LogPluginManager: Mounting plugin HTML5Networking
LogPluginManager: Mounting plugin ProxyLODPlugin
LogPluginManager: Mounting plugin MagicLeap
LogPluginManager: Mounting plugin MagicLeapEmulator
LogPluginManager: Mounting plugin MagicLeapMedia
LogPluginManager: Mounting plugin gameDNAinstaller
LogPluginManager: Mounting plugin UniversalMobileAds
LogPluginManager: Mounting plugin AndroidMedia
LogPluginManager: Mounting plugin AvfMedia
LogPluginManager: Mounting plugin ImgMedia
LogPluginManager: Mounting plugin LinearTimecode
LogPluginManager: Mounting plugin MediaCompositing
LogPluginManager: Mounting plugin MediaPlayerEditor
LogPluginManager: Mounting plugin WmfMedia
LogPluginManager: Mounting plugin TcpMessaging
LogPluginManager: Mounting plugin UdpMessaging
LogPluginManager: Mounting plugin ActorSequence
LogPluginManager: Mounting plugin LevelSequenceEditor
LogPluginManager: Mounting plugin MatineeToLevelSequence
LogPluginManager: Mounting plugin NetcodeUnitTest
LogPluginManager: Mounting plugin NUTUnrealEngine4
LogPluginManager: Mounting plugin OnlineSubsystemGooglePlay
LogPluginManager: Mounting plugin OnlineSubsystemIOS
LogPluginManager: Mounting plugin OnlineSubsystem
LogPluginManager: Mounting plugin OnlineSubsystemNull
LogPluginManager: Mounting plugin OnlineSubsystemUtils
LogPluginManager: Mounting plugin LauncherChunkInstaller
LogPluginManager: Mounting plugin AndroidDeviceProfileSelector
LogPluginManager: Mounting plugin AndroidMoviePlayer
LogPluginManager: Mounting plugin AndroidPermission
LogPluginManager: Mounting plugin AppleMoviePlayer
LogPluginManager: Mounting plugin ArchVisCharacter
LogPluginManager: Mounting plugin AudioCapture
LogPluginManager: Mounting plugin CableComponent
LogPluginManager: Mounting plugin CustomMeshComponent
LogPluginManager: Mounting plugin EditableMesh
LogPluginManager: Mounting plugin ExampleDeviceProfileSelector
LogPluginManager: Mounting plugin GoogleCloudMessaging
LogPluginManager: Mounting plugin ImmediatePhysics
LogPluginManager: Mounting plugin IOSDeviceProfileSelector
LogPluginManager: Mounting plugin LinuxDeviceProfileSelector
LogPluginManager: Mounting plugin LocationServicesBPLibrary
LogPluginManager: Mounting plugin MobilePatchingUtils
LogPluginManager: Mounting plugin OculusVR
LogPluginManager: Plugin shader directory ../../../Engine/Plugins/Runtime/Oculus/OculusVR/Shaders found
LogPluginManager: Mapping shader source directory ../../../Engine/Plugins/Runtime/Oculus/OculusVR/Shaders to virtual directory /Plugin/OculusVR
LogPluginManager: Mounting plugin PhysXVehicles
LogPluginManager: Mounting plugin ProceduralMeshComponent
LogPluginManager: Mounting plugin RuntimePhysXCooking
LogPluginManager: Mounting plugin SteamVR
LogPluginManager: Mounting plugin WindowsMoviePlayer
LogStreaming: Display: Took  0.087s to configure plugins.
LogInit: Using libcurl 7.55.1-DEV
LogInit:  - built for x86_64-pc-win32
LogInit:  - supports SSL with OpenSSL/1.0.2h
LogInit:  - supports HTTP deflate (compression) using libz 1.2.8
LogInit:  - other features:
LogInit:      CURL_VERSION_SSL
LogInit:      CURL_VERSION_LIBZ
LogInit:      CURL_VERSION_IPV6
LogInit:      CURL_VERSION_ASYNCHDNS
LogInit:      CURL_VERSION_LARGEFILE
LogInit:      CURL_VERSION_IDN
LogInit:  CurlRequestOptions (configurable via config and command line):
LogInit:  - bVerifyPeer = false  - Libcurl will NOT verify peer certificate
LogInit:  - bUseHttpProxy = false  - Libcurl will NOT use HTTP proxy
LogInit:  - bDontReuseConnections = false  - Libcurl will reuse connections
LogInit:  - CertBundlePath = nullptr  - Libcurl will use whatever was configured at build time.
LogInit:  - MaxHostConnections = 16  - Libcurl will limit the number of connections to a host
LogInit:  - LocalHostAddr = Default
LogInit:  - BufferSize = 65536
LogInit: WinSock: version 1.1 (2.2), MaxSocks=32767, MaxUdp=65467
LogInit: Build: ++UE4+Release-4.20-CL-4302132
LogInit: Engine Version: 4.20.2-4302132+++UE4+Release-4.20
LogInit: Compatible Engine Version: 4.20.0-4212847+++UE4+Release-4.20
LogInit: Net CL: 4212847
LogInit: OS: Windows 7 (Service Pack 1), CPU:         Intel(R) Core(TM) i7-3820 CPU @ 3.60GHz, GPU: NVIDIA GeForce GTX 1070
LogInit: Compiled (64-bit): Aug 21 2018 02:06:06
LogInit: Compiled with Visual C++: 19.13.26129.00
LogInit: Build Configuration: Development
LogInit: Branch Name: ++UE4+Release-4.20
LogInit: Command Line:  
LogInit: Base Directory: L:/Program Files/Epic Games/UE_4.20/Engine/Binaries/Win64/
LogInit: Installed Engine Build: 1
LogDevObjectVersion: Number of dev versions registered: 20
LogDevObjectVersion:   Dev-Blueprints (B0D832E4-1F89-4F0D-ACCF-7EB736FD4AA2): 10
LogDevObjectVersion:   Dev-Build (E1C64328-A22C-4D53-A36C-8E866417BD8C): 0
LogDevObjectVersion:   Dev-Core (375EC13C-06E4-48FB-B500-84F0262A717E): 2
LogDevObjectVersion:   Dev-Editor (E4B068ED-F494-42E9-A231-DA0B2E46BB41): 24
LogDevObjectVersion:   Dev-Framework (CFFC743F-43B0-4480-9391-14DF171D2073): 34
LogDevObjectVersion:   Dev-Mobile (B02B49B5-BB20-44E9-A304-32B752E40360): 2
LogDevObjectVersion:   Dev-Networking (A4E4105C-59A1-49B5-A7C5-40C4547EDFEE): 0
LogDevObjectVersion:   Dev-Online (39C831C9-5AE6-47DC-9A44-9C173E1C8E7C): 0
LogDevObjectVersion:   Dev-Physics (78F01B33-EBEA-4F98-B9B4-84EACCB95AA2): 0
LogDevObjectVersion:   Dev-Platform (6631380F-2D4D-43E0-8009-CF276956A95A): 0
LogDevObjectVersion:   Dev-Rendering (12F88B9F-8875-4AFC-A67C-D90C383ABD29): 26
LogDevObjectVersion:   Dev-Sequencer (7B5AE74C-D270-4C10-A958-57980B212A5A): 9
LogDevObjectVersion:   Dev-VR (D7296918-1DD6-4BDD-9DE2-64A83CC13884): 2
LogDevObjectVersion:   Dev-LoadTimes (C2A15278-BFE7-4AFE-6C17-90FF531DF755): 1
LogDevObjectVersion:   Private-Geometry (6EACA3D4-40EC-4CC1-B786-8BED09428FC5): 3
LogDevObjectVersion:   Dev-AnimPhys (29E575DD-E0A3-4627-9D10-D276232CDCEA): 17
LogDevObjectVersion:   Dev-ReflectionCapture (6B266CEC-1EC7-4B8F-A30B-E4D90942FC07): 1
LogDevObjectVersion:   Dev-Automation (0DF73D61-A23F-47EA-B727-89E90C41499A): 1
LogDevObjectVersion:   FortniteMain (601D1886-AC64-4F84-AA16-D3DE0DEAC7D6): 12
LogDevObjectVersion:   Dev-Enterprise (9DFFBCD6-494F-0158-E221-12823C92A888): 1
LogStreaming: Display: Took  0.000s to delete old logs.
LogInit: Presizing for max 8388607 objects, including 0 objects not considered by GC, pre-allocating 0 bytes for permanent pool.
LogInit: Object subsystem initialized
[2018.10.25-14.17.18:882][  0]LogInit: Selected Device Profile: [Windows]
[2018.10.25-14.17.18:882][  0]LogInit: Applying CVar settings loaded from the selected device profile: [Windows]
[2018.10.25-14.17.18:892][  0]LogHAL: Display: Platform has ~ 16 GB [17128501248 / 17179869184 / 16], which maps to Larger [LargestMinGB=32, LargerMinGB=12, DefaultMinGB=8, SmallerMinGB=6, SmallestMinGB=0)
[2018.10.25-14.17.18:892][  0]LogInit: Setting Device Profile CVar: [[r.Vulkan.UseRealUBs:1]]
[2018.10.25-14.17.18:893][  0]LogInit: Going up to parent DeviceProfile []
[2018.10.25-14.17.18:893][  0]LogInit: Computer: STEVEN-PC
[2018.10.25-14.17.18:893][  0]LogInit: User: Steven
[2018.10.25-14.17.18:893][  0]LogInit: CPU Page size=4096, Cores=4
[2018.10.25-14.17.18:893][  0]LogInit: High frequency timer resolution =3.515634 MHz
[2018.10.25-14.17.18:893][  0]LogMemory: Memory total: Physical=16.0GB (16GB approx)
[2018.10.25-14.17.18:893][  0]LogMemory: Platform Memory Stats for Windows
[2018.10.25-14.17.18:894][  0]LogMemory: Process Physical Memory: 101.93 MB used, 101.93 MB peak
[2018.10.25-14.17.18:894][  0]LogMemory: Process Virtual Memory: 91.71 MB used, 91.71 MB peak
[2018.10.25-14.17.18:894][  0]LogMemory: Physical Memory: 8031.83 MB used,  8303.18 MB free, 16335.01 MB total
[2018.10.25-14.17.18:894][  0]LogMemory: Virtual Memory: 480.63 MB used,  8303.18 MB free, 8388608.00 MB total
[2018.10.25-14.17.18:935][  0]LogInit: Using OS detected language (en-US).
[2018.10.25-14.17.18:935][  0]LogInit: Using OS detected locale (en-US).
[2018.10.25-14.17.18:936][  0]LogTextLocalizationManager: No specific localization for 'en-US' exists, so the 'en' localization will be used.
[2018.10.25-14.17.19:433][  0]LogStreaming: Display: Took  0.498s to InitEngineTextLocalization.
[2018.10.25-14.17.19:434][  0]LogWindows: Failed to load 'shcore.dll' (GetLastError=126)
[2018.10.25-14.17.19:434][  0]LogWindows: File 'shcore.dll' does not exist
[2018.10.25-14.17.19:434][  0]LogInit: Setting process to DPI aware
[2018.10.25-14.17.19:467][  0]LogSlate: New Slate User Created.  User Index 0, Is Virtual User: 0
[2018.10.25-14.17.19:467][  0]LogSlate: Slate User Registered.  User Index 0, Is Virtual User: 0
[2018.10.25-14.17.19:799][  0]LogHMD: Failed to initialize OpenVR with code 105
[2018.10.25-14.17.19:799][  0]LogD3D11RHI: D3D11 adapters:
[2018.10.25-14.17.19:845][  0]LogD3D11RHI:    0. 'NVIDIA GeForce GTX 1070' (Feature Level 11_0)
[2018.10.25-14.17.19:845][  0]LogD3D11RHI:       8077/0/7911 MB DedicatedVideo/DedicatedSystem/SharedSystem, Outputs:2, VendorId:0x10de
[2018.10.25-14.17.19:845][  0]LogD3D11RHI: Chosen D3D11 Adapter: 0
[2018.10.25-14.17.19:850][  0]LogD3D11RHI: Creating new Direct3DDevice
[2018.10.25-14.17.19:850][  0]LogD3D11RHI:     GPU DeviceId: 0x1b81 (for the marketing name, search the web for "GPU Device Id")
[2018.10.25-14.17.19:850][  0]LogWindows: EnumDisplayDevices:
[2018.10.25-14.17.19:851][  0]LogWindows:    0. 'NVIDIA GeForce GTX 1070' (P:1 D:1)
[2018.10.25-14.17.19:851][  0]LogWindows:    1. 'NVIDIA GeForce GTX 1070' (P:0 D:1)
[2018.10.25-14.17.19:851][  0]LogWindows:    2. 'NVIDIA GeForce GTX 1070' (P:0 D:0)
[2018.10.25-14.17.19:851][  0]LogWindows:    3. 'NVIDIA GeForce GTX 1070' (P:0 D:0)
[2018.10.25-14.17.19:851][  0]LogWindows:    4. 'RDPDD Chained DD' (P:0 D:0)
[2018.10.25-14.17.19:851][  0]LogWindows:    5. 'RDP Encoder Mirror Driver' (P:0 D:0)
[2018.10.25-14.17.19:851][  0]LogWindows:    6. 'RDP Reflector Display Driver' (P:0 D:0)
[2018.10.25-14.17.19:851][  0]LogWindows: DebugString: GetVideoDriverDetailsInvalid PrimaryIsNotTheChoosenAdapter GetVideoDriverDetailsInvalid PrimaryIsNotTheChoosenAdapter GetVideoDriverDetailsInvalid PrimaryIsNotTheChoosenAdapter FoundDriverCount:4 
[2018.10.25-14.17.19:851][  0]LogD3D11RHI:     Adapter Name: NVIDIA GeForce GTX 1070
[2018.10.25-14.17.19:851][  0]LogD3D11RHI:   Driver Version: 390.77 (internal:23.21.13.9077, unified:390.77)
[2018.10.25-14.17.19:851][  0]LogD3D11RHI:      Driver Date: 1-23-2018
[2018.10.25-14.17.19:851][  0]LogRHI: Texture pool is 5654 MB (70% of 8077 MB)
[2018.10.25-14.17.19:872][  0]LogD3D11RHI: Async texture creation enabled
[2018.10.25-14.17.19:898][  0]LogD3D11RHI: GPU Timing Frequency: 1000.000000 (Debug: 2 2)
[2018.10.25-14.17.19:944][  0]LogShaderCompilers: Guid format shader working directory is 4 characters bigger than the processId version (../../../../../../coded projects/KnifeThingy/Intermediate/Shaders/WorkingDirectory/872/).
[2018.10.25-14.17.19:944][  0]LogShaderCompilers: Cleaned the shader compiler working directory 'C:/Users/Steven/AppData/Local/Temp/UnrealShaderWorkingDir/D56D5EE4456AC98D2F3ED7A4D76EEA27/'.
[2018.10.25-14.17.20:300][  0]LogTemp: Display: Loaded TP AllDesktopTargetPlatform
[2018.10.25-14.17.20:322][  0]LogTemp: Display: Loaded TP MacClientTargetPlatform
[2018.10.25-14.17.20:347][  0]LogTemp: Display: Loaded TP MacNoEditorTargetPlatform
[2018.10.25-14.17.20:368][  0]LogTemp: Display: Loaded TP MacServerTargetPlatform
[2018.10.25-14.17.20:391][  0]LogTemp: Display: Loaded TP MacTargetPlatform
[2018.10.25-14.17.20:415][  0]LogTemp: Display: Loaded TP WindowsClientTargetPlatform
[2018.10.25-14.17.20:439][  0]LogTemp: Display: Loaded TP WindowsNoEditorTargetPlatform
[2018.10.25-14.17.20:462][  0]LogTemp: Display: Loaded TP WindowsServerTargetPlatform
[2018.10.25-14.17.20:472][  0]LogTemp: Display: Loaded TP WindowsTargetPlatform
[2018.10.25-14.17.20:617][  0]LogTemp: Display: Loaded TP AndroidTargetPlatform
[2018.10.25-14.17.20:617][  0]LogTemp: Display: Loaded TP AndroidTargetPlatform
[2018.10.25-14.17.20:617][  0]LogTemp: Display: Loaded TP AndroidTargetPlatform
[2018.10.25-14.17.20:617][  0]LogTemp: Display: Loaded TP AndroidTargetPlatform
[2018.10.25-14.17.20:617][  0]LogTemp: Display: Loaded TP AndroidTargetPlatform
[2018.10.25-14.17.20:617][  0]LogTemp: Display: Loaded TP AndroidTargetPlatform
[2018.10.25-14.17.20:617][  0]LogTemp: Display: Loaded TP AndroidTargetPlatform
[2018.10.25-14.17.20:617][  0]LogTemp: Display: Loaded TP AndroidTargetPlatform
[2018.10.25-14.17.20:617][  0]LogTemp: Display: Loaded TP AndroidTargetPlatform
[2018.10.25-14.17.20:617][  0]LogTemp: Display: Loaded TP AndroidTargetPlatform
[2018.10.25-14.17.20:617][  0]LogTemp: Display: Loaded TP AndroidTargetPlatform
[2018.10.25-14.17.20:617][  0]LogTemp: Display: Loaded TP AndroidTargetPlatform
[2018.10.25-14.17.20:617][  0]LogTemp: Display: Loaded TP AndroidTargetPlatform
[2018.10.25-14.17.20:617][  0]LogTemp: Display: Loaded TP AndroidTargetPlatform
[2018.10.25-14.17.20:617][  0]LogTemp: Display: Loaded TP AndroidTargetPlatform
[2018.10.25-14.17.20:617][  0]LogTemp: Display: Loaded TP AndroidTargetPlatform
[2018.10.25-14.17.20:617][  0]LogTemp: Display: Loaded TP AndroidTargetPlatform
[2018.10.25-14.17.20:617][  0]LogTemp: Display: Loaded TP AndroidTargetPlatform
[2018.10.25-14.17.20:618][  0]LogTemp: Display: Loaded TP HTML5TargetPlatform
[2018.10.25-14.17.20:693][  0]LogTemp: Display: Loaded TP IOSTargetPlatform
[2018.10.25-14.17.20:693][  0]LogTemp: Display: Loaded TP IOSTargetPlatform
[2018.10.25-14.17.20:737][  0]LogTemp: Display: Loaded TP TVOSTargetPlatform
[2018.10.25-14.17.20:737][  0]LogTemp: Display: Loaded TP TVOSTargetPlatform
[2018.10.25-14.17.20:762][  0]LogTemp: Display: Loaded TP LinuxClientTargetPlatform
[2018.10.25-14.17.20:783][  0]LogTemp: Display: Loaded TP LinuxNoEditorTargetPlatform
[2018.10.25-14.17.20:805][  0]LogTemp: Display: Loaded TP LinuxServerTargetPlatform
[2018.10.25-14.17.20:830][  0]LogTemp: Display: Loaded TP LinuxTargetPlatform
[2018.10.25-14.17.20:846][  0]LogTemp: Display: Loaded TP LuminTargetPlatform
[2018.10.25-14.17.20:846][  0]LogTargetPlatformManager: Display: Building Assets For Windows
[2018.10.25-14.17.20:921][  0]LogShaderCompilers: Display: Using XGE Shader Compiler (Interception Interface).
[2018.10.25-14.17.22:086][  0]LogDerivedDataCache: Display: Max Cache Size: 512 MB
[2018.10.25-14.17.22:156][  0]LogDerivedDataCache: Loaded boot cache 0.07s 71MB C:/Users/Steven/AppData/Local/UnrealEngine/4.20/DerivedDataCache/Boot.ddc.
[2018.10.25-14.17.22:156][  0]LogDerivedDataCache: Display: Loaded Boot cache: C:/Users/Steven/AppData/Local/UnrealEngine/4.20/DerivedDataCache/Boot.ddc
[2018.10.25-14.17.22:157][  0]LogDerivedDataCache: FDerivedDataBackendGraph:  Pak pak cache file ../../../../../../coded projects/KnifeThingy/DerivedDataCache/DDC.ddp not found, will not use a pak cache.
[2018.10.25-14.17.22:157][  0]LogDerivedDataCache: Unable to find inner node Pak for hierarchical cache Hierarchy.
[2018.10.25-14.17.22:157][  0]LogDerivedDataCache: FDerivedDataBackendGraph:  CompressedPak pak cache file ../../../../../../coded projects/KnifeThingy/DerivedDataCache/Compressed.ddp not found, will not use a pak cache.
[2018.10.25-14.17.22:157][  0]LogDerivedDataCache: Unable to find inner node CompressedPak for hierarchical cache Hierarchy.
[2018.10.25-14.17.22:174][  0]LogDerivedDataCache: Display: Pak cache opened for reading ../../../Engine/DerivedDataCache/Compressed.ddp.
[2018.10.25-14.17.22:185][  0]LogDerivedDataCache: Using Local data cache path C:/Users/Steven/AppData/Local/UnrealEngine/Common/DerivedDataCache: Writable
[2018.10.25-14.17.22:185][  0]LogDerivedDataCache: Shared data cache path not found in *engine.ini, will not use an Shared cache.
[2018.10.25-14.17.22:185][  0]LogDerivedDataCache: Unable to find inner node Shared for hierarchical cache Hierarchy.
[2018.10.25-14.17.22:216][  0]LogMaterial: Verifying Global Shaders for PCD3D_SM5
[2018.10.25-14.17.22:218][  0]LogSlate: Using FreeType 2.6.0
[2018.10.25-14.17.22:219][  0]LogSlate: SlateFontServices - WITH_FREETYPE: 1, WITH_HARFBUZZ: 1
[2018.10.25-14.17.22:315][  0]LogAssetRegistry: FAssetRegistry took 0.0281 seconds to start up
[2018.10.25-14.17.22:871][  0]LogInit: Selected Device Profile: [Windows]
[2018.10.25-14.17.22:946][  0]LogSimplygon: Simplygon DLL not present - disabling.
[2018.10.25-14.17.22:950][  0]LogMeshReduction: Using SimplygonSwarm for distributed automatic mesh merging
[2018.10.25-14.17.22:950][  0]LogMeshReduction: Using ProxyLODMeshReduction for automatic mesh merging
[2018.10.25-14.17.22:950][  0]LogMeshReduction: Using QuadricMeshReduction for automatic static mesh reduction
[2018.10.25-14.17.22:950][  0]LogMeshReduction: No automatic skeletal mesh reduction module available
[2018.10.25-14.17.23:123][  0]LogNetVersion: MyProject4 1.0.0, NetCL: 4212847, EngineNetVer: 5, GameNetVer: 0 (Checksum: 3245095822)
[2018.10.25-14.17.23:839][  0]LogPackageLocalizationCache: Processed 11 localized package path(s) for 2 prioritized culture(s) in 0.108930 seconds
[2018.10.25-14.17.23:849][  0]LogUObjectArray: 38425 objects as part of root set at end of initial load.
[2018.10.25-14.17.23:849][  0]LogUObjectAllocator: 6690864 out of 0 bytes used by permanent object pool.
[2018.10.25-14.17.23:849][  0]LogUObjectArray: CloseDisregardForGC: 0/0 objects in disregard for GC pool
[2018.10.25-14.17.25:048][  0]LogTcpMessaging: Initializing TcpMessaging bridge
[2018.10.25-14.17.25:061][  0]LogUdpMessaging: Initializing bridge on interface 0.0.0.0:0 to multicast group 230.0.0.1:6666.
[2018.10.25-14.17.25:240][  0]SourceControl: Source control is disabled
[2018.10.25-14.17.25:240][  0]SourceControl: Source control is disabled
[2018.10.25-14.17.25:241][  0]SourceControl: Source control is disabled
[2018.10.25-14.17.25:242][  0]SourceControl: Source control is disabled
[2018.10.25-14.17.25:316][  0]LogGameDNAinstaller: Display: gameDNA installer module started
[2018.10.25-14.17.26:215][  0]LogAndroidPermission: UAndroidPermissionCallbackProxy::GetInstance
[2018.10.25-14.17.26:404][  0]LogOcInput: OculusInput pre-init called
[2018.10.25-14.17.26:486][  0]LogEngine: Initializing Engine...
[2018.10.25-14.17.26:490][  0]LogHMD: Failed to initialize OpenVR with code 105
[2018.10.25-14.17.26:492][  0]LogStats: UGameplayTagsManager::ConstructGameplayTagTree: ImportINI prefixes -  0.000 s
[2018.10.25-14.17.26:492][  0]LogStats: UGameplayTagsManager::ConstructGameplayTagTree: Construct from data asset -  0.000 s
[2018.10.25-14.17.26:493][  0]LogStats: UGameplayTagsManager::ConstructGameplayTagTree: ImportINI -  0.000 s
[2018.10.25-14.17.26:493][  0]LogStats: UGameplayTagsManager::ConstructGameplayTagTree: GameplayTagTreeChangedEvent.Broadcast -  0.000 s
[2018.10.25-14.17.26:798][  0]LogInit: Initializing FReadOnlyCVARCache
[2018.10.25-14.17.26:813][  0]LogAIModule: Creating AISystem for world Untitled
[2018.10.25-14.17.26:843][  0]LogInit: XAudio2 using 'Speakers (Sennheiser Main Audio)' : 6 channels at 48 kHz using 16 bits per sample (channel mask 0x3f)
[2018.10.25-14.17.26:849][  0]LogInit: FAudioDevice initialized.
[2018.10.25-14.17.26:849][  0]LogNetVersion: Set ProjectVersion to 1.0.0.0. Version Checksum will be recalculated on next use.
[2018.10.25-14.17.26:940][  0]LogDerivedDataCache: Saved boot cache 0.09s 71MB C:/Users/Steven/AppData/Local/UnrealEngine/4.20/DerivedDataCache/Boot.ddc.
[2018.10.25-14.17.26:940][  0]LogInit: Texture streaming: Enabled
[2018.10.25-14.17.26:961][  0]LogEngineSessionManager: EngineSessionManager initialized
[2018.10.25-14.17.26:974][  0]LogInit: Transaction tracking system initialized
[2018.10.25-14.17.26:999][  0]BlueprintLog: New page: Editor Load
[2018.10.25-14.17.27:089][  0]LocalizationService: Localization service is disabled
[2018.10.25-14.17.27:987][  0]LogCook: Display: Max memory allowance for cook 16384mb min free memory 0mb
[2018.10.25-14.17.27:987][  0]LogCook: Display: Mobile HDR setting 0
[2018.10.25-14.17.27:987][  0]LogGameplayTags: Display: UGameplayTagsManager::DoneAddingNativeTags. DelegateIsBound: 0
[2018.10.25-14.17.27:987][  0]LogStats: UGameplayTagsManager::ConstructGameplayTagTree: ImportINI prefixes -  0.000 s
[2018.10.25-14.17.27:987][  0]LogStats: UGameplayTagsManager::ConstructGameplayTagTree: Construct from data asset -  0.000 s
[2018.10.25-14.17.27:987][  0]LogStats: UGameplayTagsManager::ConstructGameplayTagTree: ImportINI -  0.000 s
[2018.10.25-14.17.27:987][  0]LogStats: UGameplayTagsManager::ConstructGameplayTagTree: GameplayTagTreeChangedEvent.Broadcast -  0.000 s
[2018.10.25-14.17.28:161][  0]LogFileCache: Scanning file cache for directory 'L:/coded projects/KnifeThingy/Content/' took 0.02s
[2018.10.25-14.17.28:161][  0]SourceControl: Source control is disabled
[2018.10.25-14.17.28:161][  0]Cmd: MAP LOAD FILE="../../../../../../coded projects/KnifeThingy/Content/MAIN.umap" TEMPLATE=0 SHOWPROGRESS=1 FEATURELEVEL=3
[2018.10.25-14.17.28:161][  0]LightingResults: New page: Lighting Build
[2018.10.25-14.17.28:165][  0]MapCheck: New page: Map Check
[2018.10.25-14.17.28:165][  0]LightingResults: New page: Lighting Build
[2018.10.25-14.17.30:370][  0]LogBlueprint: Warning: [Compiler BP_UI_Anim_Char] Could not find a variable named "DemoGame" in 'UI_MainMenu_C'.
Make sure 'UI_MainMenu_C' has been compiled for  Get DemoGame
[2018.10.25-14.17.30:370][  0]LogBlueprint: Warning: [Compiler BP_UI_Anim_Char] Could not find a variable named "Sunray1" in 'UI_MainMenu_C'.
Make sure 'UI_MainMenu_C' has been compiled for  Get Sunray1
[2018.10.25-14.17.30:370][  0]LogBlueprint: Warning: [Compiler BP_UI_Anim_Char] Could not find a variable named "Sunray2" in 'UI_MainMenu_C'.
Make sure 'UI_MainMenu_C' has been compiled for  Get Sunray2
[2018.10.25-14.17.30:482][  0]LogBlueprint: Error: [Compiler BP_UI_Anim_Char] The property associated with  Sunray 2  could not be found in '/Game/Cartoony_UI_Anims/Blueprints/BP_UI_Anim_Char.BP_UI_Anim_Char_C'
[2018.10.25-14.17.30:482][  0]LogBlueprint: Error: [Compiler BP_UI_Anim_Char] The property associated with  Sunray 1  could not be found in '/Game/Cartoony_UI_Anims/Blueprints/BP_UI_Anim_Char.BP_UI_Anim_Char_C'
[2018.10.25-14.17.30:482][  0]LogBlueprint: Error: [Compiler BP_UI_Anim_Char] The property associated with  Demo Game  could not be found in '/Game/Cartoony_UI_Anims/Blueprints/BP_UI_Anim_Char.BP_UI_Anim_Char_C'
[2018.10.25-14.17.30:757][  0]LogBlueprint: Warning: [Compiler BP_UI_Anim_Char] [0013.94] Compile of BP_UI_Anim_Char failed. 3 Fatal Issue(s) 3 Warning(s) [in 865 ms] (/Game/Cartoony_UI_Anims/Blueprints/BP_UI_Anim_Char.BP_UI_Anim_Char)
[2018.10.25-14.17.31:217][  0]LogAIModule: Creating AISystem for world MAIN
[2018.10.25-14.17.31:308][  0]LogEditorServer: Finished looking for orphan Actors (0.000 secs)
[2018.10.25-14.17.31:455][  0]Cmd: MAP CHECKDEP NOCLEARLOG
[2018.10.25-14.17.31:534][  0]MapCheck: Map check complete: 0 Error(s), 0 Warning(s), took 78.799ms to complete.
[2018.10.25-14.17.31:534][  0]LogFileHelpers: Loading map 'MAIN' took 3.373
[2018.10.25-14.17.32:922][  0]LogSlate: Updating window title bar state: overlay mode, drag disabled, window buttons hidden, title bar hidden
[2018.10.25-14.17.32:933][  0]LogSlate: Updating window title bar state: overlay mode, drag disabled, window buttons hidden, title bar hidden
[2018.10.25-14.17.32:947][  0]LogSlate: Updating window title bar state: overlay mode, drag disabled, window buttons hidden, title bar hidden
[2018.10.25-14.17.32:960][  0]LogSlate: Updating window title bar state: overlay mode, drag disabled, window buttons hidden, title bar hidden
[2018.10.25-14.17.36:757][  0]LogSlate: Only BGRA pngs, bmps or icos are supported in by External Image Picker
[2018.10.25-14.17.36:967][  0]LogTemp: Executing iPhonePackager certificates Engine -bundlename com.YourCompany.MyProject4
[2018.10.25-14.17.36:967][  0]LogTemp: CWD: L:\Program Files\Epic Games\UE_4.20\Engine\Binaries\DotNET\IOS
[2018.10.25-14.17.36:967][  0]LogTemp: Initial Dir: L:\Program Files\Epic Games\UE_4.20
[2018.10.25-14.17.36:967][  0]LogTemp: Env CWD: L:\Program Files\Epic Games\UE_4.20\Engine\Binaries\DotNET\IOS
[2018.10.25-14.17.36:967][  0]LogTemp: BranchPath = STEVEN-PC/L/Program Files/Epic Games/UE_4.20/Engine/Binaries --- GameBranchPath = STEVEN-PC/L/Program Files/Epic Games/UE_4.20/Engine/Binaries
[2018.10.25-14.17.36:967][  0]LogTemp: IPP ERROR: Could not find provision directory 'C:\Users\Steven\AppData\Local/Apple Computer/MobileDevice/Provisioning Profiles/'.
[2018.10.25-14.17.36:967][  0]LogCollectionManager: Loaded 0 collections in 0.002104 seconds
[2018.10.25-14.17.37:069][  0]LogFileCache: Scanning file cache for directory 'L:/coded projects/KnifeThingy/Saved/Collections/' took 0.01s
[2018.10.25-14.17.37:069][  0]LogFileCache: Scanning file cache for directory 'L:/coded projects/KnifeThingy/Content/Developers/Steven/Collections/' took 0.01s
[2018.10.25-14.17.37:069][  0]LogFileCache: Scanning file cache for directory 'L:/coded projects/KnifeThingy/Content/Collections/' took 0.01s
[2018.10.25-14.17.37:069][  0]LogCollectionManager: Rebuilt the GUID cache for 0 collections in 0.000001 seconds
[2018.10.25-14.17.37:093][  0]LogContentBrowser: Native class hierarchy populated in 0.0207 seconds. Added 2577 classes and 611 folders.
[2018.10.25-14.17.37:162][  0]LogContentBrowser: Native class hierarchy updated for 'WidgetCarousel' in 0.0003 seconds. Added 0 classes and 0 folders.
[2018.10.25-14.17.38:326][  0]LogContentBrowser: Native class hierarchy updated for 'AddContentDialog' in 0.0003 seconds. Added 0 classes and 0 folders.
[2018.10.25-14.17.38:350][  0]LogDirectoryWatcher: Warning: Failed to begin reading directory changes for ../../../../../../coded projects/KnifeThingy/Plugins/. Error: The system cannot find the file specified. (0x00000002)
[2018.10.25-14.17.38:407][  0]LogSlate: Took 0.010773 seconds to synchronously load lazily loaded font '../../../Engine/Content/Slate/Fonts/Roboto-Regular.ttf' (155K)
[2018.10.25-14.17.38:453][  0]LogSlate: Took 0.028251 seconds to synchronously load lazily loaded font '../../../Engine/Content/Slate/Fonts/Roboto-Bold.ttf' (160K)
[2018.10.25-14.17.38:528][  0]LogSlate: Took 0.013685 seconds to synchronously load lazily loaded font '../../../Engine/Content/Editor/Slate/Fonts/FontAwesome.ttf' (139K)
[2018.10.25-14.17.39:100][  0]LogRenderer: Reallocating scene render targets to support 1616x1284 Format 10 NumSamples 1 (Frame:1).
[2018.10.25-14.17.39:829][  0]LogContentBrowser: Native class hierarchy updated for 'HierarchicalLODOutliner' in 0.0004 seconds. Added 0 classes and 0 folders.
[2018.10.25-14.17.39:830][  0]LogLoad: (Engine Initialization) Total time: 23.01 seconds
[2018.10.25-14.17.39:830][  0]LogLoad: (Engine Initialization) Total Blueprint compile time: 0.00 seconds
[2018.10.25-14.17.39:869][  0]LoadErrors: Error: /Game/Cartoony_UI_Anims/Blueprints/BP_UI_Anim_Char : Failed import for ObjectProperty /Game/Cartoony_UI_Anims/UI/UI_MainMenu.UI_MainMenu_C:DemoGame Referenced by export Function /Game/Cartoony_UI_Anims/Blueprints/BP_UI_Anim_Char.BP_UI_Anim_Char_C:ExecuteUbergraph_BP_UI_Anim_Char
[2018.10.25-14.17.39:869][  0]LoadErrors: Error: /Game/Cartoony_UI_Anims/Blueprints/BP_UI_Anim_Char : Failed import for ObjectProperty /Game/Cartoony_UI_Anims/UI/UI_MainMenu.UI_MainMenu_C:Sunray1 Referenced by export Function /Game/Cartoony_UI_Anims/Blueprints/BP_UI_Anim_Char.BP_UI_Anim_Char_C:ExecuteUbergraph_BP_UI_Anim_Char
[2018.10.25-14.17.39:869][  0]LoadErrors: Error: /Game/Cartoony_UI_Anims/Blueprints/BP_UI_Anim_Char : Failed import for ObjectProperty /Game/Cartoony_UI_Anims/UI/UI_MainMenu.UI_MainMenu_C:Sunray2 Referenced by export Function /Game/Cartoony_UI_Anims/Blueprints/BP_UI_Anim_Char.BP_UI_Anim_Char_C:ExecuteUbergraph_BP_UI_Anim_Char
[2018.10.25-14.17.40:062][  0]LogContentStreaming: Texture pool size now 1000 MB
[2018.10.25-14.17.40:095][  0]LogSlate: FSceneViewport::OnFocusLost() reason 2
[2018.10.25-14.17.40:444][  1]LogFileCache: Retrieving MD5 hashes for directory 'L:/coded projects/KnifeThingy/Content/' took 0.55s
[2018.10.25-14.17.40:696][  4]LogAssetRegistry: Asset discovery search completed in 18.4015 seconds
[2018.10.25-14.17.40:699][  4]LogCollectionManager: Rebuilt the object cache for 0 collections in 0.000001 seconds (found 0 objects)
[2018.10.25-14.17.40:699][  4]LogCollectionManager: Fixed up redirectors for 0 collections in 0.000089 seconds (updated 0 objects)
[2018.10.25-14.17.41:361][  6]LogSlate: Took 0.000283 seconds to synchronously load lazily loaded font '../../../Engine/Content/Slate/Fonts/Roboto-Light.ttf' (167K)
[2018.10.25-14.19.36:476][350]LogSlate: Window 'Content Browser' being destroyed
[2018.10.25-14.19.36:477][350]LogDirectoryWatcher: A directory notification for '../../../Engine/Plugins/' was aborted.
[2018.10.25-14.19.36:509][350]LogSlate: Window 'Message Log' being destroyed
[2018.10.25-14.19.36:524][350]LogSlate: Window 'MyProject4 - Unreal Editor' being destroyed
[2018.10.25-14.19.36:814][351]Cmd: QUIT_EDITOR
[2018.10.25-14.19.36:947][351]LogExit: Preparing to exit.
[2018.10.25-14.19.37:367][351]LogExit: Editor shut down
[2018.10.25-14.19.37:368][351]LogExit: Transaction tracking system shut down
[2018.10.25-14.19.38:152][351]LogExit: Object subsystem successfully closed.
[2018.10.25-14.19.38:231][351]LogShaderCompilers: Display: Shaders left to compile 0
[2018.10.25-14.19.38:268][351]LogD3D11RHI: Shutdown
[2018.10.25-14.19.38:268][351]LogD3D11RHI: CleanupD3DDevice
[2018.10.25-14.19.38:282][351]LogD3D11RHI: ~FD3D11DynamicRHI
[2018.10.25-14.19.39:032][351]LogModuleManager: Shutting down and abandoning module HierarchicalLODOutliner (616)
[2018.10.25-14.19.39:032][351]LogModuleManager: Shutting down and abandoning module AddContentDialog (614)
[2018.10.25-14.19.39:032][351]LogModuleManager: Shutting down and abandoning module WidgetCarousel (613)
[2018.10.25-14.19.39:032][351]LogModuleManager: Shutting down and abandoning module EditorWidgets (610)
[2018.10.25-14.19.39:032][351]LogModuleManager: Shutting down and abandoning module CollectionManager (608)
[2018.10.25-14.19.39:049][351]LogModuleManager: Shutting down and abandoning module ExternalImagePicker (606)
[2018.10.25-14.19.39:050][351]LogModuleManager: Shutting down and abandoning module SceneOutliner (604)
[2018.10.25-14.19.39:069][351]LogModuleManager: Shutting down and abandoning module StatsViewer (602)
[2018.10.25-14.19.39:069][351]LogModuleManager: Shutting down and abandoning module FoliageEdit (600)
[2018.10.25-14.19.39:069][351]LogModuleManager: Shutting down and abandoning module LandscapeEditor (598)
[2018.10.25-14.19.39:079][351]LogModuleManager: Shutting down and abandoning module MeshPaintMode (596)
[2018.10.25-14.19.39:079][351]LogModuleManager: Shutting down and abandoning module SceneDepthPickerMode (594)
[2018.10.25-14.19.39:079][351]LogModuleManager: Shutting down and abandoning module ActorPickerMode (592)
[2018.10.25-14.19.39:080][351]LogModuleManager: Shutting down and abandoning module GeometryMode (590)
[2018.10.25-14.19.39:080][351]LogModuleManager: Shutting down and abandoning module TextureAlignMode (588)
[2018.10.25-14.19.39:080][351]LogModuleManager: Shutting down and abandoning module BspMode (586)
[2018.10.25-14.19.39:080][351]LogModuleManager: Shutting down and abandoning module PIEPreviewDeviceProfileSelector (584)
[2018.10.25-14.19.39:080][351]LogModuleManager: Shutting down and abandoning module SequenceRecorderSections (582)
[2018.10.25-14.19.39:080][351]LogModuleManager: Shutting down and abandoning module AutomationWorker (580)
[2018.10.25-14.19.39:080][351]LogModuleManager: Shutting down and abandoning module AudioCaptureEditor (578)
[2018.10.25-14.19.39:080][351]LogModuleManager: Shutting down and abandoning module SequenceRecorder (577)
[2018.10.25-14.19.39:080][351]LogModuleManager: Shutting down and abandoning module MatineeToLevelSequence (574)
[2018.10.25-14.19.39:080][351]LogModuleManager: Shutting down and abandoning module LevelSequenceEditor (572)
[2018.10.25-14.19.39:094][351]LogModuleManager: Shutting down and abandoning module PlacementMode (571)
[2018.10.25-14.19.39:094][351]LogModuleManager: Shutting down and abandoning module MaterialEditor (570)
[2018.10.25-14.19.39:121][351]LogModuleManager: Shutting down and abandoning module WmfMediaFactory (566)
[2018.10.25-14.19.39:121][351]LogModuleManager: Shutting down and abandoning module WmfMediaEditor (564)
[2018.10.25-14.19.39:121][351]LogModuleManager: Shutting down and abandoning module MediaPlayerEditor (562)
[2018.10.25-14.19.39:121][351]LogModuleManager: Shutting down and abandoning module OpenExrWrapper (560)
[2018.10.25-14.19.39:121][351]LogModuleManager: Shutting down and abandoning module ImgMediaFactory (558)
[2018.10.25-14.19.39:121][351]LogModuleManager: Shutting down and abandoning module ImgMediaEditor (556)
[2018.10.25-14.19.39:121][351]LogModuleManager: Shutting down and abandoning module AvfMediaFactory (554)
[2018.10.25-14.19.39:121][351]LogModuleManager: Shutting down and abandoning module AvfMediaEditor (552)
[2018.10.25-14.19.39:121][351]LogModuleManager: Shutting down and abandoning module AndroidMediaFactory (550)
[2018.10.25-14.19.39:121][351]LogModuleManager: Shutting down and abandoning module AndroidMediaEditor (548)
[2018.10.25-14.19.39:121][351]LogModuleManager: Shutting down and abandoning module MagicLeapCameraPreviewFactory (546)
[2018.10.25-14.19.39:121][351]LogModuleManager: Shutting down and abandoning module MagicLeapMediaFactory (544)
[2018.10.25-14.19.39:121][351]LogModuleManager: Shutting down and abandoning module MagicLeapMediaEditor (542)
[2018.10.25-14.19.39:121][351]LogModuleManager: Shutting down and abandoning module CharacterAI (540)
[2018.10.25-14.19.39:121][351]LogModuleManager: Shutting down and abandoning module SmartSnapping (538)
[2018.10.25-14.19.39:121][351]LogModuleManager: Shutting down and abandoning module SessionServices (536)
[2018.10.25-14.19.39:121][351]LogModuleManager: Shutting down and abandoning module ViewportSnapping (534)
[2018.10.25-14.19.39:121][351]LogModuleManager: Shutting down and abandoning module ViewportInteraction (532)
[2018.10.25-14.19.39:133][351]LogModuleManager: Shutting down and abandoning module ClothPainter (530)
[2018.10.25-14.19.39:153][351]LogModuleManager: Shutting down and abandoning module SkeletalMeshEditor (529)
[2018.10.25-14.19.39:154][351]LogModuleManager: Shutting down and abandoning module LogVisualizer (526)
[2018.10.25-14.19.39:167][351]LogModuleManager: Shutting down and abandoning module IntroTutorials (524)
[2018.10.25-14.19.39:167][351]LogModuleManager: Shutting down and abandoning module GameProjectGeneration (523)
[2018.10.25-14.19.39:182][351]LogModuleManager: Shutting down and abandoning module LuminPlatformEditor (520)
[2018.10.25-14.19.39:182][351]LogModuleManager: Shutting down and abandoning module IOSPlatformEditor (518)
[2018.10.25-14.19.39:182][351]LogModuleManager: Shutting down and abandoning module HTML5PlatformEditor (516)
[2018.10.25-14.19.39:182][351]LogModuleManager: Shutting down and abandoning module AndroidPlatformEditor (514)
[2018.10.25-14.19.39:182][351]LogModuleManager: Shutting down and abandoning module AndroidDeviceDetection (513)
[2018.10.25-14.19.40:673][351]LogModuleManager: Shutting down and abandoning module WindowsPlatformEditor (510)
[2018.10.25-14.19.40:673][351]LogModuleManager: Shutting down and abandoning module LuminRuntimeSettings (508)
[2018.10.25-14.19.40:673][351]LogModuleManager: Shutting down and abandoning module IOSRuntimeSettings (506)
[2018.10.25-14.19.40:673][351]LogModuleManager: Shutting down and abandoning module AndroidRuntimeSettings (504)
[2018.10.25-14.19.40:674][351]LogModuleManager: Shutting down and abandoning module InputBindingEditor (502)
[2018.10.25-14.19.40:688][351]LogModuleManager: Shutting down and abandoning module MergeActors (500)
[2018.10.25-14.19.40:689][351]LogModuleManager: Shutting down and abandoning module LocalizationDashboard (498)
[2018.10.25-14.19.40:689][351]LogModuleManager: Shutting down and abandoning module LocalizationService (497)
[2018.10.25-14.19.40:689][351]LogModuleManager: Shutting down and abandoning module HardwareTargeting (494)
[2018.10.25-14.19.40:689][351]LogModuleManager: Shutting down and abandoning module DeviceProfileEditor (492)
[2018.10.25-14.19.40:689][351]LogModuleManager: Shutting down and abandoning module UndoHistory (490)
[2018.10.25-14.19.40:689][351]LogModuleManager: Shutting down and abandoning module XmlParser (488)
[2018.10.25-14.19.40:689][351]LogModuleManager: Shutting down and abandoning module Blutility (486)
[2018.10.25-14.19.40:689][351]LogModuleManager: Shutting down and abandoning module ProjectSettingsViewer (484)
[2018.10.25-14.19.40:689][351]LogModuleManager: Shutting down and abandoning module ProjectTargetPlatformEditor (483)
[2018.10.25-14.19.40:689][351]LogModuleManager: Shutting down and abandoning module EditorSettingsViewer (480)
[2018.10.25-14.19.40:689][351]LogModuleManager: Shutting down and abandoning module SettingsEditor (478)
[2018.10.25-14.19.40:689][351]LogModuleManager: Shutting down and abandoning module ProjectLauncher (476)
[2018.10.25-14.19.40:704][351]LogModuleManager: Shutting down and abandoning module SessionFrontend (474)
[2018.10.25-14.19.40:704][351]LogModuleManager: Shutting down and abandoning module ProfilerClient (472)
[2018.10.25-14.19.40:726][351]LogModuleManager: Shutting down and abandoning module DeviceManager (470)
[2018.10.25-14.19.40:726][351]LogModuleManager: Shutting down and abandoning module TargetDeviceServices (469)
[2018.10.25-14.19.40:776][351]LogModuleManager: Shutting down and abandoning module AutomationController (466)
[2018.10.25-14.19.40:776][351]LogModuleManager: Shutting down and abandoning module AutomationWindow (464)
[2018.10.25-14.19.40:803][351]LogModuleManager: Shutting down and abandoning module Layers (462)
[2018.10.25-14.19.40:826][351]LogModuleManager: Shutting down and abandoning module ComponentVisualizers (460)
[2018.10.25-14.19.40:826][351]LogModuleManager: Shutting down and abandoning module DetailCustomizations (458)
[2018.10.25-14.19.40:826][351]LogModuleManager: Shutting down and abandoning module PackagesDialog (456)
[2018.10.25-14.19.40:837][351]LogModuleManager: Shutting down and abandoning module Persona (454)
[2018.10.25-14.19.40:852][351]LogModuleManager: Shutting down and abandoning module AdvancedPreviewScene (453)
[2018.10.25-14.19.40:852][351]LogModuleManager: Shutting down and abandoning module AnimGraph (451)
[2018.10.25-14.19.40:852][351]LogModuleManager: Shutting down and abandoning module Kismet (448)
[2018.10.25-14.19.40:867][351]LogModuleManager: Shutting down and abandoning module GraphEditor (446)
[2018.10.25-14.19.40:897][351]LogModuleManager: Shutting down and abandoning module ClassViewer (444)
[2018.10.25-14.19.40:897][351]LogModuleManager: Shutting down and abandoning module Toolbox (442)
[2018.10.25-14.19.40:897][351]LogModuleManager: Shutting down and abandoning module ModuleUI (440)
[2018.10.25-14.19.40:912][351]LogModuleManager: Shutting down and abandoning module MovieSceneTools (438)
[2018.10.25-14.19.40:912][351]LogModuleManager: Shutting down and abandoning module OutputLog (436)
[2018.10.25-14.19.40:912][351]LogModuleManager: Shutting down and abandoning module GammaUI (434)
[2018.10.25-14.19.40:924][351]LogModuleManager: Shutting down and abandoning module Documentation (432)
[2018.10.25-14.19.40:924][351]LogModuleManager: Shutting down and abandoning module MovieSceneTracks (430)
[2018.10.25-14.19.40:924][351]LogModuleManager: Shutting down and abandoning module MovieScene (428)
[2018.10.25-14.19.40:924][351]LogModuleManager: Shutting down and abandoning module StreamingPauseRendering (426)
[2018.10.25-14.19.40:924][351]LogModuleManager: Shutting down and abandoning module LauncherPlatform (424)
[2018.10.25-14.19.40:924][351]LogModuleManager: Shutting down and abandoning module AnalyticsET (422)
[2018.10.25-14.19.40:924][351]LogModuleManager: Shutting down and abandoning module PortalServices (420)
[2018.10.25-14.19.40:924][351]LogModuleManager: Shutting down and abandoning module PortalRpc (418)
[2018.10.25-14.19.40:924][351]LogModuleManager: Shutting down and abandoning module MessagingRpc (416)
[2018.10.25-14.19.40:924][351]LogModuleManager: Shutting down and abandoning module AIModule (414)
[2018.10.25-14.19.40:924][351]LogModuleManager: Shutting down and abandoning module GameplayDebugger (413)
[2018.10.25-14.19.40:924][351]LogModuleManager: Shutting down and abandoning module AITestSuite (411)
[2018.10.25-14.19.40:924][351]LogModuleManager: Shutting down and abandoning module NavigationSystem (409)
[2018.10.25-14.19.40:924][351]LogModuleManager: Shutting down and abandoning module DesktopPlatform (406)
[2018.10.25-14.19.40:924][351]LogModuleManager: Shutting down and abandoning module ProfilerService (404)
[2018.10.25-14.19.41:156][351]LogModuleManager: Shutting down and abandoning module TaskGraph (402)
[2018.10.25-14.19.41:156][351]LogModuleManager: Shutting down and abandoning module SteamVRController (400)
[2018.10.25-14.19.41:156][351]LogModuleManager: Shutting down and abandoning module ProceduralMeshComponentEditor (398)
[2018.10.25-14.19.41:156][351]LogModuleManager: Shutting down and abandoning module ProceduralMeshComponent (396)
[2018.10.25-14.19.41:156][351]LogModuleManager: Shutting down and abandoning module OculusInput (394)
[2018.10.25-14.19.41:156][351]LogModuleManager: Shutting down and abandoning module MobilePatchingUtils (392)
[2018.10.25-14.19.41:156][351]LogModuleManager: Shutting down and abandoning module EditableMesh (390)
[2018.10.25-14.19.41:176][351]LogModuleManager: Shutting down and abandoning module CustomMeshComponent (388)
[2018.10.25-14.19.41:176][351]LogModuleManager: Shutting down and abandoning module CableComponent (386)
[2018.10.25-14.19.41:176][351]LogModuleManager: Shutting down and abandoning module AudioCapture (384)
[2018.10.25-14.19.41:176][351]LogModuleManager: Shutting down and abandoning module ArchVisCharacter (382)
[2018.10.25-14.19.41:176][351]LogModuleManager: Shutting down and abandoning module AndroidPermission (380)
[2018.10.25-14.19.41:176][351]LogModuleManager: Shutting down and abandoning module NUTUnrealEngine4 (378)
[2018.10.25-14.19.41:179][351]LogModuleManager: Shutting down and abandoning module NetcodeUnitTest (376)
[2018.10.25-14.19.41:193][351]LogModuleManager: Shutting down and abandoning module MediaCompositingEditor (374)
[2018.10.25-14.19.41:194][351]LogModuleManager: Shutting down and abandoning module MediaCompositing (372)
[2018.10.25-14.19.41:194][351]LogModuleManager: Shutting down and abandoning module LinearTimecode (370)
[2018.10.25-14.19.41:194][351]LogModuleManager: Shutting down and abandoning module ImgMedia (368)
[2018.10.25-14.19.41:211][351]LogModuleManager: Shutting down and abandoning module UniversalMobileAds (366)
[2018.10.25-14.19.41:211][351]LogModuleManager: Shutting down and abandoning module gameDNAinstaller (364)
[2018.10.25-14.19.41:212][351]LogGameDNAinstaller: Display: gameDNA installer module shutdown
[2018.10.25-14.19.41:212][351]LogModuleManager: Shutting down and abandoning module HTML5Networking (362)
[2018.10.25-14.19.41:212][351]LogModuleManager: Shutting down and abandoning module GeometryCacheTracks (360)
[2018.10.25-14.19.41:212][351]LogModuleManager: Shutting down and abandoning module GeometryCacheSequencer (358)
[2018.10.25-14.19.41:212][351]LogModuleManager: Shutting down and abandoning module BackChannel (356)
[2018.10.25-14.19.41:212][351]LogModuleManager: Shutting down and abandoning module AppleVision (354)
[2018.10.25-14.19.41:212][351]LogModuleManager: Shutting down and abandoning module AppleImageUtils (352)
[2018.10.25-14.19.41:212][351]LogModuleManager: Shutting down and abandoning module AlembicImporter (350)
[2018.10.25-14.19.41:212][351]LogModuleManager: Shutting down and abandoning module AlembicLibrary (349)
[2018.10.25-14.19.41:212][351]LogModuleManager: Shutting down and abandoning module GeometryCache (348)
[2018.10.25-14.19.41:212][351]LogModuleManager: Shutting down and abandoning module GeometryCacheEd (347)
[2018.10.25-14.19.41:212][351]LogModuleManager: Shutting down and abandoning module DatasmithContentEditor (342)
[2018.10.25-14.19.41:212][351]LogModuleManager: Shutting down and abandoning module DatasmithContent (340)
[2018.10.25-14.19.41:212][351]LogModuleManager: Shutting down and abandoning module SpeedTreeImporter (338)
[2018.10.25-14.19.41:212][351]LogModuleManager: Shutting down and abandoning module PluginBrowser (336)
[2018.10.25-14.19.41:212][351]LogModuleManager: Shutting down and abandoning module MobileLauncherProfileWizard (334)
[2018.10.25-14.19.41:226][351]LogModuleManager: Shutting down and abandoning module PolygonModeling (332)
[2018.10.25-14.19.41:226][351]LogModuleManager: Shutting down and abandoning module MeshEditor (330)
[2018.10.25-14.19.41:226][351]LogModuleManager: Shutting down and abandoning module CryptoKeysOpenSSL (328)
[2018.10.25-14.19.41:226][351]LogModuleManager: Shutting down and abandoning module CryptoKeys (326)
[2018.10.25-14.19.41:226][351]LogModuleManager: Shutting down and abandoning module VisualStudioSourceCodeAccess (324)
[2018.10.25-14.19.41:226][351]LogModuleManager: Shutting down and abandoning module VisualStudioCodeSourceCodeAccess (322)
[2018.10.25-14.19.41:226][351]LogModuleManager: Shutting down and abandoning module UObjectPlugin (320)
[2018.10.25-14.19.41:226][351]LogModuleManager: Shutting down and abandoning module SubversionSourceControl (318)
[2018.10.25-14.19.41:226][351]LogModuleManager: Shutting down and abandoning module PerforceSourceControl (316)
[2018.10.25-14.19.41:239][351]LogModuleManager: Shutting down and abandoning module GitSourceControl (314)
[2018.10.25-14.19.41:240][351]LogModuleManager: Shutting down and abandoning module SourceControl (313)
[2018.10.25-14.19.41:240][351]LogModuleManager: Shutting down and abandoning module CLionSourceCodeAccess (310)
[2018.10.25-14.19.41:240][351]LogModuleManager: Shutting down and abandoning module LightPropagationVolumeEditor (308)
[2018.10.25-14.19.41:240][351]LogModuleManager: Shutting down and abandoning module PaperTiledImporter (306)
[2018.10.25-14.19.41:240][351]LogModuleManager: Shutting down and abandoning module PaperSpriteSheetImporter (304)
[2018.10.25-14.19.41:240][351]LogModuleManager: Shutting down and abandoning module Paper2DEditor (302)
[2018.10.25-14.19.41:249][351]LogModuleManager: Shutting down and abandoning module MeshPaint (301)
[2018.10.25-14.19.41:249][351]LogModuleManager: Shutting down and abandoning module RuntimePhysXCooking (298)
[2018.10.25-14.19.41:249][351]LogModuleManager: Shutting down and abandoning module PhysXVehiclesEditor (296)
[2018.10.25-14.19.41:249][351]LogModuleManager: Shutting down and abandoning module PhysXVehicles (294)
[2018.10.25-14.19.41:249][351]LogModuleManager: Shutting down and abandoning module OculusEditor (292)
[2018.10.25-14.19.41:249][351]LogModuleManager: Shutting down and abandoning module LocationServicesBPLibrary (290)
[2018.10.25-14.19.41:249][351]LogModuleManager: Shutting down and abandoning module ImmediatePhysicsEditor (288)
[2018.10.25-14.19.41:249][351]LogModuleManager: Shutting down and abandoning module ImmediatePhysics (286)
[2018.10.25-14.19.41:249][351]LogModuleManager: Shutting down and abandoning module ActorSequence (284)
[2018.10.25-14.19.41:249][351]LogModuleManager: Shutting down and abandoning module UdpMessaging (282)
[2018.10.25-14.19.41:349][351]LogModuleManager: Shutting down and abandoning module TcpMessaging (280)
[2018.10.25-14.19.41:449][351]LogModuleManager: Shutting down and abandoning module MagicLeapAudio (278)
[2018.10.25-14.19.41:449][351]LogModuleManager: Shutting down and abandoning module GameplayTagsEditor (276)
[2018.10.25-14.19.41:449][351]LogModuleManager: Shutting down and abandoning module FacialAnimationEditor (274)
[2018.10.25-14.19.41:449][351]LogModuleManager: Shutting down and abandoning module FacialAnimation (272)
[2018.10.25-14.19.41:449][351]LogModuleManager: Shutting down and abandoning module DataValidation (270)
[2018.10.25-14.19.41:449][351]LogModuleManager: Shutting down and abandoning module AssetManagerEditor (268)
[2018.10.25-14.19.41:459][351]LogModuleManager: Shutting down and abandoning module LevelEditor (267)
[2018.10.25-14.19.41:460][351]LogModuleManager: Shutting down and abandoning module PixelInspectorModule (266)
[2018.10.25-14.19.41:460][351]LogModuleManager: Shutting down and abandoning module CommonMenuExtensions (264)
[2018.10.25-14.19.41:460][351]LogModuleManager: Shutting down and abandoning module MainFrame (262)
[2018.10.25-14.19.41:460][351]LogModuleManager: Shutting down and abandoning module HotReload (261)
[2018.10.25-14.19.41:461][351]LogModuleManager: Shutting down and abandoning module ContentBrowser (257)
[2018.10.25-14.19.41:462][351]LogModuleManager: Shutting down and abandoning module TreeMap (255)
[2018.10.25-14.19.41:462][351]LogModuleManager: Shutting down and abandoning module LightPropagationVolumeRuntime (252)
[2018.10.25-14.19.41:462][351]LogModuleManager: Shutting down and abandoning module AISupportModule (250)
[2018.10.25-14.19.41:462][351]LogModuleManager: Shutting down and abandoning module Paper2D (248)
[2018.10.25-14.19.41:463][351]LogModuleManager: Shutting down and abandoning module WindowsMoviePlayer (246)
[2018.10.25-14.19.41:463][351]LogModuleManager: Shutting down and abandoning module WmfMedia (244)
[2018.10.25-14.19.41:473][351]LogModuleManager: Shutting down and abandoning module Media (243)
[2018.10.25-14.19.41:479][351]LogModuleManager: Shutting down and abandoning module PacketHandler (240)
[2018.10.25-14.19.41:479][351]LogModuleManager: Shutting down and abandoning module ClothingSystemEditor (238)
[2018.10.25-14.19.41:479][351]LogModuleManager: Shutting down and abandoning module ClothingSystemRuntime (236)
[2018.10.25-14.19.41:504][351]LogModuleManager: Shutting down and abandoning module MediaAssets (234)
[2018.10.25-14.19.41:504][351]LogModuleManager: Shutting down and abandoning module Overlay (232)
[2018.10.25-14.19.41:504][351]LogModuleManager: Shutting down and abandoning module OverlayEditor (231)
[2018.10.25-14.19.41:504][351]LogModuleManager: Shutting down and abandoning module VREditor (228)
[2018.10.25-14.19.41:522][351]LogModuleManager: Shutting down and abandoning module StringTableEditor (226)
[2018.10.25-14.19.41:530][351]LogModuleManager: Shutting down and abandoning module GameplayTasksEditor (224)
[2018.10.25-14.19.41:530][351]LogModuleManager: Shutting down and abandoning module BehaviorTreeEditor (222)
[2018.10.25-14.19.41:544][351]LogModuleManager: Shutting down and abandoning module FunctionalTesting (220)
[2018.10.25-14.19.41:544][351]LogModuleManager: Shutting down and abandoning module CollisionAnalyzer (218)
[2018.10.25-14.19.41:544][351]LogModuleManager: Shutting down and abandoning module WorkspaceMenuStructure (217)
[2018.10.25-14.19.41:544][351]LogModuleManager: Shutting down and abandoning module UMG (214)
[2018.10.25-14.19.41:568][351]LogModuleManager: Shutting down and abandoning module UMGEditor (213)
[2018.10.25-14.19.41:578][351]LogModuleManager: Shutting down and abandoning module Sequencer (212)
[2018.10.25-14.19.41:588][351]LogModuleManager: Shutting down and abandoning module MessageLog (209)
[2018.10.25-14.19.41:588][351]LogModuleManager: Shutting down and abandoning module SlateReflector (204)
[2018.10.25-14.19.41:606][351]LogModuleManager: Shutting down and abandoning module Slate (202)
[2018.10.25-14.19.41:606][351]LogModuleManager: Shutting down and abandoning module EditorStyle (200)
[2018.10.25-14.19.41:608][351]LogModuleManager: Shutting down and abandoning module MRMesh (198)
[2018.10.25-14.19.41:608][351]LogModuleManager: Shutting down and abandoning module SourceCodeAccess (196)
[2018.10.25-14.19.41:609][351]LogModuleManager: Shutting down and abandoning module HeadMountedDisplay (194)
[2018.10.25-14.19.41:609][351]LogModuleManager: Shutting down and abandoning module XAudio2 (192)
[2018.10.25-14.19.41:609][351]LogModuleManager: Shutting down and abandoning module Networking (190)
[2018.10.25-14.19.41:609][351]LogModuleManager: Shutting down and abandoning module Core (188)
[2018.10.25-14.19.41:609][351]LogModuleManager: Shutting down and abandoning module LevelSequence (186)
[2018.10.25-14.19.41:609][351]LogModuleManager: Shutting down and abandoning module KismetCompiler (184)
[2018.10.25-14.19.41:609][351]LogModuleManager: Shutting down and abandoning module MeshUtilities (182)
[2018.10.25-14.19.41:619][351]LogModuleManager: Shutting down and abandoning module MeshMergeUtilities (181)
[2018.10.25-14.19.41:619][351]LogModuleManager: Shutting down and abandoning module MeshReductionInterface (180)
[2018.10.25-14.19.41:619][351]LogModuleManager: Shutting down and abandoning module SimplygonSwarm (179)
[2018.10.25-14.19.41:623][351]LogModuleManager: Shutting down and abandoning module ProxyLODMeshReduction (177)
[2018.10.25-14.19.41:644][351]LogModuleManager: Shutting down and abandoning module SimplygonMeshReduction (175)
[2018.10.25-14.19.41:644][351]LogModuleManager: Shutting down and abandoning module QuadricMeshReduction (173)
[2018.10.25-14.19.41:660][351]LogModuleManager: Shutting down and abandoning module MaterialBaking (169)
[2018.10.25-14.19.41:671][351]LogModuleManager: Shutting down and abandoning module DirectoryWatcher (165)
[2018.10.25-14.19.41:672][351]LogModuleManager: Shutting down and abandoning module DerivedDataCache (162)
[2018.10.25-14.19.41:724][351]LogDerivedDataCache: Shutdown
[2018.10.25-14.19.41:724][351]LogModuleManager: Shutting down and abandoning module XGEController (160)
[2018.10.25-14.19.41:724][351]LogModuleManager: Shutting down and abandoning module TargetPlatform (158)
[2018.10.25-14.19.41:724][351]LogModuleManager: Shutting down and abandoning module VulkanShaderFormat (157)
[2018.10.25-14.19.41:724][351]LogModuleManager: Shutting down and abandoning module ShaderFormatVectorVM (155)
[2018.10.25-14.19.41:724][351]LogModuleManager: Shutting down and abandoning module ShaderFormatOpenGL (153)
[2018.10.25-14.19.41:735][351]LogModuleManager: Shutting down and abandoning module ShaderFormatD3D (151)
[2018.10.25-14.19.41:735][351]LogModuleManager: Shutting down and abandoning module MetalShaderFormat (149)
[2018.10.25-14.19.41:742][351]LogModuleManager: Shutting down and abandoning module TextureFormatUncompressed (147)
[2018.10.25-14.19.41:742][351]LogModuleManager: Shutting down and abandoning module TextureFormatPVR (145)
[2018.10.25-14.19.41:742][351]LogModuleManager: Shutting down and abandoning module TextureFormatDXT (143)
[2018.10.25-14.19.41:743][351]LogModuleManager: Shutting down and abandoning module TextureFormatIntelISPCTexComp (141)
[2018.10.25-14.19.41:743][351]LogModuleManager: Shutting down and abandoning module TextureFormatASTC (139)
[2018.10.25-14.19.41:743][351]LogModuleManager: Shutting down and abandoning module ImageWrapper (138)
[2018.10.25-14.19.41:743][351]LogModuleManager: Shutting down and abandoning module TextureFormatAndroid (135)
[2018.10.25-14.19.41:743][351]LogModuleManager: Shutting down and abandoning module AudioFormatOpus (133)
[2018.10.25-14.19.41:743][351]LogModuleManager: Shutting down and abandoning module AudioFormatOgg (131)
[2018.10.25-14.19.41:743][351]LogModuleManager: Shutting down and abandoning module AudioFormatADPCM (129)
[2018.10.25-14.19.41:743][351]LogModuleManager: Shutting down and abandoning module LuminTargetPlatform (127)
[2018.10.25-14.19.41:743][351]LogModuleManager: Shutting down and abandoning module LinuxTargetPlatform (125)
[2018.10.25-14.19.41:743][351]LogModuleManager: Shutting down and abandoning module LinuxServerTargetPlatform (123)
[2018.10.25-14.19.41:743][351]LogModuleManager: Shutting down and abandoning module LinuxNoEditorTargetPlatform (121)
[2018.10.25-14.19.41:743][351]LogModuleManager: Shutting down and abandoning module LinuxClientTargetPlatform (119)
[2018.10.25-14.19.41:743][351]LogModuleManager: Shutting down and abandoning module TVOSTargetPlatform (117)
[2018.10.25-14.19.41:744][351]LogModuleManager: Shutting down and abandoning module Messaging (115)
[2018.10.25-14.19.41:744][351]LogModuleManager: Shutting down and abandoning module IOSTargetPlatform (113)
[2018.10.25-14.19.41:745][351]LogModuleManager: Shutting down and abandoning module HTML5TargetPlatform (111)
[2018.10.25-14.19.41:746][351]LogModuleManager: Shutting down and abandoning module AndroidTargetPlatform (109)
[2018.10.25-14.19.41:755][351]LogModuleManager: Shutting down and abandoning module WindowsTargetPlatform (107)
[2018.10.25-14.19.41:755][351]LogModuleManager: Shutting down and abandoning module WindowsServerTargetPlatform (105)
[2018.10.25-14.19.41:755][351]LogModuleManager: Shutting down and abandoning module WindowsNoEditorTargetPlatform (103)
[2018.10.25-14.19.41:755][351]LogModuleManager: Shutting down and abandoning module WindowsClientTargetPlatform (101)
[2018.10.25-14.19.41:755][351]LogModuleManager: Shutting down and abandoning module MacTargetPlatform (99)
[2018.10.25-14.19.41:755][351]LogModuleManager: Shutting down and abandoning module MacServerTargetPlatform (97)
[2018.10.25-14.19.41:755][351]LogModuleManager: Shutting down and abandoning module MacNoEditorTargetPlatform (95)
[2018.10.25-14.19.41:755][351]LogModuleManager: Shutting down and abandoning module MacClientTargetPlatform (93)
[2018.10.25-14.19.41:755][351]LogModuleManager: Shutting down and abandoning module AllDesktopTargetPlatform (91)
[2018.10.25-14.19.41:755][351]LogModuleManager: Shutting down and abandoning module InputCore (88)
[2018.10.25-14.19.41:755][351]LogModuleManager: Shutting down and abandoning module Settings (86)
[2018.10.25-14.19.41:755][351]LogModuleManager: Shutting down and abandoning module PhysXCooking (84)
[2018.10.25-14.19.41:755][351]LogModuleManager: Shutting down and abandoning module SteamVR (82)
[2018.10.25-14.19.41:755][351]LogModuleManager: Shutting down and abandoning module OculusHMD (80)
[2018.10.25-14.19.41:755][351]LogModuleManager: Shutting down and abandoning module ExampleDeviceProfileSelector (78)
[2018.10.25-14.19.41:755][351]LogModuleManager: Shutting down and abandoning module LauncherChunkInstaller (76)
[2018.10.25-14.19.41:755][351]LogModuleManager: Shutting down and abandoning module OnlineBlueprintSupport (74)
[2018.10.25-14.19.41:755][351]LogModuleManager: Shutting down and abandoning module OnlineSubsystem (70)
[2018.10.25-14.19.41:786][351]LogModuleManager: Shutting down and abandoning module XMPP (65)
[2018.10.25-14.19.41:805][351]LogModuleManager: Shutting down and abandoning module WebSockets (64)
[2018.10.25-14.19.41:841][351]LogModuleManager: Shutting down and abandoning module HTTP (61)
[2018.10.25-14.19.41:841][351]LogHttp: Display: Http module shutting down, but needs to wait on 1 outstanding Http requests:
[2018.10.25-14.19.41:841][351]LogHttp: Display: 	verb=[POST] url=[https://datarouter.ol.epicgames.com/datarouter/api/v1/public/data?SessionID=%7B39FD5315-4C43-2B4D-7DD3-DFA8B7D93E6F%7D&AppID=UEEditor.Rocket.Release&AppVersion=4.20.2-4302132%2B%2B%2BUE4%2BRelease-4.20&UserID=6b7b0c9d4ae7080f718926b0c0e74592%7Ca8acd073419d4ba5af06128a796b67e5%7C16748a16-ac96-4a19-acf9-81021a0a2cc2&AppEnvironment=datacollector-binary&UploadType=eteventstream] status=Processing
[2018.10.25-14.19.41:874][351]LogModuleManager: Shutting down and abandoning module SSL (60)
[2018.10.25-14.19.41:875][351]LogModuleManager: Shutting down and abandoning module MagicLeapEmulator (56)
[2018.10.25-14.19.41:877][351]LogModuleManager: Shutting down and abandoning module MagicLeapPrivileges (54)
[2018.10.25-14.19.41:877][351]LogModuleManager: Shutting down and abandoning module MagicLeapIdentity (52)
[2018.10.25-14.19.41:877][351]LogModuleManager: Shutting down and abandoning module MagicLeapHelperVulkan (50)
[2018.10.25-14.19.41:877][351]LogModuleManager: Shutting down and abandoning module MagicLeapHelperOpenGL (48)
[2018.10.25-14.19.41:877][351]LogModuleManager: Shutting down and abandoning module MagicLeapSecureStorage (46)
[2018.10.25-14.19.41:877][351]LogModuleManager: Shutting down and abandoning module MagicLeapGestures (44)
[2018.10.25-14.19.41:877][351]LogModuleManager: Shutting down and abandoning module MagicLeapEyeTracker (42)
[2018.10.25-14.19.41:877][351]LogModuleManager: Shutting down and abandoning module MagicLeapController (40)
[2018.10.25-14.19.41:877][351]LogSlate: Slate User Destroyed.  User Index 0, Is Virtual User: 0
[2018.10.25-14.19.41:877][351]LogModuleManager: Shutting down and abandoning module MagicLeap (38)
[2018.10.25-14.19.41:877][351]LogModuleManager: Shutting down and abandoning module AnimationModifiers (36)
[2018.10.25-14.19.41:893][351]LogModuleManager: Shutting down and abandoning module PropertyEditor (35)
[2018.10.25-14.19.41:902][351]LogModuleManager: Shutting down and abandoning module AudioEditor (32)
[2018.10.25-14.19.41:914][351]LogModuleManager: Shutting down and abandoning module TextureCompressor (30)
[2018.10.25-14.19.41:914][351]LogModuleManager: Shutting down and abandoning module ShaderCore (28)
[2018.10.25-14.19.41:914][351]LogModuleManager: Shutting down and abandoning module Landscape (26)
[2018.10.25-14.19.41:914][351]LogModuleManager: Shutting down and abandoning module SlateRHIRenderer (24)
[2018.10.25-14.19.41:924][351]LogModuleManager: Shutting down and abandoning module OpenGLDrv (22)
[2018.10.25-14.19.41:944][351]LogModuleManager: Shutting down and abandoning module D3D11RHI (20)
[2018.10.25-14.19.41:944][351]LogModuleManager: Shutting down and abandoning module AnimGraphRuntime (18)
[2018.10.25-14.19.41:944][351]LogModuleManager: Shutting down and abandoning module Renderer (16)
[2018.10.25-14.19.41:944][351]LogModuleManager: Shutting down and abandoning module Engine (14)
[2018.10.25-14.19.41:944][351]LogModuleManager: Shutting down and abandoning module CoreUObject (12)
[2018.10.25-14.19.41:944][351]LogModuleManager: Shutting down and abandoning module NetworkFile (10)
[2018.10.25-14.19.41:944][351]LogModuleManager: Shutting down and abandoning module CookedIterativeFile (8)
[2018.10.25-14.19.41:944][351]LogModuleManager: Shutting down and abandoning module StreamingFile (6)
[2018.10.25-14.19.41:944][351]LogModuleManager: Shutting down and abandoning module SandboxFile (4)
[2018.10.25-14.19.41:944][351]LogModuleManager: Shutting down and abandoning module PakFile (2)
[2018.10.25-14.19.41:949][351]LogExit: Exiting.
[2018.10.25-14.19.41:968][351]Log file closed, 10/25/18 16:19:41
