Log file open, 10/29/18 13:41:08
LogWindows: Failed to load 'aqProf.dll' (GetLastError=126)
LogWindows: File 'aqProf.dll' does not exist
LogWindows: Failed to load 'VSPerf140.dll' (GetLastError=126)
LogWindows: File 'VSPerf140.dll' does not exist
LogWindows: Failed to load 'VtuneApi.dll' (GetLastError=126)
LogWindows: File 'VtuneApi.dll' does not exist
LogWindows: Failed to load 'VtuneApi32e.dll' (GetLastError=126)
LogWindows: File 'VtuneApi32e.dll' does not exist
LogInit: Display: Running engine for game: MyProject4
LogPlatformFile: Not using cached read wrapper
LogTaskGraph: Started task graph with 5 named threads and 23 total threads with 3 sets of task threads.
LogStats: Stats thread started at 5.466067
LogD3D11RHI: Loaded GFSDK_Aftermath_Lib.x64.dll
LogICUInternationalization: Display: ICU TimeZone Detection - Raw Offset: +2:00, Platform Override: ''
LogPluginManager: Mounting plugin Paper2D
LogPluginManager: Mounting plugin AISupport
LogPluginManager: Mounting plugin LightPropagationVolume
LogPluginManager: Mounting plugin CLionSourceCodeAccess
LogPluginManager: Mounting plugin CodeLiteSourceCodeAccess
LogPluginManager: Mounting plugin GitSourceControl
LogPluginManager: Mounting plugin KDevelopSourceCodeAccess
LogPluginManager: Mounting plugin NullSourceCodeAccess
LogPluginManager: Mounting plugin PerforceSourceControl
LogPluginManager: Mounting plugin SubversionSourceControl
LogPluginManager: Mounting plugin UObjectPlugin
LogPluginManager: Mounting plugin VisualStudioCodeSourceCodeAccess
LogPluginManager: Mounting plugin VisualStudioSourceCodeAccess
LogPluginManager: Mounting plugin XCodeSourceCodeAccess
LogPluginManager: Mounting plugin AssetManagerEditor
LogPluginManager: Mounting plugin CryptoKeys
LogPluginManager: Mounting plugin DataValidation
LogPluginManager: Mounting plugin FacialAnimation
LogPluginManager: Mounting plugin GameplayTagsEditor
LogPluginManager: Mounting plugin MacGraphicsSwitching
LogPluginManager: Mounting plugin MeshEditor
LogPluginManager: Mounting plugin MobileLauncherProfileWizard
LogPluginManager: Mounting plugin PluginBrowser
LogPluginManager: Mounting plugin SpeedTreeImporter
LogPluginManager: Mounting plugin DatasmithContent
LogPluginManager: Mounting plugin AlembicImporter
LogPluginManager: Mounting plugin AppleImageUtils
LogPluginManager: Mounting plugin AppleVision
LogPluginManager: Mounting plugin BackChannel
LogPluginManager: Mounting plugin CharacterAI
LogPluginManager: Mounting plugin GeometryCache
LogPluginManager: Mounting plugin HTML5Networking
LogPluginManager: Mounting plugin ProxyLODPlugin
LogPluginManager: Mounting plugin MagicLeap
LogPluginManager: Mounting plugin MagicLeapEmulator
LogPluginManager: Mounting plugin MagicLeapMedia
LogPluginManager: Mounting plugin gameDNAinstaller
LogPluginManager: Mounting plugin UniversalMobileAds
LogPluginManager: Mounting plugin AndroidMedia
LogPluginManager: Mounting plugin AvfMedia
LogPluginManager: Mounting plugin ImgMedia
LogPluginManager: Mounting plugin LinearTimecode
LogPluginManager: Mounting plugin MediaCompositing
LogPluginManager: Mounting plugin MediaPlayerEditor
LogPluginManager: Mounting plugin WmfMedia
LogPluginManager: Mounting plugin TcpMessaging
LogPluginManager: Mounting plugin UdpMessaging
LogPluginManager: Mounting plugin ActorSequence
LogPluginManager: Mounting plugin LevelSequenceEditor
LogPluginManager: Mounting plugin MatineeToLevelSequence
LogPluginManager: Mounting plugin NetcodeUnitTest
LogPluginManager: Mounting plugin NUTUnrealEngine4
LogPluginManager: Mounting plugin OnlineSubsystemGooglePlay
LogPluginManager: Mounting plugin OnlineSubsystemIOS
LogPluginManager: Mounting plugin OnlineSubsystem
LogPluginManager: Mounting plugin OnlineSubsystemNull
LogPluginManager: Mounting plugin OnlineSubsystemUtils
LogPluginManager: Mounting plugin LauncherChunkInstaller
LogPluginManager: Mounting plugin AndroidDeviceProfileSelector
LogPluginManager: Mounting plugin AndroidMoviePlayer
LogPluginManager: Mounting plugin AndroidPermission
LogPluginManager: Mounting plugin AppleMoviePlayer
LogPluginManager: Mounting plugin ArchVisCharacter
LogPluginManager: Mounting plugin AudioCapture
LogPluginManager: Mounting plugin CableComponent
LogPluginManager: Mounting plugin CustomMeshComponent
LogPluginManager: Mounting plugin EditableMesh
LogPluginManager: Mounting plugin ExampleDeviceProfileSelector
LogPluginManager: Mounting plugin GoogleCloudMessaging
LogPluginManager: Mounting plugin ImmediatePhysics
LogPluginManager: Mounting plugin IOSDeviceProfileSelector
LogPluginManager: Mounting plugin LinuxDeviceProfileSelector
LogPluginManager: Mounting plugin LocationServicesBPLibrary
LogPluginManager: Mounting plugin MobilePatchingUtils
LogPluginManager: Mounting plugin OculusVR
LogPluginManager: Plugin shader directory ../../../Engine/Plugins/Runtime/Oculus/OculusVR/Shaders found
LogPluginManager: Mapping shader source directory ../../../Engine/Plugins/Runtime/Oculus/OculusVR/Shaders to virtual directory /Plugin/OculusVR
LogPluginManager: Mounting plugin PhysXVehicles
LogPluginManager: Mounting plugin ProceduralMeshComponent
LogPluginManager: Mounting plugin RuntimePhysXCooking
LogPluginManager: Mounting plugin SteamVR
LogPluginManager: Mounting plugin WindowsMoviePlayer
LogStreaming: Display: Took  0.422s to configure plugins.
LogInit: Using libcurl 7.55.1-DEV
LogInit:  - built for x86_64-pc-win32
LogInit:  - supports SSL with OpenSSL/1.0.2h
LogInit:  - supports HTTP deflate (compression) using libz 1.2.8
LogInit:  - other features:
LogInit:      CURL_VERSION_SSL
LogInit:      CURL_VERSION_LIBZ
LogInit:      CURL_VERSION_IPV6
LogInit:      CURL_VERSION_ASYNCHDNS
LogInit:      CURL_VERSION_LARGEFILE
LogInit:      CURL_VERSION_IDN
LogInit:  CurlRequestOptions (configurable via config and command line):
LogInit:  - bVerifyPeer = false  - Libcurl will NOT verify peer certificate
LogInit:  - bUseHttpProxy = false  - Libcurl will NOT use HTTP proxy
LogInit:  - bDontReuseConnections = false  - Libcurl will reuse connections
LogInit:  - CertBundlePath = nullptr  - Libcurl will use whatever was configured at build time.
LogInit:  - MaxHostConnections = 16  - Libcurl will limit the number of connections to a host
LogInit:  - LocalHostAddr = Default
LogInit:  - BufferSize = 65536
LogInit: WinSock: version 1.1 (2.2), MaxSocks=32767, MaxUdp=65467
LogInit: Build: ++UE4+Release-4.20-CL-4302132
LogInit: Engine Version: 4.20.2-4302132+++UE4+Release-4.20
LogInit: Compatible Engine Version: 4.20.0-4212847+++UE4+Release-4.20
LogInit: Net CL: 4212847
LogInit: OS: Windows 7 (Service Pack 1), CPU:         Intel(R) Core(TM) i7-3820 CPU @ 3.60GHz, GPU: NVIDIA GeForce GTX 1070
LogInit: Compiled (64-bit): Aug 21 2018 02:06:06
LogInit: Compiled with Visual C++: 19.13.26129.00
LogInit: Build Configuration: Development
LogInit: Branch Name: ++UE4+Release-4.20
LogInit: Command Line:  
LogInit: Base Directory: L:/Program Files/Epic Games/UE_4.20/Engine/Binaries/Win64/
LogInit: Installed Engine Build: 1
LogDevObjectVersion: Number of dev versions registered: 20
LogDevObjectVersion:   Dev-Blueprints (B0D832E4-1F89-4F0D-ACCF-7EB736FD4AA2): 10
LogDevObjectVersion:   Dev-Build (E1C64328-A22C-4D53-A36C-8E866417BD8C): 0
LogDevObjectVersion:   Dev-Core (375EC13C-06E4-48FB-B500-84F0262A717E): 2
LogDevObjectVersion:   Dev-Editor (E4B068ED-F494-42E9-A231-DA0B2E46BB41): 24
LogDevObjectVersion:   Dev-Framework (CFFC743F-43B0-4480-9391-14DF171D2073): 34
LogDevObjectVersion:   Dev-Mobile (B02B49B5-BB20-44E9-A304-32B752E40360): 2
LogDevObjectVersion:   Dev-Networking (A4E4105C-59A1-49B5-A7C5-40C4547EDFEE): 0
LogDevObjectVersion:   Dev-Online (39C831C9-5AE6-47DC-9A44-9C173E1C8E7C): 0
LogDevObjectVersion:   Dev-Physics (78F01B33-EBEA-4F98-B9B4-84EACCB95AA2): 0
LogDevObjectVersion:   Dev-Platform (6631380F-2D4D-43E0-8009-CF276956A95A): 0
LogDevObjectVersion:   Dev-Rendering (12F88B9F-8875-4AFC-A67C-D90C383ABD29): 26
LogDevObjectVersion:   Dev-Sequencer (7B5AE74C-D270-4C10-A958-57980B212A5A): 9
LogDevObjectVersion:   Dev-VR (D7296918-1DD6-4BDD-9DE2-64A83CC13884): 2
LogDevObjectVersion:   Dev-LoadTimes (C2A15278-BFE7-4AFE-6C17-90FF531DF755): 1
LogDevObjectVersion:   Private-Geometry (6EACA3D4-40EC-4CC1-B786-8BED09428FC5): 3
LogDevObjectVersion:   Dev-AnimPhys (29E575DD-E0A3-4627-9D10-D276232CDCEA): 17
LogDevObjectVersion:   Dev-ReflectionCapture (6B266CEC-1EC7-4B8F-A30B-E4D90942FC07): 1
LogDevObjectVersion:   Dev-Automation (0DF73D61-A23F-47EA-B727-89E90C41499A): 1
LogDevObjectVersion:   FortniteMain (601D1886-AC64-4F84-AA16-D3DE0DEAC7D6): 12
LogDevObjectVersion:   Dev-Enterprise (9DFFBCD6-494F-0158-E221-12823C92A888): 1
LogStreaming: Display: Took  0.020s to delete old logs.
LogInit: Presizing for max 8388607 objects, including 0 objects not considered by GC, pre-allocating 0 bytes for permanent pool.
LogInit: Object subsystem initialized
[2018.10.29-11.41.10:325][  0]LogInit: Selected Device Profile: [Windows]
[2018.10.29-11.41.10:327][  0]LogInit: Applying CVar settings loaded from the selected device profile: [Windows]
[2018.10.29-11.41.10:384][  0]LogHAL: Display: Platform has ~ 16 GB [17128501248 / 17179869184 / 16], which maps to Larger [LargestMinGB=32, LargerMinGB=12, DefaultMinGB=8, SmallerMinGB=6, SmallestMinGB=0)
[2018.10.29-11.41.10:400][  0]LogInit: Setting Device Profile CVar: [[r.Vulkan.UseRealUBs:1]]
[2018.10.29-11.41.10:400][  0]LogInit: Going up to parent DeviceProfile []
[2018.10.29-11.41.10:479][  0]LogInit: Computer: STEVEN-PC
[2018.10.29-11.41.10:479][  0]LogInit: User: Steven
[2018.10.29-11.41.10:479][  0]LogInit: CPU Page size=4096, Cores=4
[2018.10.29-11.41.10:479][  0]LogInit: High frequency timer resolution =3.515625 MHz
[2018.10.29-11.41.10:479][  0]LogMemory: Memory total: Physical=16.0GB (16GB approx)
[2018.10.29-11.41.10:479][  0]LogMemory: Platform Memory Stats for Windows
[2018.10.29-11.41.10:479][  0]LogMemory: Process Physical Memory: 101.81 MB used, 101.81 MB peak
[2018.10.29-11.41.10:479][  0]LogMemory: Process Virtual Memory: 91.71 MB used, 91.71 MB peak
[2018.10.29-11.41.10:479][  0]LogMemory: Physical Memory: 13937.97 MB used,  2397.04 MB free, 16335.01 MB total
[2018.10.29-11.41.10:479][  0]LogMemory: Virtual Memory: 480.63 MB used,  2397.04 MB free, 8388608.00 MB total
[2018.10.29-11.41.11:087][  0]LogInit: Using OS detected language (en-US).
[2018.10.29-11.41.11:087][  0]LogInit: Using OS detected locale (en-US).
[2018.10.29-11.41.11:152][  0]LogTextLocalizationManager: No specific localization for 'en-US' exists, so the 'en' localization will be used.
[2018.10.29-11.41.12:064][  0]LogStreaming: Display: Took  0.951s to InitEngineTextLocalization.
[2018.10.29-11.41.12:077][  0]LogWindows: Failed to load 'shcore.dll' (GetLastError=126)
[2018.10.29-11.41.12:077][  0]LogWindows: File 'shcore.dll' does not exist
[2018.10.29-11.41.12:077][  0]LogInit: Setting process to DPI aware
[2018.10.29-11.41.12:899][  0]LogSlate: New Slate User Created.  User Index 0, Is Virtual User: 0
[2018.10.29-11.41.12:899][  0]LogSlate: Slate User Registered.  User Index 0, Is Virtual User: 0
[2018.10.29-11.41.13:884][  0]LogHMD: Failed to initialize OpenVR with code 105
[2018.10.29-11.41.13:884][  0]LogD3D11RHI: D3D11 adapters:
[2018.10.29-11.41.13:945][  0]LogD3D11RHI:    0. 'NVIDIA GeForce GTX 1070' (Feature Level 11_0)
[2018.10.29-11.41.13:945][  0]LogD3D11RHI:       8077/0/7911 MB DedicatedVideo/DedicatedSystem/SharedSystem, Outputs:2, VendorId:0x10de
[2018.10.29-11.41.13:945][  0]LogD3D11RHI: Chosen D3D11 Adapter: 0
[2018.10.29-11.41.13:954][  0]LogD3D11RHI: Creating new Direct3DDevice
[2018.10.29-11.41.13:954][  0]LogD3D11RHI:     GPU DeviceId: 0x1b81 (for the marketing name, search the web for "GPU Device Id")
[2018.10.29-11.41.13:954][  0]LogWindows: EnumDisplayDevices:
[2018.10.29-11.41.13:954][  0]LogWindows:    0. 'NVIDIA GeForce GTX 1070' (P:1 D:1)
[2018.10.29-11.41.13:954][  0]LogWindows:    1. 'NVIDIA GeForce GTX 1070' (P:0 D:1)
[2018.10.29-11.41.13:954][  0]LogWindows:    2. 'NVIDIA GeForce GTX 1070' (P:0 D:0)
[2018.10.29-11.41.13:955][  0]LogWindows:    3. 'NVIDIA GeForce GTX 1070' (P:0 D:0)
[2018.10.29-11.41.13:955][  0]LogWindows:    4. 'RDPDD Chained DD' (P:0 D:0)
[2018.10.29-11.41.13:955][  0]LogWindows:    5. 'RDP Encoder Mirror Driver' (P:0 D:0)
[2018.10.29-11.41.13:955][  0]LogWindows:    6. 'RDP Reflector Display Driver' (P:0 D:0)
[2018.10.29-11.41.13:955][  0]LogWindows: DebugString: GetVideoDriverDetailsInvalid PrimaryIsNotTheChoosenAdapter GetVideoDriverDetailsInvalid PrimaryIsNotTheChoosenAdapter GetVideoDriverDetailsInvalid PrimaryIsNotTheChoosenAdapter FoundDriverCount:4 
[2018.10.29-11.41.13:955][  0]LogD3D11RHI:     Adapter Name: NVIDIA GeForce GTX 1070
[2018.10.29-11.41.13:955][  0]LogD3D11RHI:   Driver Version: 390.77 (internal:23.21.13.9077, unified:390.77)
[2018.10.29-11.41.13:955][  0]LogD3D11RHI:      Driver Date: 1-23-2018
[2018.10.29-11.41.13:955][  0]LogRHI: Texture pool is 5654 MB (70% of 8077 MB)
[2018.10.29-11.41.13:982][  0]LogD3D11RHI: Async texture creation enabled
[2018.10.29-11.41.14:215][  0]LogD3D11RHI: GPU Timing Frequency: 1000.000000 (Debug: 2 2)
[2018.10.29-11.41.14:309][  0]LogShaderCompilers: Guid format shader working directory is 2 characters bigger than the processId version (../../../../../../coded projects/KnifeThingy/Intermediate/Shaders/WorkingDirectory/19512/).
[2018.10.29-11.41.14:309][  0]LogShaderCompilers: Cleaned the shader compiler working directory 'C:/Users/Steven/AppData/Local/Temp/UnrealShaderWorkingDir/01C01F724EC270ACF367CFA4E11E340D/'.
[2018.10.29-11.41.15:473][  0]LogTemp: Display: Loaded TP AllDesktopTargetPlatform
[2018.10.29-11.41.15:510][  0]LogTemp: Display: Loaded TP MacClientTargetPlatform
[2018.10.29-11.41.15:545][  0]LogTemp: Display: Loaded TP MacNoEditorTargetPlatform
[2018.10.29-11.41.15:576][  0]LogTemp: Display: Loaded TP MacServerTargetPlatform
[2018.10.29-11.41.15:639][  0]LogTemp: Display: Loaded TP MacTargetPlatform
[2018.10.29-11.41.15:684][  0]LogTemp: Display: Loaded TP WindowsClientTargetPlatform
[2018.10.29-11.41.15:723][  0]LogTemp: Display: Loaded TP WindowsNoEditorTargetPlatform
[2018.10.29-11.41.15:761][  0]LogTemp: Display: Loaded TP WindowsServerTargetPlatform
[2018.10.29-11.41.15:783][  0]LogTemp: Display: Loaded TP WindowsTargetPlatform
[2018.10.29-11.41.16:047][  0]LogTemp: Display: Loaded TP AndroidTargetPlatform
[2018.10.29-11.41.16:047][  0]LogTemp: Display: Loaded TP AndroidTargetPlatform
[2018.10.29-11.41.16:047][  0]LogTemp: Display: Loaded TP AndroidTargetPlatform
[2018.10.29-11.41.16:047][  0]LogTemp: Display: Loaded TP AndroidTargetPlatform
[2018.10.29-11.41.16:047][  0]LogTemp: Display: Loaded TP AndroidTargetPlatform
[2018.10.29-11.41.16:047][  0]LogTemp: Display: Loaded TP AndroidTargetPlatform
[2018.10.29-11.41.16:047][  0]LogTemp: Display: Loaded TP AndroidTargetPlatform
[2018.10.29-11.41.16:047][  0]LogTemp: Display: Loaded TP AndroidTargetPlatform
[2018.10.29-11.41.16:047][  0]LogTemp: Display: Loaded TP AndroidTargetPlatform
[2018.10.29-11.41.16:047][  0]LogTemp: Display: Loaded TP AndroidTargetPlatform
[2018.10.29-11.41.16:047][  0]LogTemp: Display: Loaded TP AndroidTargetPlatform
[2018.10.29-11.41.16:047][  0]LogTemp: Display: Loaded TP AndroidTargetPlatform
[2018.10.29-11.41.16:047][  0]LogTemp: Display: Loaded TP AndroidTargetPlatform
[2018.10.29-11.41.16:047][  0]LogTemp: Display: Loaded TP AndroidTargetPlatform
[2018.10.29-11.41.16:047][  0]LogTemp: Display: Loaded TP AndroidTargetPlatform
[2018.10.29-11.41.16:047][  0]LogTemp: Display: Loaded TP AndroidTargetPlatform
[2018.10.29-11.41.16:047][  0]LogTemp: Display: Loaded TP AndroidTargetPlatform
[2018.10.29-11.41.16:047][  0]LogTemp: Display: Loaded TP AndroidTargetPlatform
[2018.10.29-11.41.16:077][  0]LogTemp: Display: Loaded TP HTML5TargetPlatform
[2018.10.29-11.41.16:205][  0]LogTemp: Display: Loaded TP IOSTargetPlatform
[2018.10.29-11.41.16:205][  0]LogTemp: Display: Loaded TP IOSTargetPlatform
[2018.10.29-11.41.16:263][  0]LogTemp: Display: Loaded TP TVOSTargetPlatform
[2018.10.29-11.41.16:263][  0]LogTemp: Display: Loaded TP TVOSTargetPlatform
[2018.10.29-11.41.16:311][  0]LogTemp: Display: Loaded TP LinuxClientTargetPlatform
[2018.10.29-11.41.16:347][  0]LogTemp: Display: Loaded TP LinuxNoEditorTargetPlatform
[2018.10.29-11.41.16:372][  0]LogTemp: Display: Loaded TP LinuxServerTargetPlatform
[2018.10.29-11.41.16:436][  0]LogTemp: Display: Loaded TP LinuxTargetPlatform
[2018.10.29-11.41.16:478][  0]LogTemp: Display: Loaded TP LuminTargetPlatform
[2018.10.29-11.41.16:478][  0]LogTargetPlatformManager: Display: Building Assets For Windows
[2018.10.29-11.41.17:153][  0]LogXGEController: Cleaning working directory: C:/Users/Steven/AppData/Local/Temp/UnrealXGEWorkingDir/
[2018.10.29-11.41.17:164][  0]LogShaderCompilers: Display: Using XGE Shader Compiler (Interception Interface).
[2018.10.29-11.41.20:560][  0]LogDerivedDataCache: Display: Max Cache Size: 512 MB
[2018.10.29-11.41.20:900][  0]LogDerivedDataCache: Loaded boot cache 0.34s 71MB C:/Users/Steven/AppData/Local/UnrealEngine/4.20/DerivedDataCache/Boot.ddc.
[2018.10.29-11.41.20:900][  0]LogDerivedDataCache: Display: Loaded Boot cache: C:/Users/Steven/AppData/Local/UnrealEngine/4.20/DerivedDataCache/Boot.ddc
[2018.10.29-11.41.20:900][  0]LogDerivedDataCache: FDerivedDataBackendGraph:  Pak pak cache file ../../../../../../coded projects/KnifeThingy/DerivedDataCache/DDC.ddp not found, will not use a pak cache.
[2018.10.29-11.41.20:900][  0]LogDerivedDataCache: Unable to find inner node Pak for hierarchical cache Hierarchy.
[2018.10.29-11.41.20:900][  0]LogDerivedDataCache: FDerivedDataBackendGraph:  CompressedPak pak cache file ../../../../../../coded projects/KnifeThingy/DerivedDataCache/Compressed.ddp not found, will not use a pak cache.
[2018.10.29-11.41.20:900][  0]LogDerivedDataCache: Unable to find inner node CompressedPak for hierarchical cache Hierarchy.
[2018.10.29-11.41.20:982][  0]LogDerivedDataCache: Display: Pak cache opened for reading ../../../Engine/DerivedDataCache/Compressed.ddp.
[2018.10.29-11.41.20:994][  0]LogDerivedDataCache: Using Local data cache path C:/Users/Steven/AppData/Local/UnrealEngine/Common/DerivedDataCache: Writable
[2018.10.29-11.41.20:994][  0]LogDerivedDataCache: Shared data cache path not found in *engine.ini, will not use an Shared cache.
[2018.10.29-11.41.20:994][  0]LogDerivedDataCache: Unable to find inner node Shared for hierarchical cache Hierarchy.
[2018.10.29-11.41.21:036][  0]LogMaterial: Verifying Global Shaders for PCD3D_SM5
[2018.10.29-11.41.21:104][  0]LogSlate: Using FreeType 2.6.0
[2018.10.29-11.41.21:213][  0]LogSlate: SlateFontServices - WITH_FREETYPE: 1, WITH_HARFBUZZ: 1
[2018.10.29-11.41.22:331][  0]LogAssetRegistry: FAssetRegistry took 0.0380 seconds to start up
[2018.10.29-11.41.26:119][  0]LogInit: Selected Device Profile: [Windows]
[2018.10.29-11.41.30:729][  0]LogSimplygon: Simplygon DLL not present - disabling.
[2018.10.29-11.41.31:259][  0]LogMeshReduction: Using SimplygonSwarm for distributed automatic mesh merging
[2018.10.29-11.41.31:259][  0]LogMeshReduction: Using ProxyLODMeshReduction for automatic mesh merging
[2018.10.29-11.41.31:283][  0]LogMeshReduction: Using QuadricMeshReduction for automatic static mesh reduction
[2018.10.29-11.41.31:283][  0]LogMeshReduction: No automatic skeletal mesh reduction module available
[2018.10.29-11.41.32:093][  0]LogNetVersion: MyProject4 1.0.0, NetCL: 4212847, EngineNetVer: 5, GameNetVer: 0 (Checksum: 3245095822)
[2018.10.29-11.41.37:130][  0]LogPackageLocalizationCache: Processed 11 localized package path(s) for 2 prioritized culture(s) in 0.182604 seconds
[2018.10.29-11.41.37:165][  0]LogUObjectArray: 38425 objects as part of root set at end of initial load.
[2018.10.29-11.41.37:166][  0]LogUObjectAllocator: 6690864 out of 0 bytes used by permanent object pool.
[2018.10.29-11.41.37:166][  0]LogUObjectArray: CloseDisregardForGC: 0/0 objects in disregard for GC pool
[2018.10.29-11.41.53:621][  0]LogTcpMessaging: Initializing TcpMessaging bridge
[2018.10.29-11.41.53:651][  0]LogUdpMessaging: Initializing bridge on interface 0.0.0.0:0 to multicast group 230.0.0.1:6666.
[2018.10.29-11.41.54:695][  0]SourceControl: Source control is disabled
[2018.10.29-11.41.54:695][  0]SourceControl: Source control is disabled
[2018.10.29-11.41.54:739][  0]SourceControl: Source control is disabled
[2018.10.29-11.41.54:756][  0]SourceControl: Source control is disabled
[2018.10.29-11.41.55:491][  0]LogGameDNAinstaller: Display: gameDNA installer module started
[2018.10.29-11.41.56:862][  0]LogAndroidPermission: UAndroidPermissionCallbackProxy::GetInstance
[2018.10.29-11.41.57:265][  0]LogOcInput: OculusInput pre-init called
[2018.10.29-11.41.57:920][  0]LogEngine: Initializing Engine...
[2018.10.29-11.41.57:955][  0]LogHMD: Failed to initialize OpenVR with code 105
[2018.10.29-11.41.58:005][  0]LogStats: UGameplayTagsManager::ConstructGameplayTagTree: ImportINI prefixes -  0.007 s
[2018.10.29-11.41.58:005][  0]LogStats: UGameplayTagsManager::ConstructGameplayTagTree: Construct from data asset -  0.000 s
[2018.10.29-11.41.58:006][  0]LogStats: UGameplayTagsManager::ConstructGameplayTagTree: ImportINI -  0.000 s
[2018.10.29-11.41.58:006][  0]LogStats: UGameplayTagsManager::ConstructGameplayTagTree: GameplayTagTreeChangedEvent.Broadcast -  0.000 s
[2018.10.29-11.41.58:732][  0]LogInit: Initializing FReadOnlyCVARCache
[2018.10.29-11.41.59:075][  0]LogAIModule: Creating AISystem for world Untitled
[2018.10.29-11.41.59:271][  0]LogInit: XAudio2 using 'Speakers (Sennheiser Main Audio)' : 6 channels at 48 kHz using 16 bits per sample (channel mask 0x3f)
[2018.10.29-11.41.59:358][  0]LogInit: FAudioDevice initialized.
[2018.10.29-11.41.59:359][  0]LogNetVersion: Set ProjectVersion to 1.0.0.0. Version Checksum will be recalculated on next use.
[2018.10.29-11.41.59:450][  0]LogDerivedDataCache: Saved boot cache 0.09s 71MB C:/Users/Steven/AppData/Local/UnrealEngine/4.20/DerivedDataCache/Boot.ddc.
[2018.10.29-11.41.59:451][  0]LogInit: Texture streaming: Enabled
[2018.10.29-11.41.59:557][  0]LogEngineSessionManager: EngineSessionManager initialized
[2018.10.29-11.41.59:557][  0]LogEngineSessionManager: EngineSessionManager sent abnormal shutdown report. Type=AbnormalShutdown, SessionId={D857EE75-4A46-6D69-A832-CE877B9CFE78}
[2018.10.29-11.41.59:557][  0]LogEngineSessionManager: EngineSessionManager sent abnormal shutdown report. Type=AbnormalShutdown, SessionId={63867DFC-4DEB-A43E-0011-278EC2409AB1}
[2018.10.29-11.41.59:557][  0]LogEngineSessionManager: EngineSessionManager sent abnormal shutdown report. Type=AbnormalShutdown, SessionId={AEBC1D72-4FA7-0E27-FE8F-F7BE3033FC5C}
[2018.10.29-11.41.59:658][  0]LogInit: Transaction tracking system initialized
[2018.10.29-11.42.00:139][  0]BlueprintLog: New page: Editor Load
[2018.10.29-11.42.01:335][  0]LocalizationService: Localization service is disabled
[2018.10.29-11.42.06:472][  0]LogCook: Display: Max memory allowance for cook 16384mb min free memory 0mb
[2018.10.29-11.42.06:480][  0]LogCook: Display: Mobile HDR setting 0
[2018.10.29-11.42.06:524][  0]LogGameplayTags: Display: UGameplayTagsManager::DoneAddingNativeTags. DelegateIsBound: 0
[2018.10.29-11.42.06:524][  0]LogStats: UGameplayTagsManager::ConstructGameplayTagTree: ImportINI prefixes -  0.000 s
[2018.10.29-11.42.06:525][  0]LogStats: UGameplayTagsManager::ConstructGameplayTagTree: Construct from data asset -  0.000 s
[2018.10.29-11.42.06:525][  0]LogStats: UGameplayTagsManager::ConstructGameplayTagTree: ImportINI -  0.000 s
[2018.10.29-11.42.06:525][  0]LogStats: UGameplayTagsManager::ConstructGameplayTagTree: GameplayTagTreeChangedEvent.Broadcast -  0.000 s
[2018.10.29-11.42.08:557][  0]LogFileCache: Scanning file cache for directory 'L:/coded projects/KnifeThingy/Content/' took 0.52s
[2018.10.29-11.42.14:100][  0]SourceControl: Source control is disabled
[2018.10.29-11.42.14:852][  0]LogSlate: Took 0.070447 seconds to synchronously load lazily loaded font '../../../Engine/Content/Slate/Fonts/Roboto-Regular.ttf' (155K)
[2018.10.29-11.42.31:125][  0]LogSlate: Window 'Restore Packages' being destroyed
[2018.10.29-11.42.31:184][  0]LogWindowsTextInputMethodSystem: Display: IME system now deactivated.
[2018.10.29-11.42.31:184][  0]LogWindowsTextInputMethodSystem: Display: IME system now deactivated.
[2018.10.29-11.42.32:701][  0]LogSlate: Window 'Unable to Check Out From Source Control!' being destroyed
[2018.10.29-11.42.32:780][  0]LogWindowsTextInputMethodSystem: Display: IME system now deactivated.
[2018.10.29-11.42.32:780][  0]LogWindowsTextInputMethodSystem: Display: IME system now deactivated.
[2018.10.29-11.42.32:790][  0]Cmd: MAP LOAD FILE="../../../../../../coded projects/KnifeThingy/Content/MAIN.umap" TEMPLATE=0 SHOWPROGRESS=1 FEATURELEVEL=3
[2018.10.29-11.42.32:802][  0]LightingResults: New page: Lighting Build
[2018.10.29-11.42.32:888][  0]MapCheck: New page: Map Check
[2018.10.29-11.42.32:888][  0]LightingResults: New page: Lighting Build
[2018.10.29-11.42.36:504][  0]LogAIModule: Creating AISystem for world MAIN
[2018.10.29-11.42.36:581][  0]LogEditorServer: Finished looking for orphan Actors (0.000 secs)
[2018.10.29-11.42.36:729][  0]Cmd: MAP CHECKDEP NOCLEARLOG
[2018.10.29-11.42.36:851][  0]MapCheck: Map check complete: 0 Error(s), 0 Warning(s), took 121.11ms to complete.
[2018.10.29-11.42.36:851][  0]LogFileHelpers: Loading map 'MAIN' took 4.062
[2018.10.29-11.42.38:112][  0]LogSlate: Updating window title bar state: overlay mode, drag disabled, window buttons hidden, title bar hidden
[2018.10.29-11.42.38:126][  0]LogSlate: Updating window title bar state: overlay mode, drag disabled, window buttons hidden, title bar hidden
[2018.10.29-11.42.38:139][  0]LogSlate: Updating window title bar state: overlay mode, drag disabled, window buttons hidden, title bar hidden
[2018.10.29-11.42.38:152][  0]LogSlate: Updating window title bar state: overlay mode, drag disabled, window buttons hidden, title bar hidden
[2018.10.29-11.42.42:686][  0]LogTemp: Executing iPhonePackager certificates Engine -bundlename com.YourCompany.MyProject4
[2018.10.29-11.42.42:686][  0]LogTemp: CWD: L:\Program Files\Epic Games\UE_4.20\Engine\Binaries\DotNET\IOS
[2018.10.29-11.42.42:686][  0]LogTemp: Initial Dir: L:\Program Files\Epic Games\UE_4.20
[2018.10.29-11.42.42:686][  0]LogTemp: Env CWD: L:\Program Files\Epic Games\UE_4.20\Engine\Binaries\DotNET\IOS
[2018.10.29-11.42.42:687][  0]LogTemp: BranchPath = STEVEN-PC/L/Program Files/Epic Games/UE_4.20/Engine/Binaries --- GameBranchPath = STEVEN-PC/L/Program Files/Epic Games/UE_4.20/Engine/Binaries
[2018.10.29-11.42.42:687][  0]LogTemp: IPP ERROR: Could not find provision directory 'C:\Users\Steven\AppData\Local/Apple Computer/MobileDevice/Provisioning Profiles/'.
[2018.10.29-11.42.42:687][  0]LogSlate: Only BGRA pngs, bmps or icos are supported in by External Image Picker
[2018.10.29-11.42.43:383][  0]LogCollectionManager: Loaded 0 collections in 0.001840 seconds
[2018.10.29-11.42.43:759][  0]LogFileCache: Scanning file cache for directory 'L:/coded projects/KnifeThingy/Saved/Collections/' took 0.01s
[2018.10.29-11.42.43:759][  0]LogFileCache: Scanning file cache for directory 'L:/coded projects/KnifeThingy/Content/Developers/Steven/Collections/' took 0.01s
[2018.10.29-11.42.43:759][  0]LogFileCache: Scanning file cache for directory 'L:/coded projects/KnifeThingy/Content/Collections/' took 0.01s
[2018.10.29-11.42.43:759][  0]LogCollectionManager: Rebuilt the GUID cache for 0 collections in 0.000001 seconds
[2018.10.29-11.42.43:784][  0]LogContentBrowser: Native class hierarchy populated in 0.0220 seconds. Added 2577 classes and 611 folders.
[2018.10.29-11.42.43:993][  0]LogContentBrowser: Native class hierarchy updated for 'WidgetCarousel' in 0.0003 seconds. Added 0 classes and 0 folders.
[2018.10.29-11.42.45:429][  0]LogContentBrowser: Native class hierarchy updated for 'AddContentDialog' in 0.0003 seconds. Added 0 classes and 0 folders.
[2018.10.29-11.42.45:484][  0]LogDirectoryWatcher: Warning: Failed to begin reading directory changes for ../../../../../../coded projects/KnifeThingy/Plugins/. Error: The system cannot find the file specified. (0x00000002)
[2018.10.29-11.42.45:587][  0]LogSlate: Took 0.030870 seconds to synchronously load lazily loaded font '../../../Engine/Content/Slate/Fonts/Roboto-Bold.ttf' (160K)
[2018.10.29-11.42.47:258][  0]LogRenderer: Reallocating scene render targets to support 1616x1284 Format 10 NumSamples 1 (Frame:1).
[2018.10.29-11.42.52:106][  0]LogContentBrowser: Native class hierarchy updated for 'HierarchicalLODOutliner' in 0.0003 seconds. Added 0 classes and 0 folders.
[2018.10.29-11.42.52:106][  0]LogLoad: (Engine Initialization) Total time: 128.45 seconds
[2018.10.29-11.42.52:106][  0]LogLoad: (Engine Initialization) Total Blueprint compile time: 0.00 seconds
[2018.10.29-11.42.55:585][  0]LogContentStreaming: Texture pool size now 1000 MB
[2018.10.29-11.42.57:041][  1]LogFileCache: Retrieving MD5 hashes for directory 'L:/coded projects/KnifeThingy/Content/' took 3.56s
[2018.10.29-11.42.58:105][  2]LogSlate: FSceneViewport::OnFocusLost() reason 2
[2018.10.29-11.42.58:291][  2]LogSlate: Took 0.099755 seconds to synchronously load lazily loaded font '../../../Engine/Content/Slate/Fonts/Roboto-Light.ttf' (167K)
[2018.10.29-11.42.59:063][ 11]LogAssetRegistry: Asset discovery search completed in 96.7617 seconds
[2018.10.29-11.42.59:123][ 11]LogCollectionManager: Rebuilt the object cache for 0 collections in 0.000000 seconds (found 0 objects)
[2018.10.29-11.42.59:123][ 11]LogCollectionManager: Fixed up redirectors for 0 collections in 0.056505 seconds (updated 0 objects)
[2018.10.29-12.06.18:785][ 92]LogD3D11RHI: Timed out while waiting for GPU to catch up. (500 ms)
[2018.10.30-00.04.23:534][ 89]LogD3D11RHI: Timed out while waiting for GPU to catch up. (500 ms)
[2018.10.30-00.08.16:002][780]LogD3D11RHI: Timed out while waiting for GPU to catch up. (500 ms)
